\BOOKMARK [0][-]{chapter.1}{\376\377\0001\000\040\000N\000a\000m\000e\000s\000p\000a\000c\000e\000\040\000I\000n\000d\000e\000x}{}% 1
\BOOKMARK [1][-]{section.1.1}{\376\377\0001\000.\0001\000\040\000N\000a\000m\000e\000s\000p\000a\000c\000e\000\040\000L\000i\000s\000t}{chapter.1}% 2
\BOOKMARK [0][-]{chapter.2}{\376\377\0002\000\040\000H\000i\000e\000r\000a\000r\000c\000h\000i\000c\000a\000l\000\040\000I\000n\000d\000e\000x}{}% 3
\BOOKMARK [1][-]{section.2.1}{\376\377\0002\000.\0001\000\040\000C\000l\000a\000s\000s\000\040\000H\000i\000e\000r\000a\000r\000c\000h\000y}{chapter.2}% 4
\BOOKMARK [0][-]{chapter.3}{\376\377\0003\000\040\000D\000a\000t\000a\000\040\000S\000t\000r\000u\000c\000t\000u\000r\000e\000\040\000I\000n\000d\000e\000x}{}% 5
\BOOKMARK [1][-]{section.3.1}{\376\377\0003\000.\0001\000\040\000D\000a\000t\000a\000\040\000S\000t\000r\000u\000c\000t\000u\000r\000e\000s}{chapter.3}% 6
\BOOKMARK [0][-]{chapter.4}{\376\377\0004\000\040\000F\000i\000l\000e\000\040\000I\000n\000d\000e\000x}{}% 7
\BOOKMARK [1][-]{section.4.1}{\376\377\0004\000.\0001\000\040\000F\000i\000l\000e\000\040\000L\000i\000s\000t}{chapter.4}% 8
\BOOKMARK [0][-]{chapter.5}{\376\377\0005\000\040\000N\000a\000m\000e\000s\000p\000a\000c\000e\000\040\000D\000o\000c\000u\000m\000e\000n\000t\000a\000t\000i\000o\000n}{}% 9
\BOOKMARK [1][-]{section.5.1}{\376\377\0005\000.\0001\000\040\000H\000a\000s\000h\000\040\000N\000a\000m\000e\000s\000p\000a\000c\000e\000\040\000R\000e\000f\000e\000r\000e\000n\000c\000e}{chapter.5}% 10
\BOOKMARK [2][-]{subsection.5.1.1}{\376\377\0005\000.\0001\000.\0001\000\040\000D\000e\000t\000a\000i\000l\000e\000d\000\040\000D\000e\000s\000c\000r\000i\000p\000t\000i\000o\000n}{section.5.1}% 11
\BOOKMARK [2][-]{subsection.5.1.2}{\376\377\0005\000.\0001\000.\0002\000\040\000F\000u\000n\000c\000t\000i\000o\000n\000\040\000D\000o\000c\000u\000m\000e\000n\000t\000a\000t\000i\000o\000n}{section.5.1}% 12
\BOOKMARK [3][-]{subsubsection.5.1.2.1}{\376\377\0005\000.\0001\000.\0002\000.\0001\000\040\000g\000e\000n\000e\000r\000a\000t\000e\000P\000o\000s\000K\000e\000y\000\050\000\051}{subsection.5.1.2}% 13
\BOOKMARK [3][-]{subsubsection.5.1.2.2}{\376\377\0005\000.\0001\000.\0002\000.\0002\000\040\000h\000a\000s\000h\000C\000a\000\050\000\051}{subsection.5.1.2}% 14
\BOOKMARK [3][-]{subsubsection.5.1.2.3}{\376\377\0005\000.\0001\000.\0002\000.\0003\000\040\000h\000a\000s\000h\000E\000P\000\050\000\051}{subsection.5.1.2}% 15
\BOOKMARK [3][-]{subsubsection.5.1.2.4}{\376\377\0005\000.\0001\000.\0002\000.\0004\000\040\000h\000a\000s\000h\000P\000c\000e\000\050\000\051}{subsection.5.1.2}% 16
\BOOKMARK [3][-]{subsubsection.5.1.2.5}{\376\377\0005\000.\0001\000.\0002\000.\0005\000\040\000h\000a\000s\000h\000S\000i\000d\000e\000\050\000\051}{subsection.5.1.2}% 17
\BOOKMARK [1][-]{section.5.2}{\376\377\0005\000.\0002\000\040\000I\000n\000i\000t\000\040\000N\000a\000m\000e\000s\000p\000a\000c\000e\000\040\000R\000e\000f\000e\000r\000e\000n\000c\000e}{chapter.5}% 18
\BOOKMARK [2][-]{subsection.5.2.1}{\376\377\0005\000.\0002\000.\0001\000\040\000D\000e\000t\000a\000i\000l\000e\000d\000\040\000D\000e\000s\000c\000r\000i\000p\000t\000i\000o\000n}{section.5.2}% 19
\BOOKMARK [2][-]{subsection.5.2.2}{\376\377\0005\000.\0002\000.\0002\000\040\000F\000u\000n\000c\000t\000i\000o\000n\000\040\000D\000o\000c\000u\000m\000e\000n\000t\000a\000t\000i\000o\000n}{section.5.2}% 20
\BOOKMARK [3][-]{subsubsection.5.2.2.1}{\376\377\0005\000.\0002\000.\0002\000.\0001\000\040\000i\000n\000i\000t\000A\000l\000l\000\050\000\051}{subsection.5.2.2}% 21
\BOOKMARK [3][-]{subsubsection.5.2.2.2}{\376\377\0005\000.\0002\000.\0002\000.\0002\000\040\000i\000n\000i\000t\000B\000i\000t\000M\000a\000s\000k\000s\000\050\000\051}{subsection.5.2.2}% 22
\BOOKMARK [3][-]{subsubsection.5.2.2.3}{\376\377\0005\000.\0002\000.\0002\000.\0003\000\040\000i\000n\000i\000t\000E\000v\000a\000l\000M\000a\000s\000k\000s\000\050\000\051}{subsection.5.2.2}% 23
\BOOKMARK [3][-]{subsubsection.5.2.2.4}{\376\377\0005\000.\0002\000.\0002\000.\0004\000\040\000i\000n\000i\000t\000F\000i\000l\000e\000R\000a\000n\000k\000B\000r\000d\000\050\000\051}{subsection.5.2.2}% 24
\BOOKMARK [3][-]{subsubsection.5.2.2.5}{\376\377\0005\000.\0002\000.\0002\000.\0005\000\040\000i\000n\000i\000t\000H\000a\000s\000h\000K\000e\000y\000s\000\050\000\051}{subsection.5.2.2}% 25
\BOOKMARK [3][-]{subsubsection.5.2.2.6}{\376\377\0005\000.\0002\000.\0002\000.\0006\000\040\000i\000n\000i\000t\000M\000v\000v\000L\000v\000a\000\050\000\051}{subsection.5.2.2}% 26
\BOOKMARK [3][-]{subsubsection.5.2.2.7}{\376\377\0005\000.\0002\000.\0002\000.\0007\000\040\000i\000n\000i\000t\000S\000q\0001\0002\0000\000T\000o\000S\000q\0006\0004\000\050\000\051}{subsection.5.2.2}% 27
\BOOKMARK [1][-]{section.5.3}{\376\377\0005\000.\0003\000\040\000I\000O\000\040\000N\000a\000m\000e\000s\000p\000a\000c\000e\000\040\000R\000e\000f\000e\000r\000e\000n\000c\000e}{chapter.5}% 28
\BOOKMARK [2][-]{subsection.5.3.1}{\376\377\0005\000.\0003\000.\0001\000\040\000D\000e\000t\000a\000i\000l\000e\000d\000\040\000D\000e\000s\000c\000r\000i\000p\000t\000i\000o\000n}{section.5.3}% 29
\BOOKMARK [2][-]{subsection.5.3.2}{\376\377\0005\000.\0003\000.\0002\000\040\000F\000u\000n\000c\000t\000i\000o\000n\000\040\000D\000o\000c\000u\000m\000e\000n\000t\000a\000t\000i\000o\000n}{section.5.3}% 30
\BOOKMARK [3][-]{subsubsection.5.3.2.1}{\376\377\0005\000.\0003\000.\0002\000.\0001\000\040\000p\000a\000r\000s\000e\000M\000o\000v\000e\000\050\000\051}{subsection.5.3.2}% 31
\BOOKMARK [3][-]{subsubsection.5.3.2.2}{\376\377\0005\000.\0003\000.\0002\000.\0002\000\040\000p\000r\000i\000n\000t\000B\000e\000s\000t\000M\000o\000v\000e\000\050\000\051}{subsection.5.3.2}% 32
\BOOKMARK [3][-]{subsubsection.5.3.2.3}{\376\377\0005\000.\0003\000.\0002\000.\0003\000\040\000p\000r\000i\000n\000t\000B\000i\000t\000B\000o\000a\000r\000d\000\050\000\051}{subsection.5.3.2}% 33
\BOOKMARK [3][-]{subsubsection.5.3.2.4}{\376\377\0005\000.\0003\000.\0002\000.\0004\000\040\000p\000r\000i\000n\000t\000B\000o\000a\000r\000d\000\050\000\051}{subsection.5.3.2}% 34
\BOOKMARK [3][-]{subsubsection.5.3.2.5}{\376\377\0005\000.\0003\000.\0002\000.\0005\000\040\000p\000r\000i\000n\000t\000M\000o\000v\000e\000L\000i\000s\000t\000\050\000\051}{subsection.5.3.2}% 35
\BOOKMARK [3][-]{subsubsection.5.3.2.6}{\376\377\0005\000.\0003\000.\0002\000.\0006\000\040\000p\000r\000i\000n\000t\000S\000e\000a\000r\000c\000h\000D\000e\000t\000a\000i\000l\000s\000\050\000\051}{subsection.5.3.2}% 36
\BOOKMARK [2][-]{subsection.5.3.3}{\376\377\0005\000.\0003\000.\0003\000\040\000V\000a\000r\000i\000a\000b\000l\000e\000\040\000D\000o\000c\000u\000m\000e\000n\000t\000a\000t\000i\000o\000n}{section.5.3}% 37
\BOOKMARK [3][-]{subsubsection.5.3.3.1}{\376\377\0005\000.\0003\000.\0003\000.\0001\000\040\000e\000p\000s\000t\000r}{subsection.5.3.3}% 38
\BOOKMARK [3][-]{subsubsection.5.3.3.2}{\376\377\0005\000.\0003\000.\0003\000.\0002\000\040\000F\000i\000l\000e\000C\000h\000a\000r}{subsection.5.3.3}% 39
\BOOKMARK [3][-]{subsubsection.5.3.3.3}{\376\377\0005\000.\0003\000.\0003\000.\0003\000\040\000P\000c\000e\000C\000h\000a\000r}{subsection.5.3.3}% 40
\BOOKMARK [3][-]{subsubsection.5.3.3.4}{\376\377\0005\000.\0003\000.\0003\000.\0004\000\040\000R\000a\000n\000k\000C\000h\000a\000r}{subsection.5.3.3}% 41
\BOOKMARK [3][-]{subsubsection.5.3.3.5}{\376\377\0005\000.\0003\000.\0003\000.\0005\000\040\000S\000i\000d\000e\000C\000h\000a\000r}{subsection.5.3.3}% 42
\BOOKMARK [1][-]{section.5.4}{\376\377\0005\000.\0004\000\040\000M\000o\000v\000e\000F\000l\000a\000g\000s\000\040\000N\000a\000m\000e\000s\000p\000a\000c\000e\000\040\000R\000e\000f\000e\000r\000e\000n\000c\000e}{chapter.5}% 43
\BOOKMARK [2][-]{subsection.5.4.1}{\376\377\0005\000.\0004\000.\0001\000\040\000D\000e\000t\000a\000i\000l\000e\000d\000\040\000D\000e\000s\000c\000r\000i\000p\000t\000i\000o\000n}{section.5.4}% 44
\BOOKMARK [1][-]{section.5.5}{\376\377\0005\000.\0005\000\040\000M\000v\000v\000L\000v\000a\000\040\000N\000a\000m\000e\000s\000p\000a\000c\000e\000\040\000R\000e\000f\000e\000r\000e\000n\000c\000e}{chapter.5}% 45
\BOOKMARK [2][-]{subsection.5.5.1}{\376\377\0005\000.\0005\000.\0001\000\040\000D\000e\000t\000a\000i\000l\000e\000d\000\040\000D\000e\000s\000c\000r\000i\000p\000t\000i\000o\000n}{section.5.5}% 46
\BOOKMARK [1][-]{section.5.6}{\376\377\0005\000.\0006\000\040\000P\000o\000l\000y\000K\000e\000y\000s\000\040\000N\000a\000m\000e\000s\000p\000a\000c\000e\000\040\000R\000e\000f\000e\000r\000e\000n\000c\000e}{chapter.5}% 47
\BOOKMARK [2][-]{subsection.5.6.1}{\376\377\0005\000.\0006\000.\0001\000\040\000D\000e\000t\000a\000i\000l\000e\000d\000\040\000D\000e\000s\000c\000r\000i\000p\000t\000i\000o\000n}{section.5.6}% 48
\BOOKMARK [1][-]{section.5.7}{\376\377\0005\000.\0007\000\040\000V\000a\000l\000u\000e\000\040\000N\000a\000m\000e\000s\000p\000a\000c\000e\000\040\000R\000e\000f\000e\000r\000e\000n\000c\000e}{chapter.5}% 49
\BOOKMARK [2][-]{subsection.5.7.1}{\376\377\0005\000.\0007\000.\0001\000\040\000D\000e\000t\000a\000i\000l\000e\000d\000\040\000D\000e\000s\000c\000r\000i\000p\000t\000i\000o\000n}{section.5.7}% 50
\BOOKMARK [2][-]{subsection.5.7.2}{\376\377\0005\000.\0007\000.\0002\000\040\000V\000a\000r\000i\000a\000b\000l\000e\000\040\000D\000o\000c\000u\000m\000e\000n\000t\000a\000t\000i\000o\000n}{section.5.7}% 51
\BOOKMARK [3][-]{subsubsection.5.7.2.1}{\376\377\0005\000.\0007\000.\0002\000.\0001\000\040\000B\000i\000s\000h\000o\000p\000T\000a\000b\000l\000e}{subsection.5.7.2}% 52
\BOOKMARK [3][-]{subsubsection.5.7.2.2}{\376\377\0005\000.\0007\000.\0002\000.\0002\000\040\000K\000i\000n\000g\000E\000n\000d\000G\000a\000m\000e}{subsection.5.7.2}% 53
\BOOKMARK [3][-]{subsubsection.5.7.2.3}{\376\377\0005\000.\0007\000.\0002\000.\0003\000\040\000K\000i\000n\000g\000O\000p\000e\000n\000i\000n\000g}{subsection.5.7.2}% 54
\BOOKMARK [3][-]{subsubsection.5.7.2.4}{\376\377\0005\000.\0007\000.\0002\000.\0004\000\040\000K\000n\000i\000g\000h\000t\000T\000a\000b\000l\000e}{subsection.5.7.2}% 55
\BOOKMARK [3][-]{subsubsection.5.7.2.5}{\376\377\0005\000.\0007\000.\0002\000.\0005\000\040\000P\000a\000w\000n\000T\000a\000b\000l\000e}{subsection.5.7.2}% 56
\BOOKMARK [3][-]{subsubsection.5.7.2.6}{\376\377\0005\000.\0007\000.\0002\000.\0006\000\040\000R\000o\000o\000k\000T\000a\000b\000l\000e}{subsection.5.7.2}% 57
\BOOKMARK [0][-]{chapter.6}{\376\377\0006\000\040\000D\000a\000t\000a\000\040\000S\000t\000r\000u\000c\000t\000u\000r\000e\000\040\000D\000o\000c\000u\000m\000e\000n\000t\000a\000t\000i\000o\000n}{}% 58
\BOOKMARK [1][-]{section.6.1}{\376\377\0006\000.\0001\000\040\000B\000o\000a\000r\000d\000\040\000C\000l\000a\000s\000s\000\040\000R\000e\000f\000e\000r\000e\000n\000c\000e}{chapter.6}% 59
\BOOKMARK [2][-]{subsection.6.1.1}{\376\377\0006\000.\0001\000.\0001\000\040\000D\000e\000t\000a\000i\000l\000e\000d\000\040\000D\000e\000s\000c\000r\000i\000p\000t\000i\000o\000n}{section.6.1}% 60
\BOOKMARK [2][-]{subsection.6.1.2}{\376\377\0006\000.\0001\000.\0002\000\040\000M\000e\000m\000b\000e\000r\000\040\000F\000u\000n\000c\000t\000i\000o\000n\000\040\000D\000o\000c\000u\000m\000e\000n\000t\000a\000t\000i\000o\000n}{section.6.1}% 61
\BOOKMARK [3][-]{subsubsection.6.1.2.1}{\376\377\0006\000.\0001\000.\0002\000.\0001\000\040\000f\000l\000i\000p\000B\000o\000a\000r\000d\000\050\000\051}{subsection.6.1.2}% 62
\BOOKMARK [3][-]{subsubsection.6.1.2.2}{\376\377\0006\000.\0001\000.\0002\000.\0002\000\040\000g\000e\000t\000A\000l\000l\000C\000a\000p\000t\000u\000r\000e\000M\000o\000v\000e\000s\000\050\000\051}{subsection.6.1.2}% 63
\BOOKMARK [3][-]{subsubsection.6.1.2.3}{\376\377\0006\000.\0001\000.\0002\000.\0003\000\040\000g\000e\000t\000A\000l\000l\000M\000o\000v\000e\000s\000\050\000\051}{subsection.6.1.2}% 64
\BOOKMARK [3][-]{subsubsection.6.1.2.4}{\376\377\0006\000.\0001\000.\0002\000.\0004\000\040\000g\000e\000t\000E\000n\000P\000a\000s\000s\000a\000n\000t\000\050\000\051}{subsection.6.1.2}% 65
\BOOKMARK [3][-]{subsubsection.6.1.2.5}{\376\377\0006\000.\0001\000.\0002\000.\0005\000\040\000i\000n\000C\000h\000e\000c\000k\000\050\000\051}{subsection.6.1.2}% 66
\BOOKMARK [3][-]{subsubsection.6.1.2.6}{\376\377\0006\000.\0001\000.\0002\000.\0006\000\040\000p\000a\000r\000s\000e\000F\000E\000N\000\050\000\051}{subsection.6.1.2}% 67
\BOOKMARK [3][-]{subsubsection.6.1.2.7}{\376\377\0006\000.\0001\000.\0002\000.\0007\000\040\000r\000e\000s\000e\000t\000B\000o\000a\000r\000d\000\050\000\051}{subsection.6.1.2}% 68
\BOOKMARK [3][-]{subsubsection.6.1.2.8}{\376\377\0006\000.\0001\000.\0002\000.\0008\000\040\000s\000e\000t\000U\000p\000C\000a\000s\000t\000l\000e\000P\000e\000r\000m\000\050\000\051}{subsection.6.1.2}% 69
\BOOKMARK [3][-]{subsubsection.6.1.2.9}{\376\377\0006\000.\0001\000.\0002\000.\0009\000\040\000s\000e\000t\000U\000p\000M\000o\000v\000e\000C\000o\000u\000n\000t\000e\000r\000s\000\050\000\051}{subsection.6.1.2}% 70
\BOOKMARK [3][-]{subsubsection.6.1.2.10}{\376\377\0006\000.\0001\000.\0002\000.\0001\0000\000\040\000s\000e\000t\000U\000p\000P\000i\000e\000c\000e\000s\000\050\000\051}{subsection.6.1.2}% 71
\BOOKMARK [3][-]{subsubsection.6.1.2.11}{\376\377\0006\000.\0001\000.\0002\000.\0001\0001\000\040\000s\000q\000A\000t\000t\000a\000c\000k\000e\000d\000\050\000\051}{subsection.6.1.2}% 72
\BOOKMARK [3][-]{subsubsection.6.1.2.12}{\376\377\0006\000.\0001\000.\0002\000.\0001\0002\000\040\000u\000p\000d\000a\000t\000e\000P\000i\000e\000c\000e\000L\000i\000s\000t\000s\000\050\000\051}{subsection.6.1.2}% 73
\BOOKMARK [1][-]{section.6.2}{\376\377\0006\000.\0002\000\040\000C\000o\000n\000s\000o\000l\000e\000M\000a\000n\000a\000g\000e\000r\000\040\000C\000l\000a\000s\000s\000\040\000R\000e\000f\000e\000r\000e\000n\000c\000e}{chapter.6}% 74
\BOOKMARK [2][-]{subsection.6.2.1}{\376\377\0006\000.\0002\000.\0001\000\040\000D\000e\000t\000a\000i\000l\000e\000d\000\040\000D\000e\000s\000c\000r\000i\000p\000t\000i\000o\000n}{section.6.2}% 75
\BOOKMARK [2][-]{subsection.6.2.2}{\376\377\0006\000.\0002\000.\0002\000\040\000M\000e\000m\000b\000e\000r\000\040\000F\000u\000n\000c\000t\000i\000o\000n\000\040\000D\000o\000c\000u\000m\000e\000n\000t\000a\000t\000i\000o\000n}{section.6.2}% 76
\BOOKMARK [3][-]{subsubsection.6.2.2.1}{\376\377\0006\000.\0002\000.\0002\000.\0001\000\040\000g\000e\000t\000P\000r\000o\000t\000o\000c\000o\000l\000\050\000\051}{subsection.6.2.2}% 77
\BOOKMARK [3][-]{subsubsection.6.2.2.2}{\376\377\0006\000.\0002\000.\0002\000.\0002\000\040\000l\000o\000o\000p\000\050\000\051}{subsection.6.2.2}% 78
\BOOKMARK [1][-]{section.6.3}{\376\377\0006\000.\0003\000\040\000E\000n\000g\000i\000n\000e\000\040\000C\000l\000a\000s\000s\000\040\000R\000e\000f\000e\000r\000e\000n\000c\000e}{chapter.6}% 79
\BOOKMARK [2][-]{subsection.6.3.1}{\376\377\0006\000.\0003\000.\0001\000\040\000D\000e\000t\000a\000i\000l\000e\000d\000\040\000D\000e\000s\000c\000r\000i\000p\000t\000i\000o\000n}{section.6.3}% 80
\BOOKMARK [2][-]{subsection.6.3.2}{\376\377\0006\000.\0003\000.\0002\000\040\000M\000e\000m\000b\000e\000r\000\040\000F\000u\000n\000c\000t\000i\000o\000n\000\040\000D\000o\000c\000u\000m\000e\000n\000t\000a\000t\000i\000o\000n}{section.6.3}% 81
\BOOKMARK [3][-]{subsubsection.6.3.2.1}{\376\377\0006\000.\0003\000.\0002\000.\0001\000\040\000g\000e\000t\000B\000o\000o\000k\000\050\000\051}{subsection.6.3.2}% 82
\BOOKMARK [3][-]{subsubsection.6.3.2.2}{\376\377\0006\000.\0003\000.\0002\000.\0002\000\040\000g\000e\000t\000C\000o\000n\000f\000i\000g\000\050\000\051}{subsection.6.3.2}% 83
\BOOKMARK [3][-]{subsubsection.6.3.2.3}{\376\377\0006\000.\0003\000.\0002\000.\0003\000\040\000g\000e\000t\000I\000n\000s\000t\000a\000n\000c\000e\000\050\000\051}{subsection.6.3.2}% 84
\BOOKMARK [1][-]{section.6.4}{\376\377\0006\000.\0004\000\040\000E\000n\000g\000i\000n\000e\000C\000o\000n\000f\000i\000g\000\040\000S\000t\000r\000u\000c\000t\000\040\000R\000e\000f\000e\000r\000e\000n\000c\000e}{chapter.6}% 85
\BOOKMARK [2][-]{subsection.6.4.1}{\376\377\0006\000.\0004\000.\0001\000\040\000D\000e\000t\000a\000i\000l\000e\000d\000\040\000D\000e\000s\000c\000r\000i\000p\000t\000i\000o\000n}{section.6.4}% 86
\BOOKMARK [1][-]{section.6.5}{\376\377\0006\000.\0005\000\040\000E\000v\000a\000l\000u\000a\000t\000o\000r\000\040\000C\000l\000a\000s\000s\000\040\000R\000e\000f\000e\000r\000e\000n\000c\000e}{chapter.6}% 87
\BOOKMARK [2][-]{subsection.6.5.1}{\376\377\0006\000.\0005\000.\0001\000\040\000D\000e\000t\000a\000i\000l\000e\000d\000\040\000D\000e\000s\000c\000r\000i\000p\000t\000i\000o\000n}{section.6.5}% 88
\BOOKMARK [2][-]{subsection.6.5.2}{\376\377\0006\000.\0005\000.\0002\000\040\000M\000e\000m\000b\000e\000r\000\040\000F\000u\000n\000c\000t\000i\000o\000n\000\040\000D\000o\000c\000u\000m\000e\000n\000t\000a\000t\000i\000o\000n}{section.6.5}% 89
\BOOKMARK [3][-]{subsubsection.6.5.2.1}{\376\377\0006\000.\0005\000.\0002\000.\0001\000\040\000d\000r\000a\000w\000n\000M\000a\000t\000e\000r\000i\000a\000l\000\050\000\051}{subsection.6.5.2}% 90
\BOOKMARK [3][-]{subsubsection.6.5.2.2}{\376\377\0006\000.\0005\000.\0002\000.\0002\000\040\000e\000v\000a\000l\000B\000i\000s\000h\000o\000p\000s\000\050\000\051}{subsection.6.5.2}% 91
\BOOKMARK [3][-]{subsubsection.6.5.2.3}{\376\377\0006\000.\0005\000.\0002\000.\0003\000\040\000e\000v\000a\000l\000K\000i\000n\000g\000s\000\050\000\051}{subsection.6.5.2}% 92
\BOOKMARK [3][-]{subsubsection.6.5.2.4}{\376\377\0006\000.\0005\000.\0002\000.\0004\000\040\000e\000v\000a\000l\000K\000n\000i\000g\000h\000t\000s\000\050\000\051}{subsection.6.5.2}% 93
\BOOKMARK [3][-]{subsubsection.6.5.2.5}{\376\377\0006\000.\0005\000.\0002\000.\0005\000\040\000e\000v\000a\000l\000P\000a\000w\000n\000s\000\050\000\051}{subsection.6.5.2}% 94
\BOOKMARK [3][-]{subsubsection.6.5.2.6}{\376\377\0006\000.\0005\000.\0002\000.\0006\000\040\000e\000v\000a\000l\000Q\000u\000e\000e\000n\000s\000\050\000\051}{subsection.6.5.2}% 95
\BOOKMARK [3][-]{subsubsection.6.5.2.7}{\376\377\0006\000.\0005\000.\0002\000.\0007\000\040\000e\000v\000a\000l\000R\000o\000o\000k\000s\000\050\000\051}{subsection.6.5.2}% 96
\BOOKMARK [3][-]{subsubsection.6.5.2.8}{\376\377\0006\000.\0005\000.\0002\000.\0008\000\040\000e\000v\000a\000l\000u\000a\000t\000e\000P\000o\000s\000i\000t\000i\000o\000n\000\050\000\051}{subsection.6.5.2}% 97
\BOOKMARK [1][-]{section.6.6}{\376\377\0006\000.\0006\000\040\000M\000M\000\040\000C\000l\000a\000s\000s\000\040\000R\000e\000f\000e\000r\000e\000n\000c\000e}{chapter.6}% 98
\BOOKMARK [2][-]{subsection.6.6.1}{\376\377\0006\000.\0006\000.\0001\000\040\000D\000e\000t\000a\000i\000l\000e\000d\000\040\000D\000e\000s\000c\000r\000i\000p\000t\000i\000o\000n}{section.6.6}% 99
\BOOKMARK [2][-]{subsection.6.6.2}{\376\377\0006\000.\0006\000.\0002\000\040\000M\000e\000m\000b\000e\000r\000\040\000F\000u\000n\000c\000t\000i\000o\000n\000\040\000D\000o\000c\000u\000m\000e\000n\000t\000a\000t\000i\000o\000n}{section.6.6}% 100
\BOOKMARK [3][-]{subsubsection.6.6.2.1}{\376\377\0006\000.\0006\000.\0002\000.\0001\000\040\000a\000d\000d\000P\000i\000e\000c\000e\000\050\000\051}{subsection.6.6.2}% 101
\BOOKMARK [3][-]{subsubsection.6.6.2.2}{\376\377\0006\000.\0006\000.\0002\000.\0002\000\040\000c\000l\000e\000a\000r\000P\000i\000e\000c\000e\000\050\000\051}{subsection.6.6.2}% 102
\BOOKMARK [3][-]{subsubsection.6.6.2.3}{\376\377\0006\000.\0006\000.\0002\000.\0003\000\040\000m\000a\000k\000e\000M\000o\000v\000e\000\050\000\051}{subsection.6.6.2}% 103
\BOOKMARK [3][-]{subsubsection.6.6.2.4}{\376\377\0006\000.\0006\000.\0002\000.\0004\000\040\000m\000a\000k\000e\000N\000u\000l\000l\000M\000o\000v\000e\000\050\000\051}{subsection.6.6.2}% 104
\BOOKMARK [3][-]{subsubsection.6.6.2.5}{\376\377\0006\000.\0006\000.\0002\000.\0005\000\040\000m\000o\000v\000e\000P\000i\000e\000c\000e\000\050\000\051}{subsection.6.6.2}% 105
\BOOKMARK [3][-]{subsubsection.6.6.2.6}{\376\377\0006\000.\0006\000.\0002\000.\0006\000\040\000t\000a\000k\000e\000M\000o\000v\000e\000\050\000\051}{subsection.6.6.2}% 106
\BOOKMARK [3][-]{subsubsection.6.6.2.7}{\376\377\0006\000.\0006\000.\0002\000.\0007\000\040\000t\000a\000k\000e\000N\000u\000l\000l\000M\000o\000v\000e\000\050\000\051}{subsection.6.6.2}% 107
\BOOKMARK [1][-]{section.6.7}{\376\377\0006\000.\0007\000\040\000M\000o\000v\000e\000\040\000C\000l\000a\000s\000s\000\040\000R\000e\000f\000e\000r\000e\000n\000c\000e}{chapter.6}% 108
\BOOKMARK [2][-]{subsection.6.7.1}{\376\377\0006\000.\0007\000.\0001\000\040\000D\000e\000t\000a\000i\000l\000e\000d\000\040\000D\000e\000s\000c\000r\000i\000p\000t\000i\000o\000n}{section.6.7}% 109
\BOOKMARK [2][-]{subsection.6.7.2}{\376\377\0006\000.\0007\000.\0002\000\040\000M\000e\000m\000b\000e\000r\000\040\000F\000u\000n\000c\000t\000i\000o\000n\000\040\000D\000o\000c\000u\000m\000e\000n\000t\000a\000t\000i\000o\000n}{section.6.7}% 110
\BOOKMARK [3][-]{subsubsection.6.7.2.1}{\376\377\0006\000.\0007\000.\0002\000.\0001\000\040\000c\000a\000p\000t\000u\000r\000e\000d\000\050\000\051}{subsection.6.7.2}% 111
\BOOKMARK [3][-]{subsubsection.6.7.2.2}{\376\377\0006\000.\0007\000.\0002\000.\0002\000\040\000c\000a\000s\000t\000l\000e\000\050\000\051}{subsection.6.7.2}% 112
\BOOKMARK [3][-]{subsubsection.6.7.2.3}{\376\377\0006\000.\0007\000.\0002\000.\0003\000\040\000e\000n\000P\000a\000s\000s\000a\000n\000t\000\050\000\051}{subsection.6.7.2}% 113
\BOOKMARK [3][-]{subsubsection.6.7.2.4}{\376\377\0006\000.\0007\000.\0002\000.\0004\000\040\000f\000r\000o\000m\000\050\000\051}{subsection.6.7.2}% 114
\BOOKMARK [3][-]{subsubsection.6.7.2.5}{\376\377\0006\000.\0007\000.\0002\000.\0005\000\040\000i\000s\000N\000u\000l\000l\000\050\000\051}{subsection.6.7.2}% 115
\BOOKMARK [3][-]{subsubsection.6.7.2.6}{\376\377\0006\000.\0007\000.\0002\000.\0006\000\040\000p\000a\000w\000n\000S\000t\000a\000r\000t\000\050\000\051}{subsection.6.7.2}% 116
\BOOKMARK [3][-]{subsubsection.6.7.2.7}{\376\377\0006\000.\0007\000.\0002\000.\0007\000\040\000p\000r\000o\000m\000o\000t\000e\000d\000\050\000\051}{subsection.6.7.2}% 117
\BOOKMARK [3][-]{subsubsection.6.7.2.8}{\376\377\0006\000.\0007\000.\0002\000.\0008\000\040\000t\000o\000\050\000\051}{subsection.6.7.2}% 118
\BOOKMARK [3][-]{subsubsection.6.7.2.9}{\376\377\0006\000.\0007\000.\0002\000.\0009\000\040\000t\000o\000S\000t\000r\000i\000n\000g\000\050\000\051}{subsection.6.7.2}% 119
\BOOKMARK [3][-]{subsubsection.6.7.2.10}{\376\377\0006\000.\0007\000.\0002\000.\0001\0000\000\040\000w\000a\000s\000C\000a\000p\000t\000u\000r\000e\000\050\000\051}{subsection.6.7.2}% 120
\BOOKMARK [3][-]{subsubsection.6.7.2.11}{\376\377\0006\000.\0007\000.\0002\000.\0001\0001\000\040\000w\000a\000s\000P\000r\000o\000m\000o\000t\000i\000o\000n\000\050\000\051}{subsection.6.7.2}% 121
\BOOKMARK [1][-]{section.6.8}{\376\377\0006\000.\0008\000\040\000M\000o\000v\000e\000L\000i\000s\000t\000\040\000C\000l\000a\000s\000s\000\040\000R\000e\000f\000e\000r\000e\000n\000c\000e}{chapter.6}% 122
\BOOKMARK [2][-]{subsection.6.8.1}{\376\377\0006\000.\0008\000.\0001\000\040\000D\000e\000t\000a\000i\000l\000e\000d\000\040\000D\000e\000s\000c\000r\000i\000p\000t\000i\000o\000n}{section.6.8}% 123
\BOOKMARK [2][-]{subsection.6.8.2}{\376\377\0006\000.\0008\000.\0002\000\040\000M\000e\000m\000b\000e\000r\000\040\000F\000u\000n\000c\000t\000i\000o\000n\000\040\000D\000o\000c\000u\000m\000e\000n\000t\000a\000t\000i\000o\000n}{section.6.8}% 124
\BOOKMARK [3][-]{subsubsection.6.8.2.1}{\376\377\0006\000.\0008\000.\0002\000.\0001\000\040\000a\000d\000d\000C\000a\000p\000t\000u\000r\000e\000M\000o\000v\000e\000\050\000\051}{subsection.6.8.2}% 125
\BOOKMARK [3][-]{subsubsection.6.8.2.2}{\376\377\0006\000.\0008\000.\0002\000.\0002\000\040\000a\000d\000d\000E\000n\000P\000a\000s\000M\000o\000v\000e\000\050\000\051}{subsection.6.8.2}% 126
\BOOKMARK [3][-]{subsubsection.6.8.2.3}{\376\377\0006\000.\0008\000.\0002\000.\0003\000\040\000a\000d\000d\000P\000a\000w\000n\000C\000a\000p\000t\000u\000r\000e\000M\000o\000v\000e\000\050\000\051}{subsection.6.8.2}% 127
\BOOKMARK [3][-]{subsubsection.6.8.2.4}{\376\377\0006\000.\0008\000.\0002\000.\0004\000\040\000a\000d\000d\000P\000a\000w\000n\000M\000o\000v\000e\000\050\000\051}{subsection.6.8.2}% 128
\BOOKMARK [3][-]{subsubsection.6.8.2.5}{\376\377\0006\000.\0008\000.\0002\000.\0005\000\040\000a\000d\000d\000Q\000u\000i\000e\000t\000M\000o\000v\000e\000\050\000\051}{subsection.6.8.2}% 129
\BOOKMARK [3][-]{subsubsection.6.8.2.6}{\376\377\0006\000.\0008\000.\0002\000.\0006\000\040\000g\000e\000n\000e\000r\000a\000t\000e\000A\000l\000l\000C\000a\000p\000t\000u\000r\000e\000M\000o\000v\000e\000s\000\050\000\051}{subsection.6.8.2}% 130
\BOOKMARK [3][-]{subsubsection.6.8.2.7}{\376\377\0006\000.\0008\000.\0002\000.\0007\000\040\000g\000e\000n\000e\000r\000a\000t\000e\000A\000l\000l\000M\000o\000v\000e\000s\000\050\000\051}{subsection.6.8.2}% 131
\BOOKMARK [3][-]{subsubsection.6.8.2.8}{\376\377\0006\000.\0008\000.\0002\000.\0008\000\040\000g\000e\000n\000e\000r\000a\000t\000e\000B\000i\000s\000h\000o\000p\000M\000o\000v\000e\000s\000\050\000\051}{subsection.6.8.2}% 132
\BOOKMARK [3][-]{subsubsection.6.8.2.9}{\376\377\0006\000.\0008\000.\0002\000.\0009\000\040\000g\000e\000n\000e\000r\000a\000t\000e\000C\000a\000s\000t\000l\000i\000n\000g\000M\000o\000v\000e\000s\000\050\000\051}{subsection.6.8.2}% 133
\BOOKMARK [3][-]{subsubsection.6.8.2.10}{\376\377\0006\000.\0008\000.\0002\000.\0001\0000\000\040\000g\000e\000n\000e\000r\000a\000t\000e\000K\000i\000n\000g\000M\000o\000v\000e\000s\000\050\000\051}{subsection.6.8.2}% 134
\BOOKMARK [3][-]{subsubsection.6.8.2.11}{\376\377\0006\000.\0008\000.\0002\000.\0001\0001\000\040\000g\000e\000n\000e\000r\000a\000t\000e\000K\000n\000i\000g\000h\000t\000M\000o\000v\000e\000s\000\050\000\051}{subsection.6.8.2}% 135
\BOOKMARK [3][-]{subsubsection.6.8.2.12}{\376\377\0006\000.\0008\000.\0002\000.\0001\0002\000\040\000g\000e\000n\000e\000r\000a\000t\000e\000N\000o\000n\000S\000l\000i\000d\000i\000n\000g\000M\000o\000v\000e\000s\000\050\000\051}{subsection.6.8.2}% 136
\BOOKMARK [3][-]{subsubsection.6.8.2.13}{\376\377\0006\000.\0008\000.\0002\000.\0001\0003\000\040\000g\000e\000n\000e\000r\000a\000t\000e\000P\000a\000w\000n\000M\000o\000v\000e\000s\000\050\000\051}{subsection.6.8.2}% 137
\BOOKMARK [3][-]{subsubsection.6.8.2.14}{\376\377\0006\000.\0008\000.\0002\000.\0001\0004\000\040\000g\000e\000n\000e\000r\000a\000t\000e\000Q\000u\000e\000e\000n\000M\000o\000v\000e\000s\000\050\000\051}{subsection.6.8.2}% 138
\BOOKMARK [3][-]{subsubsection.6.8.2.15}{\376\377\0006\000.\0008\000.\0002\000.\0001\0005\000\040\000g\000e\000n\000e\000r\000a\000t\000e\000R\000o\000o\000k\000M\000o\000v\000e\000s\000\050\000\051}{subsection.6.8.2}% 139
\BOOKMARK [3][-]{subsubsection.6.8.2.16}{\376\377\0006\000.\0008\000.\0002\000.\0001\0006\000\040\000g\000e\000n\000e\000r\000a\000t\000e\000S\000l\000i\000d\000i\000n\000g\000M\000o\000v\000e\000s\000\050\000\051}{subsection.6.8.2}% 140
\BOOKMARK [3][-]{subsubsection.6.8.2.17}{\376\377\0006\000.\0008\000.\0002\000.\0001\0007\000\040\000r\000e\000o\000r\000d\000e\000r\000L\000i\000s\000t\000\050\000\051}{subsection.6.8.2}% 141
\BOOKMARK [3][-]{subsubsection.6.8.2.18}{\376\377\0006\000.\0008\000.\0002\000.\0001\0008\000\040\000s\000i\000z\000e\000\050\000\051}{subsection.6.8.2}% 142
\BOOKMARK [1][-]{section.6.9}{\376\377\0006\000.\0009\000\040\000P\000e\000r\000f\000t\000T\000e\000s\000t\000e\000r\000\040\000C\000l\000a\000s\000s\000\040\000R\000e\000f\000e\000r\000e\000n\000c\000e}{chapter.6}% 143
\BOOKMARK [2][-]{subsection.6.9.1}{\376\377\0006\000.\0009\000.\0001\000\040\000D\000e\000t\000a\000i\000l\000e\000d\000\040\000D\000e\000s\000c\000r\000i\000p\000t\000i\000o\000n}{section.6.9}% 144
\BOOKMARK [2][-]{subsection.6.9.2}{\376\377\0006\000.\0009\000.\0002\000\040\000M\000e\000m\000b\000e\000r\000\040\000F\000u\000n\000c\000t\000i\000o\000n\000\040\000D\000o\000c\000u\000m\000e\000n\000t\000a\000t\000i\000o\000n}{section.6.9}% 145
\BOOKMARK [3][-]{subsubsection.6.9.2.1}{\376\377\0006\000.\0009\000.\0002\000.\0001\000\040\000p\000e\000r\000f\000t\000\050\000\051}{subsection.6.9.2}% 146
\BOOKMARK [3][-]{subsubsection.6.9.2.2}{\376\377\0006\000.\0009\000.\0002\000.\0002\000\040\000p\000e\000r\000f\000t\000T\000e\000s\000t\000\050\000\051}{subsection.6.9.2}% 147
\BOOKMARK [3][-]{subsubsection.6.9.2.3}{\376\377\0006\000.\0009\000.\0002\000.\0003\000\040\000p\000e\000r\000f\000t\000T\000e\000s\000t\000A\000l\000l\000\050\000\051}{subsection.6.9.2}% 148
\BOOKMARK [1][-]{section.6.10}{\376\377\0006\000.\0001\0000\000\040\000P\000o\000l\000y\000B\000o\000o\000k\000\040\000C\000l\000a\000s\000s\000\040\000R\000e\000f\000e\000r\000e\000n\000c\000e}{chapter.6}% 149
\BOOKMARK [2][-]{subsection.6.10.1}{\376\377\0006\000.\0001\0000\000.\0001\000\040\000D\000e\000t\000a\000i\000l\000e\000d\000\040\000D\000e\000s\000c\000r\000i\000p\000t\000i\000o\000n}{section.6.10}% 150
\BOOKMARK [2][-]{subsection.6.10.2}{\376\377\0006\000.\0001\0000\000.\0002\000\040\000M\000e\000m\000b\000e\000r\000\040\000F\000u\000n\000c\000t\000i\000o\000n\000\040\000D\000o\000c\000u\000m\000e\000n\000t\000a\000t\000i\000o\000n}{section.6.10}% 151
\BOOKMARK [3][-]{subsubsection.6.10.2.1}{\376\377\0006\000.\0001\0000\000.\0002\000.\0001\000\040\000c\000o\000n\000v\000e\000r\000t\000P\000o\000l\000y\000M\000o\000v\000e\000\050\000\051}{subsection.6.10.2}% 152
\BOOKMARK [3][-]{subsubsection.6.10.2.2}{\376\377\0006\000.\0001\0000\000.\0002\000.\0002\000\040\000e\000n\000d\000i\000a\000n\000\137\000s\000w\000a\000p\000\137\000u\0001\0006\000\050\000\051}{subsection.6.10.2}% 153
\BOOKMARK [3][-]{subsubsection.6.10.2.3}{\376\377\0006\000.\0001\0000\000.\0002\000.\0003\000\040\000e\000n\000d\000i\000a\000n\000\137\000s\000w\000a\000p\000\137\000u\0003\0002\000\050\000\051}{subsection.6.10.2}% 154
\BOOKMARK [3][-]{subsubsection.6.10.2.4}{\376\377\0006\000.\0001\0000\000.\0002\000.\0004\000\040\000e\000n\000d\000i\000a\000n\000\137\000s\000w\000a\000p\000\137\000u\0006\0004\000\050\000\051}{subsection.6.10.2}% 155
\BOOKMARK [3][-]{subsubsection.6.10.2.5}{\376\377\0006\000.\0001\0000\000.\0002\000.\0005\000\040\000e\000n\000P\000a\000s\000P\000o\000s\000s\000i\000b\000l\000e\000\050\000\051}{subsection.6.10.2}% 156
\BOOKMARK [3][-]{subsubsection.6.10.2.6}{\376\377\0006\000.\0001\0000\000.\0002\000.\0006\000\040\000g\000e\000t\000B\000o\000o\000k\000M\000o\000v\000e\000\050\000\051}{subsection.6.10.2}% 157
\BOOKMARK [3][-]{subsubsection.6.10.2.7}{\376\377\0006\000.\0001\0000\000.\0002\000.\0007\000\040\000p\000o\000l\000y\000K\000e\000y\000F\000r\000o\000m\000B\000o\000a\000r\000d\000\050\000\051}{subsection.6.10.2}% 158
\BOOKMARK [3][-]{subsubsection.6.10.2.8}{\376\377\0006\000.\0001\0000\000.\0002\000.\0008\000\040\000r\000e\000a\000d\000B\000o\000o\000k\000\050\000\051}{subsection.6.10.2}% 159
\BOOKMARK [2][-]{subsection.6.10.3}{\376\377\0006\000.\0001\0000\000.\0003\000\040\000F\000i\000e\000l\000d\000\040\000D\000o\000c\000u\000m\000e\000n\000t\000a\000t\000i\000o\000n}{section.6.10}% 160
\BOOKMARK [3][-]{subsubsection.6.10.3.1}{\376\377\0006\000.\0001\0000\000.\0003\000.\0001\000\040\000b\000o\000o\000k}{subsection.6.10.3}% 161
\BOOKMARK [3][-]{subsubsection.6.10.3.2}{\376\377\0006\000.\0001\0000\000.\0003\000.\0002\000\040\000p\000o\000l\000y\000P\000i\000e\000c\000e}{subsection.6.10.3}% 162
\BOOKMARK [1][-]{section.6.11}{\376\377\0006\000.\0001\0001\000\040\000P\000o\000l\000y\000g\000l\000o\000t\000E\000n\000t\000r\000y\000\040\000S\000t\000r\000u\000c\000t\000\040\000R\000e\000f\000e\000r\000e\000n\000c\000e}{chapter.6}% 163
\BOOKMARK [2][-]{subsection.6.11.1}{\376\377\0006\000.\0001\0001\000.\0001\000\040\000D\000e\000t\000a\000i\000l\000e\000d\000\040\000D\000e\000s\000c\000r\000i\000p\000t\000i\000o\000n}{section.6.11}% 164
\BOOKMARK [1][-]{section.6.12}{\376\377\0006\000.\0001\0002\000\040\000P\000r\000o\000t\000o\000c\000o\000l\000M\000a\000n\000a\000g\000e\000r\000\040\000C\000l\000a\000s\000s\000\040\000R\000e\000f\000e\000r\000e\000n\000c\000e}{chapter.6}% 165
\BOOKMARK [2][-]{subsection.6.12.1}{\376\377\0006\000.\0001\0002\000.\0001\000\040\000D\000e\000t\000a\000i\000l\000e\000d\000\040\000D\000e\000s\000c\000r\000i\000p\000t\000i\000o\000n}{section.6.12}% 166
\BOOKMARK [2][-]{subsection.6.12.2}{\376\377\0006\000.\0001\0002\000.\0002\000\040\000M\000e\000m\000b\000e\000r\000\040\000F\000u\000n\000c\000t\000i\000o\000n\000\040\000D\000o\000c\000u\000m\000e\000n\000t\000a\000t\000i\000o\000n}{section.6.12}% 167
\BOOKMARK [3][-]{subsubsection.6.12.2.1}{\376\377\0006\000.\0001\0002\000.\0002\000.\0001\000\040\000g\000e\000t\000P\000r\000o\000t\000o\000c\000o\000l\000\050\000\051}{subsection.6.12.2}% 168
\BOOKMARK [3][-]{subsubsection.6.12.2.2}{\376\377\0006\000.\0001\0002\000.\0002\000.\0002\000\040\000i\000s\000O\000v\000e\000r\000\050\000\051}{subsection.6.12.2}% 169
\BOOKMARK [3][-]{subsubsection.6.12.2.3}{\376\377\0006\000.\0001\0002\000.\0002\000.\0003\000\040\000l\000o\000o\000p\000\050\000\051}{subsection.6.12.2}% 170
\BOOKMARK [1][-]{section.6.13}{\376\377\0006\000.\0001\0003\000\040\000P\000v\000E\000n\000t\000r\000y\000\040\000C\000l\000a\000s\000s\000\040\000R\000e\000f\000e\000r\000e\000n\000c\000e}{chapter.6}% 171
\BOOKMARK [2][-]{subsection.6.13.1}{\376\377\0006\000.\0001\0003\000.\0001\000\040\000D\000e\000t\000a\000i\000l\000e\000d\000\040\000D\000e\000s\000c\000r\000i\000p\000t\000i\000o\000n}{section.6.13}% 172
\BOOKMARK [1][-]{section.6.14}{\376\377\0006\000.\0001\0004\000\040\000P\000v\000T\000a\000b\000l\000e\000\040\000C\000l\000a\000s\000s\000\040\000R\000e\000f\000e\000r\000e\000n\000c\000e}{chapter.6}% 173
\BOOKMARK [2][-]{subsection.6.14.1}{\376\377\0006\000.\0001\0004\000.\0001\000\040\000D\000e\000t\000a\000i\000l\000e\000d\000\040\000D\000e\000s\000c\000r\000i\000p\000t\000i\000o\000n}{section.6.14}% 174
\BOOKMARK [2][-]{subsection.6.14.2}{\376\377\0006\000.\0001\0004\000.\0002\000\040\000M\000e\000m\000b\000e\000r\000\040\000F\000u\000n\000c\000t\000i\000o\000n\000\040\000D\000o\000c\000u\000m\000e\000n\000t\000a\000t\000i\000o\000n}{section.6.14}% 175
\BOOKMARK [3][-]{subsubsection.6.14.2.1}{\376\377\0006\000.\0001\0004\000.\0002\000.\0001\000\040\000c\000l\000e\000a\000r\000\050\000\051}{subsection.6.14.2}% 176
\BOOKMARK [3][-]{subsubsection.6.14.2.2}{\376\377\0006\000.\0001\0004\000.\0002\000.\0002\000\040\000g\000e\000t\000\050\000\051}{subsection.6.14.2}% 177
\BOOKMARK [3][-]{subsubsection.6.14.2.3}{\376\377\0006\000.\0001\0004\000.\0002\000.\0003\000\040\000g\000e\000t\000H\000a\000s\000h\000E\000n\000t\000r\000y\000\050\000\051}{subsection.6.14.2}% 178
\BOOKMARK [3][-]{subsubsection.6.14.2.4}{\376\377\0006\000.\0001\0004\000.\0002\000.\0004\000\040\000g\000e\000t\000P\000v\000L\000i\000n\000e\000\050\000\051}{subsection.6.14.2}% 179
\BOOKMARK [3][-]{subsubsection.6.14.2.5}{\376\377\0006\000.\0001\0004\000.\0002\000.\0005\000\040\000i\000n\000s\000e\000r\000t\000\050\000\051\000\040\000[\0001\000/\0002\000]}{subsection.6.14.2}% 180
\BOOKMARK [3][-]{subsubsection.6.14.2.6}{\376\377\0006\000.\0001\0004\000.\0002\000.\0006\000\040\000i\000n\000s\000e\000r\000t\000\050\000\051\000\040\000[\0002\000/\0002\000]}{subsection.6.14.2}% 181
\BOOKMARK [3][-]{subsubsection.6.14.2.7}{\376\377\0006\000.\0001\0004\000.\0002\000.\0007\000\040\000s\000i\000z\000e\000\050\000\051}{subsection.6.14.2}% 182
\BOOKMARK [1][-]{section.6.15}{\376\377\0006\000.\0001\0005\000\040\000S\000e\000a\000r\000c\000h\000A\000g\000e\000n\000t\000\040\000C\000l\000a\000s\000s\000\040\000R\000e\000f\000e\000r\000e\000n\000c\000e}{chapter.6}% 183
\BOOKMARK [2][-]{subsection.6.15.1}{\376\377\0006\000.\0001\0005\000.\0001\000\040\000D\000e\000t\000a\000i\000l\000e\000d\000\040\000D\000e\000s\000c\000r\000i\000p\000t\000i\000o\000n}{section.6.15}% 184
\BOOKMARK [2][-]{subsection.6.15.2}{\376\377\0006\000.\0001\0005\000.\0002\000\040\000M\000e\000m\000b\000e\000r\000\040\000F\000u\000n\000c\000t\000i\000o\000n\000\040\000D\000o\000c\000u\000m\000e\000n\000t\000a\000t\000i\000o\000n}{section.6.15}% 185
\BOOKMARK [3][-]{subsubsection.6.15.2.1}{\376\377\0006\000.\0001\0005\000.\0002\000.\0001\000\040\000a\000l\000p\000h\000a\000B\000e\000t\000a\000\050\000\051}{subsection.6.15.2}% 186
\BOOKMARK [3][-]{subsubsection.6.15.2.2}{\376\377\0006\000.\0001\0005\000.\0002\000.\0002\000\040\000c\000h\000e\000c\000k\000S\000t\000o\000p\000\050\000\051}{subsection.6.15.2}% 187
\BOOKMARK [3][-]{subsubsection.6.15.2.3}{\376\377\0006\000.\0001\0005\000.\0002\000.\0003\000\040\000c\000l\000e\000a\000r\000F\000o\000r\000S\000e\000a\000r\000c\000h\000\050\000\051}{subsection.6.15.2}% 188
\BOOKMARK [3][-]{subsubsection.6.15.2.4}{\376\377\0006\000.\0001\0005\000.\0002\000.\0004\000\040\000d\000r\000a\000w\000n\000M\000a\000t\000e\000r\000i\000a\000l\000\050\000\051}{subsection.6.15.2}% 189
\BOOKMARK [3][-]{subsubsection.6.15.2.5}{\376\377\0006\000.\0001\0005\000.\0002\000.\0005\000\040\000i\000s\000G\000a\000m\000e\000O\000v\000e\000r\000\050\000\051}{subsection.6.15.2}% 190
\BOOKMARK [3][-]{subsubsection.6.15.2.6}{\376\377\0006\000.\0001\0005\000.\0002\000.\0006\000\040\000i\000s\000R\000e\000p\000e\000t\000i\000t\000i\000o\000n\000\050\000\051}{subsection.6.15.2}% 191
\BOOKMARK [3][-]{subsubsection.6.15.2.7}{\376\377\0006\000.\0001\0005\000.\0002\000.\0007\000\040\000q\000u\000i\000e\000s\000c\000e\000n\000c\000e\000S\000e\000a\000r\000c\000h\000\050\000\051}{subsection.6.15.2}% 192
\BOOKMARK [3][-]{subsubsection.6.15.2.8}{\376\377\0006\000.\0001\0005\000.\0002\000.\0008\000\040\000s\000e\000a\000r\000c\000h\000P\000o\000s\000i\000t\000i\000o\000n\000\050\000\051}{subsection.6.15.2}% 193
\BOOKMARK [3][-]{subsubsection.6.15.2.9}{\376\377\0006\000.\0001\0005\000.\0002\000.\0009\000\040\000t\000h\000r\000e\000e\000F\000o\000l\000d\000R\000e\000p\000e\000t\000i\000t\000i\000o\000n\000\050\000\051}{subsection.6.15.2}% 194
\BOOKMARK [2][-]{subsection.6.15.3}{\376\377\0006\000.\0001\0005\000.\0003\000\040\000F\000i\000e\000l\000d\000\040\000D\000o\000c\000u\000m\000e\000n\000t\000a\000t\000i\000o\000n}{section.6.15}% 195
\BOOKMARK [3][-]{subsubsection.6.15.3.1}{\376\377\0006\000.\0001\0005\000.\0003\000.\0001\000\040\000k\000I\000n\000t\000e\000r\000v\000a\000l}{subsection.6.15.3}% 196
\BOOKMARK [1][-]{section.6.16}{\376\377\0006\000.\0001\0006\000\040\000S\000e\000a\000r\000c\000h\000I\000n\000f\000o\000\040\000S\000t\000r\000u\000c\000t\000\040\000R\000e\000f\000e\000r\000e\000n\000c\000e}{chapter.6}% 197
\BOOKMARK [2][-]{subsection.6.16.1}{\376\377\0006\000.\0001\0006\000.\0001\000\040\000D\000e\000t\000a\000i\000l\000e\000d\000\040\000D\000e\000s\000c\000r\000i\000p\000t\000i\000o\000n}{section.6.16}% 198
\BOOKMARK [1][-]{section.6.17}{\376\377\0006\000.\0001\0007\000\040\000S\000t\000o\000p\000w\000a\000t\000c\000h\000\040\000C\000l\000a\000s\000s\000\040\000R\000e\000f\000e\000r\000e\000n\000c\000e}{chapter.6}% 199
\BOOKMARK [2][-]{subsection.6.17.1}{\376\377\0006\000.\0001\0007\000.\0001\000\040\000D\000e\000t\000a\000i\000l\000e\000d\000\040\000D\000e\000s\000c\000r\000i\000p\000t\000i\000o\000n}{section.6.17}% 200
\BOOKMARK [2][-]{subsection.6.17.2}{\376\377\0006\000.\0001\0007\000.\0002\000\040\000M\000e\000m\000b\000e\000r\000\040\000F\000u\000n\000c\000t\000i\000o\000n\000\040\000D\000o\000c\000u\000m\000e\000n\000t\000a\000t\000i\000o\000n}{section.6.17}% 201
\BOOKMARK [3][-]{subsubsection.6.17.2.1}{\376\377\0006\000.\0001\0007\000.\0002\000.\0001\000\040\000g\000e\000t\000T\000i\000m\000e\000I\000n\000M\000i\000l\000l\000i\000\050\000\051}{subsection.6.17.2}% 202
\BOOKMARK [3][-]{subsubsection.6.17.2.2}{\376\377\0006\000.\0001\0007\000.\0002\000.\0002\000\040\000s\000t\000a\000r\000t\000\050\000\051}{subsection.6.17.2}% 203
\BOOKMARK [3][-]{subsubsection.6.17.2.3}{\376\377\0006\000.\0001\0007\000.\0002\000.\0003\000\040\000s\000t\000o\000p\000\050\000\051}{subsection.6.17.2}% 204
\BOOKMARK [1][-]{section.6.18}{\376\377\0006\000.\0001\0008\000\040\000U\000C\000I\000M\000a\000n\000a\000g\000e\000r\000\040\000C\000l\000a\000s\000s\000\040\000R\000e\000f\000e\000r\000e\000n\000c\000e}{chapter.6}% 205
\BOOKMARK [2][-]{subsection.6.18.1}{\376\377\0006\000.\0001\0008\000.\0001\000\040\000D\000e\000t\000a\000i\000l\000e\000d\000\040\000D\000e\000s\000c\000r\000i\000p\000t\000i\000o\000n}{section.6.18}% 206
\BOOKMARK [2][-]{subsection.6.18.2}{\376\377\0006\000.\0001\0008\000.\0002\000\040\000M\000e\000m\000b\000e\000r\000\040\000F\000u\000n\000c\000t\000i\000o\000n\000\040\000D\000o\000c\000u\000m\000e\000n\000t\000a\000t\000i\000o\000n}{section.6.18}% 207
\BOOKMARK [3][-]{subsubsection.6.18.2.1}{\376\377\0006\000.\0001\0008\000.\0002\000.\0001\000\040\000g\000e\000t\000P\000r\000o\000t\000o\000c\000o\000l\000\050\000\051}{subsection.6.18.2}% 208
\BOOKMARK [3][-]{subsubsection.6.18.2.2}{\376\377\0006\000.\0001\0008\000.\0002\000.\0002\000\040\000l\000o\000o\000p\000\050\000\051}{subsection.6.18.2}% 209
\BOOKMARK [1][-]{section.6.19}{\376\377\0006\000.\0001\0009\000\040\000U\000n\000d\000o\000M\000o\000v\000e\000\040\000C\000l\000a\000s\000s\000\040\000R\000e\000f\000e\000r\000e\000n\000c\000e}{chapter.6}% 210
\BOOKMARK [2][-]{subsection.6.19.1}{\376\377\0006\000.\0001\0009\000.\0001\000\040\000D\000e\000t\000a\000i\000l\000e\000d\000\040\000D\000e\000s\000c\000r\000i\000p\000t\000i\000o\000n}{section.6.19}% 211
\BOOKMARK [1][-]{section.6.20}{\376\377\0006\000.\0002\0000\000\040\000X\000B\000o\000a\000r\000d\000M\000a\000n\000a\000g\000e\000r\000\040\000C\000l\000a\000s\000s\000\040\000R\000e\000f\000e\000r\000e\000n\000c\000e}{chapter.6}% 212
\BOOKMARK [2][-]{subsection.6.20.1}{\376\377\0006\000.\0002\0000\000.\0001\000\040\000D\000e\000t\000a\000i\000l\000e\000d\000\040\000D\000e\000s\000c\000r\000i\000p\000t\000i\000o\000n}{section.6.20}% 213
\BOOKMARK [2][-]{subsection.6.20.2}{\376\377\0006\000.\0002\0000\000.\0002\000\040\000M\000e\000m\000b\000e\000r\000\040\000F\000u\000n\000c\000t\000i\000o\000n\000\040\000D\000o\000c\000u\000m\000e\000n\000t\000a\000t\000i\000o\000n}{section.6.20}% 214
\BOOKMARK [3][-]{subsubsection.6.20.2.1}{\376\377\0006\000.\0002\0000\000.\0002\000.\0001\000\040\000g\000e\000t\000P\000r\000o\000t\000o\000c\000o\000l\000\050\000\051}{subsection.6.20.2}% 215
\BOOKMARK [3][-]{subsubsection.6.20.2.2}{\376\377\0006\000.\0002\0000\000.\0002\000.\0002\000\040\000l\000o\000o\000p\000\050\000\051}{subsection.6.20.2}% 216
\BOOKMARK [0][-]{chapter.7}{\376\377\0007\000\040\000F\000i\000l\000e\000\040\000D\000o\000c\000u\000m\000e\000n\000t\000a\000t\000i\000o\000n}{}% 217
\BOOKMARK [1][-]{section.7.1}{\376\377\0007\000.\0001\000\040\000/\000h\000o\000m\000e\000/\000m\000i\000c\000h\000a\000e\000l\000/\000D\000o\000c\000u\000m\000e\000n\000t\000s\000/\000P\000r\000o\000j\000e\000c\000t\000s\000/\000C\000+\000+\000/\000C\000h\000e\000s\000s\000-\000E\000n\000g\000i\000n\000e\000/\000i\000n\000c\000l\000u\000d\000e\000/\000b\000i\000t\000b\000o\000a\000r\000d\000.\000h\000\040\000F\000i\000l\000e\000\040\000R\000e\000f\000e\000r\000e\000n\000c\000e}{chapter.7}% 218
\BOOKMARK [2][-]{subsection.7.1.1}{\376\377\0007\000.\0001\000.\0001\000\040\000D\000e\000t\000a\000i\000l\000e\000d\000\040\000D\000e\000s\000c\000r\000i\000p\000t\000i\000o\000n}{section.7.1}% 219
\BOOKMARK [2][-]{subsection.7.1.2}{\376\377\0007\000.\0001\000.\0002\000\040\000F\000u\000n\000c\000t\000i\000o\000n\000\040\000D\000o\000c\000u\000m\000e\000n\000t\000a\000t\000i\000o\000n}{section.7.1}% 220
\BOOKMARK [3][-]{subsubsection.7.1.2.1}{\376\377\0007\000.\0001\000.\0002\000.\0001\000\040\000c\000l\000e\000a\000r\000B\000i\000t\000\050\000\051}{subsection.7.1.2}% 221
\BOOKMARK [3][-]{subsubsection.7.1.2.2}{\376\377\0007\000.\0001\000.\0002\000.\0002\000\040\000c\000o\000u\000n\000t\000B\000i\000t\000s\000\050\000\051}{subsection.7.1.2}% 222
\BOOKMARK [3][-]{subsubsection.7.1.2.3}{\376\377\0007\000.\0001\000.\0002\000.\0003\000\040\000p\000o\000p\000B\000i\000t\000\050\000\051}{subsection.7.1.2}% 223
\BOOKMARK [3][-]{subsubsection.7.1.2.4}{\376\377\0007\000.\0001\000.\0002\000.\0004\000\040\000s\000e\000t\000B\000i\000t\000\050\000\051}{subsection.7.1.2}% 224
\BOOKMARK [2][-]{subsection.7.1.3}{\376\377\0007\000.\0001\000.\0003\000\040\000V\000a\000r\000i\000a\000b\000l\000e\000\040\000D\000o\000c\000u\000m\000e\000n\000t\000a\000t\000i\000o\000n}{section.7.1}% 225
\BOOKMARK [3][-]{subsubsection.7.1.3.1}{\376\377\0007\000.\0001\000.\0003\000.\0001\000\040\000B\000i\000t\000T\000a\000b\000l\000e}{subsection.7.1.3}% 226
\BOOKMARK [1][-]{section.7.2}{\376\377\0007\000.\0002\000\040\000/\000h\000o\000m\000e\000/\000m\000i\000c\000h\000a\000e\000l\000/\000D\000o\000c\000u\000m\000e\000n\000t\000s\000/\000P\000r\000o\000j\000e\000c\000t\000s\000/\000C\000+\000+\000/\000C\000h\000e\000s\000s\000-\000E\000n\000g\000i\000n\000e\000/\000i\000n\000c\000l\000u\000d\000e\000/\000b\000o\000a\000r\000d\000.\000h\000\040\000F\000i\000l\000e\000\040\000R\000e\000f\000e\000r\000e\000n\000c\000e}{chapter.7}% 227
\BOOKMARK [2][-]{subsection.7.2.1}{\376\377\0007\000.\0002\000.\0001\000\040\000D\000e\000t\000a\000i\000l\000e\000d\000\040\000D\000e\000s\000c\000r\000i\000p\000t\000i\000o\000n}{section.7.2}% 228
\BOOKMARK [1][-]{section.7.3}{\376\377\0007\000.\0003\000\040\000/\000h\000o\000m\000e\000/\000m\000i\000c\000h\000a\000e\000l\000/\000D\000o\000c\000u\000m\000e\000n\000t\000s\000/\000P\000r\000o\000j\000e\000c\000t\000s\000/\000C\000+\000+\000/\000C\000h\000e\000s\000s\000-\000E\000n\000g\000i\000n\000e\000/\000i\000n\000c\000l\000u\000d\000e\000/\000c\000o\000n\000s\000o\000l\000e\000.\000h\000\040\000F\000i\000l\000e\000\040\000R\000e\000f\000e\000r\000e\000n\000c\000e}{chapter.7}% 229
\BOOKMARK [2][-]{subsection.7.3.1}{\376\377\0007\000.\0003\000.\0001\000\040\000D\000e\000t\000a\000i\000l\000e\000d\000\040\000D\000e\000s\000c\000r\000i\000p\000t\000i\000o\000n}{section.7.3}% 230
\BOOKMARK [1][-]{section.7.4}{\376\377\0007\000.\0004\000\040\000/\000h\000o\000m\000e\000/\000m\000i\000c\000h\000a\000e\000l\000/\000D\000o\000c\000u\000m\000e\000n\000t\000s\000/\000P\000r\000o\000j\000e\000c\000t\000s\000/\000C\000+\000+\000/\000C\000h\000e\000s\000s\000-\000E\000n\000g\000i\000n\000e\000/\000i\000n\000c\000l\000u\000d\000e\000/\000d\000e\000b\000u\000g\000.\000h\000\040\000F\000i\000l\000e\000\040\000R\000e\000f\000e\000r\000e\000n\000c\000e}{chapter.7}% 231
\BOOKMARK [2][-]{subsection.7.4.1}{\376\377\0007\000.\0004\000.\0001\000\040\000D\000e\000t\000a\000i\000l\000e\000d\000\040\000D\000e\000s\000c\000r\000i\000p\000t\000i\000o\000n}{section.7.4}% 232
\BOOKMARK [1][-]{section.7.5}{\376\377\0007\000.\0005\000\040\000/\000h\000o\000m\000e\000/\000m\000i\000c\000h\000a\000e\000l\000/\000D\000o\000c\000u\000m\000e\000n\000t\000s\000/\000P\000r\000o\000j\000e\000c\000t\000s\000/\000C\000+\000+\000/\000C\000h\000e\000s\000s\000-\000E\000n\000g\000i\000n\000e\000/\000i\000n\000c\000l\000u\000d\000e\000/\000d\000e\000f\000s\000.\000h\000\040\000F\000i\000l\000e\000\040\000R\000e\000f\000e\000r\000e\000n\000c\000e}{chapter.7}% 233
\BOOKMARK [2][-]{subsection.7.5.1}{\376\377\0007\000.\0005\000.\0001\000\040\000D\000e\000t\000a\000i\000l\000e\000d\000\040\000D\000e\000s\000c\000r\000i\000p\000t\000i\000o\000n}{section.7.5}% 234
\BOOKMARK [1][-]{section.7.6}{\376\377\0007\000.\0006\000\040\000/\000h\000o\000m\000e\000/\000m\000i\000c\000h\000a\000e\000l\000/\000D\000o\000c\000u\000m\000e\000n\000t\000s\000/\000P\000r\000o\000j\000e\000c\000t\000s\000/\000C\000+\000+\000/\000C\000h\000e\000s\000s\000-\000E\000n\000g\000i\000n\000e\000/\000i\000n\000c\000l\000u\000d\000e\000/\000e\000n\000g\000i\000n\000e\000.\000h\000\040\000F\000i\000l\000e\000\040\000R\000e\000f\000e\000r\000e\000n\000c\000e}{chapter.7}% 235
\BOOKMARK [2][-]{subsection.7.6.1}{\376\377\0007\000.\0006\000.\0001\000\040\000D\000e\000t\000a\000i\000l\000e\000d\000\040\000D\000e\000s\000c\000r\000i\000p\000t\000i\000o\000n}{section.7.6}% 236
\BOOKMARK [1][-]{section.7.7}{\376\377\0007\000.\0007\000\040\000/\000h\000o\000m\000e\000/\000m\000i\000c\000h\000a\000e\000l\000/\000D\000o\000c\000u\000m\000e\000n\000t\000s\000/\000P\000r\000o\000j\000e\000c\000t\000s\000/\000C\000+\000+\000/\000C\000h\000e\000s\000s\000-\000E\000n\000g\000i\000n\000e\000/\000i\000n\000c\000l\000u\000d\000e\000/\000e\000v\000a\000l\000.\000h\000\040\000F\000i\000l\000e\000\040\000R\000e\000f\000e\000r\000e\000n\000c\000e}{chapter.7}% 237
\BOOKMARK [2][-]{subsection.7.7.1}{\376\377\0007\000.\0007\000.\0001\000\040\000D\000e\000t\000a\000i\000l\000e\000d\000\040\000D\000e\000s\000c\000r\000i\000p\000t\000i\000o\000n}{section.7.7}% 238
\BOOKMARK [1][-]{section.7.8}{\376\377\0007\000.\0008\000\040\000/\000h\000o\000m\000e\000/\000m\000i\000c\000h\000a\000e\000l\000/\000D\000o\000c\000u\000m\000e\000n\000t\000s\000/\000P\000r\000o\000j\000e\000c\000t\000s\000/\000C\000+\000+\000/\000C\000h\000e\000s\000s\000-\000E\000n\000g\000i\000n\000e\000/\000i\000n\000c\000l\000u\000d\000e\000/\000h\000a\000s\000h\000.\000h\000\040\000F\000i\000l\000e\000\040\000R\000e\000f\000e\000r\000e\000n\000c\000e}{chapter.7}% 239
\BOOKMARK [2][-]{subsection.7.8.1}{\376\377\0007\000.\0008\000.\0001\000\040\000D\000e\000t\000a\000i\000l\000e\000d\000\040\000D\000e\000s\000c\000r\000i\000p\000t\000i\000o\000n}{section.7.8}% 240
\BOOKMARK [1][-]{section.7.9}{\376\377\0007\000.\0009\000\040\000/\000h\000o\000m\000e\000/\000m\000i\000c\000h\000a\000e\000l\000/\000D\000o\000c\000u\000m\000e\000n\000t\000s\000/\000P\000r\000o\000j\000e\000c\000t\000s\000/\000C\000+\000+\000/\000C\000h\000e\000s\000s\000-\000E\000n\000g\000i\000n\000e\000/\000i\000n\000c\000l\000u\000d\000e\000/\000i\000n\000i\000t\000.\000h\000\040\000F\000i\000l\000e\000\040\000R\000e\000f\000e\000r\000e\000n\000c\000e}{chapter.7}% 241
\BOOKMARK [2][-]{subsection.7.9.1}{\376\377\0007\000.\0009\000.\0001\000\040\000D\000e\000t\000a\000i\000l\000e\000d\000\040\000D\000e\000s\000c\000r\000i\000p\000t\000i\000o\000n}{section.7.9}% 242
\BOOKMARK [1][-]{section.7.10}{\376\377\0007\000.\0001\0000\000\040\000/\000h\000o\000m\000e\000/\000m\000i\000c\000h\000a\000e\000l\000/\000D\000o\000c\000u\000m\000e\000n\000t\000s\000/\000P\000r\000o\000j\000e\000c\000t\000s\000/\000C\000+\000+\000/\000C\000h\000e\000s\000s\000-\000E\000n\000g\000i\000n\000e\000/\000i\000n\000c\000l\000u\000d\000e\000/\000i\000o\000.\000h\000\040\000F\000i\000l\000e\000\040\000R\000e\000f\000e\000r\000e\000n\000c\000e}{chapter.7}% 243
\BOOKMARK [2][-]{subsection.7.10.1}{\376\377\0007\000.\0001\0000\000.\0001\000\040\000D\000e\000t\000a\000i\000l\000e\000d\000\040\000D\000e\000s\000c\000r\000i\000p\000t\000i\000o\000n}{section.7.10}% 244
\BOOKMARK [1][-]{section.7.11}{\376\377\0007\000.\0001\0001\000\040\000/\000h\000o\000m\000e\000/\000m\000i\000c\000h\000a\000e\000l\000/\000D\000o\000c\000u\000m\000e\000n\000t\000s\000/\000P\000r\000o\000j\000e\000c\000t\000s\000/\000C\000+\000+\000/\000C\000h\000e\000s\000s\000-\000E\000n\000g\000i\000n\000e\000/\000i\000n\000c\000l\000u\000d\000e\000/\000m\000o\000v\000e\000.\000h\000\040\000F\000i\000l\000e\000\040\000R\000e\000f\000e\000r\000e\000n\000c\000e}{chapter.7}% 245
\BOOKMARK [2][-]{subsection.7.11.1}{\376\377\0007\000.\0001\0001\000.\0001\000\040\000D\000e\000t\000a\000i\000l\000e\000d\000\040\000D\000e\000s\000c\000r\000i\000p\000t\000i\000o\000n}{section.7.11}% 246
\BOOKMARK [1][-]{section.7.12}{\376\377\0007\000.\0001\0002\000\040\000/\000h\000o\000m\000e\000/\000m\000i\000c\000h\000a\000e\000l\000/\000D\000o\000c\000u\000m\000e\000n\000t\000s\000/\000P\000r\000o\000j\000e\000c\000t\000s\000/\000C\000+\000+\000/\000C\000h\000e\000s\000s\000-\000E\000n\000g\000i\000n\000e\000/\000i\000n\000c\000l\000u\000d\000e\000/\000m\000o\000v\000e\000l\000i\000s\000t\000.\000h\000\040\000F\000i\000l\000e\000\040\000R\000e\000f\000e\000r\000e\000n\000c\000e}{chapter.7}% 247
\BOOKMARK [2][-]{subsection.7.12.1}{\376\377\0007\000.\0001\0002\000.\0001\000\040\000D\000e\000t\000a\000i\000l\000e\000d\000\040\000D\000e\000s\000c\000r\000i\000p\000t\000i\000o\000n}{section.7.12}% 248
\BOOKMARK [1][-]{section.7.13}{\376\377\0007\000.\0001\0003\000\040\000/\000h\000o\000m\000e\000/\000m\000i\000c\000h\000a\000e\000l\000/\000D\000o\000c\000u\000m\000e\000n\000t\000s\000/\000P\000r\000o\000j\000e\000c\000t\000s\000/\000C\000+\000+\000/\000C\000h\000e\000s\000s\000-\000E\000n\000g\000i\000n\000e\000/\000i\000n\000c\000l\000u\000d\000e\000/\000m\000o\000v\000e\000m\000a\000k\000e\000r\000.\000h\000\040\000F\000i\000l\000e\000\040\000R\000e\000f\000e\000r\000e\000n\000c\000e}{chapter.7}% 249
\BOOKMARK [2][-]{subsection.7.13.1}{\376\377\0007\000.\0001\0003\000.\0001\000\040\000D\000e\000t\000a\000i\000l\000e\000d\000\040\000D\000e\000s\000c\000r\000i\000p\000t\000i\000o\000n}{section.7.13}% 250
\BOOKMARK [2][-]{subsection.7.13.2}{\376\377\0007\000.\0001\0003\000.\0002\000\040\000V\000a\000r\000i\000a\000b\000l\000e\000\040\000D\000o\000c\000u\000m\000e\000n\000t\000a\000t\000i\000o\000n}{section.7.13}% 251
\BOOKMARK [3][-]{subsubsection.7.13.2.1}{\376\377\0007\000.\0001\0003\000.\0002\000.\0001\000\040\000C\000a\000s\000t\000l\000e\000P\000e\000r\000m}{subsection.7.13.2}% 252
\BOOKMARK [1][-]{section.7.14}{\376\377\0007\000.\0001\0004\000\040\000/\000h\000o\000m\000e\000/\000m\000i\000c\000h\000a\000e\000l\000/\000D\000o\000c\000u\000m\000e\000n\000t\000s\000/\000P\000r\000o\000j\000e\000c\000t\000s\000/\000C\000+\000+\000/\000C\000h\000e\000s\000s\000-\000E\000n\000g\000i\000n\000e\000/\000i\000n\000c\000l\000u\000d\000e\000/\000p\000o\000l\000y\000g\000l\000o\000t\000.\000h\000\040\000F\000i\000l\000e\000\040\000R\000e\000f\000e\000r\000e\000n\000c\000e}{chapter.7}% 253
\BOOKMARK [2][-]{subsection.7.14.1}{\376\377\0007\000.\0001\0004\000.\0001\000\040\000D\000e\000t\000a\000i\000l\000e\000d\000\040\000D\000e\000s\000c\000r\000i\000p\000t\000i\000o\000n}{section.7.14}% 254
\BOOKMARK [1][-]{section.7.15}{\376\377\0007\000.\0001\0005\000\040\000/\000h\000o\000m\000e\000/\000m\000i\000c\000h\000a\000e\000l\000/\000D\000o\000c\000u\000m\000e\000n\000t\000s\000/\000P\000r\000o\000j\000e\000c\000t\000s\000/\000C\000+\000+\000/\000C\000h\000e\000s\000s\000-\000E\000n\000g\000i\000n\000e\000/\000i\000n\000c\000l\000u\000d\000e\000/\000p\000o\000l\000y\000g\000l\000o\000t\000k\000e\000y\000s\000.\000h\000\040\000F\000i\000l\000e\000\040\000R\000e\000f\000e\000r\000e\000n\000c\000e}{chapter.7}% 255
\BOOKMARK [2][-]{subsection.7.15.1}{\376\377\0007\000.\0001\0005\000.\0001\000\040\000D\000e\000t\000a\000i\000l\000e\000d\000\040\000D\000e\000s\000c\000r\000i\000p\000t\000i\000o\000n}{section.7.15}% 256
\BOOKMARK [1][-]{section.7.16}{\376\377\0007\000.\0001\0006\000\040\000/\000h\000o\000m\000e\000/\000m\000i\000c\000h\000a\000e\000l\000/\000D\000o\000c\000u\000m\000e\000n\000t\000s\000/\000P\000r\000o\000j\000e\000c\000t\000s\000/\000C\000+\000+\000/\000C\000h\000e\000s\000s\000-\000E\000n\000g\000i\000n\000e\000/\000i\000n\000c\000l\000u\000d\000e\000/\000p\000r\000o\000t\000o\000c\000o\000l\000.\000h\000\040\000F\000i\000l\000e\000\040\000R\000e\000f\000e\000r\000e\000n\000c\000e}{chapter.7}% 257
\BOOKMARK [2][-]{subsection.7.16.1}{\376\377\0007\000.\0001\0006\000.\0001\000\040\000D\000e\000t\000a\000i\000l\000e\000d\000\040\000D\000e\000s\000c\000r\000i\000p\000t\000i\000o\000n}{section.7.16}% 258
\BOOKMARK [1][-]{section.7.17}{\376\377\0007\000.\0001\0007\000\040\000/\000h\000o\000m\000e\000/\000m\000i\000c\000h\000a\000e\000l\000/\000D\000o\000c\000u\000m\000e\000n\000t\000s\000/\000P\000r\000o\000j\000e\000c\000t\000s\000/\000C\000+\000+\000/\000C\000h\000e\000s\000s\000-\000E\000n\000g\000i\000n\000e\000/\000i\000n\000c\000l\000u\000d\000e\000/\000p\000v\000t\000a\000b\000l\000e\000.\000h\000\040\000F\000i\000l\000e\000\040\000R\000e\000f\000e\000r\000e\000n\000c\000e}{chapter.7}% 259
\BOOKMARK [2][-]{subsection.7.17.1}{\376\377\0007\000.\0001\0007\000.\0001\000\040\000D\000e\000t\000a\000i\000l\000e\000d\000\040\000D\000e\000s\000c\000r\000i\000p\000t\000i\000o\000n}{section.7.17}% 260
\BOOKMARK [1][-]{section.7.18}{\376\377\0007\000.\0001\0008\000\040\000/\000h\000o\000m\000e\000/\000m\000i\000c\000h\000a\000e\000l\000/\000D\000o\000c\000u\000m\000e\000n\000t\000s\000/\000P\000r\000o\000j\000e\000c\000t\000s\000/\000C\000+\000+\000/\000C\000h\000e\000s\000s\000-\000E\000n\000g\000i\000n\000e\000/\000i\000n\000c\000l\000u\000d\000e\000/\000s\000e\000a\000r\000c\000h\000.\000h\000\040\000F\000i\000l\000e\000\040\000R\000e\000f\000e\000r\000e\000n\000c\000e}{chapter.7}% 261
\BOOKMARK [2][-]{subsection.7.18.1}{\376\377\0007\000.\0001\0008\000.\0001\000\040\000D\000e\000t\000a\000i\000l\000e\000d\000\040\000D\000e\000s\000c\000r\000i\000p\000t\000i\000o\000n}{section.7.18}% 262
\BOOKMARK [1][-]{section.7.19}{\376\377\0007\000.\0001\0009\000\040\000/\000h\000o\000m\000e\000/\000m\000i\000c\000h\000a\000e\000l\000/\000D\000o\000c\000u\000m\000e\000n\000t\000s\000/\000P\000r\000o\000j\000e\000c\000t\000s\000/\000C\000+\000+\000/\000C\000h\000e\000s\000s\000-\000E\000n\000g\000i\000n\000e\000/\000i\000n\000c\000l\000u\000d\000e\000/\000s\000e\000a\000r\000c\000h\000i\000n\000f\000o\000.\000h\000\040\000F\000i\000l\000e\000\040\000R\000e\000f\000e\000r\000e\000n\000c\000e}{chapter.7}% 263
\BOOKMARK [2][-]{subsection.7.19.1}{\376\377\0007\000.\0001\0009\000.\0001\000\040\000D\000e\000t\000a\000i\000l\000e\000d\000\040\000D\000e\000s\000c\000r\000i\000p\000t\000i\000o\000n}{section.7.19}% 264
\BOOKMARK [1][-]{section.7.20}{\376\377\0007\000.\0002\0000\000\040\000/\000h\000o\000m\000e\000/\000m\000i\000c\000h\000a\000e\000l\000/\000D\000o\000c\000u\000m\000e\000n\000t\000s\000/\000P\000r\000o\000j\000e\000c\000t\000s\000/\000C\000+\000+\000/\000C\000h\000e\000s\000s\000-\000E\000n\000g\000i\000n\000e\000/\000i\000n\000c\000l\000u\000d\000e\000/\000s\000t\000o\000p\000w\000a\000t\000c\000h\000.\000h\000\040\000F\000i\000l\000e\000\040\000R\000e\000f\000e\000r\000e\000n\000c\000e}{chapter.7}% 265
\BOOKMARK [2][-]{subsection.7.20.1}{\376\377\0007\000.\0002\0000\000.\0001\000\040\000D\000e\000t\000a\000i\000l\000e\000d\000\040\000D\000e\000s\000c\000r\000i\000p\000t\000i\000o\000n}{section.7.20}% 266
\BOOKMARK [1][-]{section.7.21}{\376\377\0007\000.\0002\0001\000\040\000/\000h\000o\000m\000e\000/\000m\000i\000c\000h\000a\000e\000l\000/\000D\000o\000c\000u\000m\000e\000n\000t\000s\000/\000P\000r\000o\000j\000e\000c\000t\000s\000/\000C\000+\000+\000/\000C\000h\000e\000s\000s\000-\000E\000n\000g\000i\000n\000e\000/\000i\000n\000c\000l\000u\000d\000e\000/\000t\000e\000s\000t\000e\000r\000.\000h\000\040\000F\000i\000l\000e\000\040\000R\000e\000f\000e\000r\000e\000n\000c\000e}{chapter.7}% 267
\BOOKMARK [2][-]{subsection.7.21.1}{\376\377\0007\000.\0002\0001\000.\0001\000\040\000D\000e\000t\000a\000i\000l\000e\000d\000\040\000D\000e\000s\000c\000r\000i\000p\000t\000i\000o\000n}{section.7.21}% 268
\BOOKMARK [1][-]{section.7.22}{\376\377\0007\000.\0002\0002\000\040\000/\000h\000o\000m\000e\000/\000m\000i\000c\000h\000a\000e\000l\000/\000D\000o\000c\000u\000m\000e\000n\000t\000s\000/\000P\000r\000o\000j\000e\000c\000t\000s\000/\000C\000+\000+\000/\000C\000h\000e\000s\000s\000-\000E\000n\000g\000i\000n\000e\000/\000i\000n\000c\000l\000u\000d\000e\000/\000u\000c\000i\000.\000h\000\040\000F\000i\000l\000e\000\040\000R\000e\000f\000e\000r\000e\000n\000c\000e}{chapter.7}% 269
\BOOKMARK [2][-]{subsection.7.22.1}{\376\377\0007\000.\0002\0002\000.\0001\000\040\000D\000e\000t\000a\000i\000l\000e\000d\000\040\000D\000e\000s\000c\000r\000i\000p\000t\000i\000o\000n}{section.7.22}% 270
\BOOKMARK [1][-]{section.7.23}{\376\377\0007\000.\0002\0003\000\040\000/\000h\000o\000m\000e\000/\000m\000i\000c\000h\000a\000e\000l\000/\000D\000o\000c\000u\000m\000e\000n\000t\000s\000/\000P\000r\000o\000j\000e\000c\000t\000s\000/\000C\000+\000+\000/\000C\000h\000e\000s\000s\000-\000E\000n\000g\000i\000n\000e\000/\000i\000n\000c\000l\000u\000d\000e\000/\000u\000t\000i\000l\000s\000.\000h\000\040\000F\000i\000l\000e\000\040\000R\000e\000f\000e\000r\000e\000n\000c\000e}{chapter.7}% 271
\BOOKMARK [2][-]{subsection.7.23.1}{\376\377\0007\000.\0002\0003\000.\0001\000\040\000D\000e\000t\000a\000i\000l\000e\000d\000\040\000D\000e\000s\000c\000r\000i\000p\000t\000i\000o\000n}{section.7.23}% 272
\BOOKMARK [2][-]{subsection.7.23.2}{\376\377\0007\000.\0002\0003\000.\0002\000\040\000F\000u\000n\000c\000t\000i\000o\000n\000\040\000D\000o\000c\000u\000m\000e\000n\000t\000a\000t\000i\000o\000n}{section.7.23}% 273
\BOOKMARK [3][-]{subsubsection.7.23.2.1}{\376\377\0007\000.\0002\0003\000.\0002\000.\0001\000\040\000f\000i\000l\000e\000R\000a\000n\000k\000T\000o\000S\000q\000\050\000\051}{subsection.7.23.2}% 274
\BOOKMARK [3][-]{subsubsection.7.23.2.2}{\376\377\0007\000.\0002\0003\000.\0002\000.\0002\000\040\000I\000n\000p\000u\000t\000W\000a\000i\000t\000i\000n\000g\000\050\000\051}{subsection.7.23.2}% 275
\BOOKMARK [3][-]{subsubsection.7.23.2.3}{\376\377\0007\000.\0002\0003\000.\0002\000.\0003\000\040\000i\000s\000P\000i\000e\000c\000e\000\050\000\051}{subsection.7.23.2}% 276
\BOOKMARK [3][-]{subsubsection.7.23.2.4}{\376\377\0007\000.\0002\0003\000.\0002\000.\0004\000\040\000r\000a\000n\000d\000U\0006\0004\000\050\000\051}{subsection.7.23.2}% 277
\BOOKMARK [3][-]{subsubsection.7.23.2.5}{\376\377\0007\000.\0002\0003\000.\0002\000.\0005\000\040\000R\000e\000a\000d\000I\000n\000p\000u\000t\000\050\000\051}{subsection.7.23.2}% 278
\BOOKMARK [3][-]{subsubsection.7.23.2.6}{\376\377\0007\000.\0002\0003\000.\0002\000.\0006\000\040\000s\000h\000o\000w\000A\000t\000t\000a\000c\000k\000e\000d\000S\000q\000s\000\050\000\051}{subsection.7.23.2}% 279
\BOOKMARK [3][-]{subsubsection.7.23.2.7}{\376\377\0007\000.\0002\0003\000.\0002\000.\0007\000\040\000s\000q\000O\000n\000B\000o\000a\000r\000d\000\050\000\051}{subsection.7.23.2}% 280
\BOOKMARK [3][-]{subsubsection.7.23.2.8}{\376\377\0007\000.\0002\0003\000.\0002\000.\0008\000\040\000s\000q\000T\000o\000S\000t\000r\000i\000n\000g\000\050\000\051}{subsection.7.23.2}% 281
\BOOKMARK [3][-]{subsubsection.7.23.2.9}{\376\377\0007\000.\0002\0003\000.\0002\000.\0009\000\040\000s\000t\000r\000i\000n\000g\000T\000o\000L\000o\000w\000e\000r\000\050\000\051}{subsection.7.23.2}% 282
\BOOKMARK [2][-]{subsection.7.23.3}{\376\377\0007\000.\0002\0003\000.\0003\000\040\000V\000a\000r\000i\000a\000b\000l\000e\000\040\000D\000o\000c\000u\000m\000e\000n\000t\000a\000t\000i\000o\000n}{section.7.23}% 283
\BOOKMARK [3][-]{subsubsection.7.23.3.1}{\376\377\0007\000.\0002\0003\000.\0003\000.\0001\000\040\000W\000h\000i\000t\000e\000T\000o\000B\000l\000a\000c\000k}{subsection.7.23.3}% 284
\BOOKMARK [1][-]{section.7.24}{\376\377\0007\000.\0002\0004\000\040\000/\000h\000o\000m\000e\000/\000m\000i\000c\000h\000a\000e\000l\000/\000D\000o\000c\000u\000m\000e\000n\000t\000s\000/\000P\000r\000o\000j\000e\000c\000t\000s\000/\000C\000+\000+\000/\000C\000h\000e\000s\000s\000-\000E\000n\000g\000i\000n\000e\000/\000i\000n\000c\000l\000u\000d\000e\000/\000x\000b\000o\000a\000r\000d\000.\000h\000\040\000F\000i\000l\000e\000\040\000R\000e\000f\000e\000r\000e\000n\000c\000e}{chapter.7}% 285
\BOOKMARK [2][-]{subsection.7.24.1}{\376\377\0007\000.\0002\0004\000.\0001\000\040\000D\000e\000t\000a\000i\000l\000e\000d\000\040\000D\000e\000s\000c\000r\000i\000p\000t\000i\000o\000n}{section.7.24}% 286
\BOOKMARK [1][-]{section.7.25}{\376\377\0007\000.\0002\0005\000\040\000/\000h\000o\000m\000e\000/\000m\000i\000c\000h\000a\000e\000l\000/\000D\000o\000c\000u\000m\000e\000n\000t\000s\000/\000P\000r\000o\000j\000e\000c\000t\000s\000/\000C\000+\000+\000/\000C\000h\000e\000s\000s\000-\000E\000n\000g\000i\000n\000e\000/\000s\000r\000c\000/\000b\000i\000t\000b\000o\000a\000r\000d\000.\000c\000c\000\040\000F\000i\000l\000e\000\040\000R\000e\000f\000e\000r\000e\000n\000c\000e}{chapter.7}% 287
\BOOKMARK [2][-]{subsection.7.25.1}{\376\377\0007\000.\0002\0005\000.\0001\000\040\000D\000e\000t\000a\000i\000l\000e\000d\000\040\000D\000e\000s\000c\000r\000i\000p\000t\000i\000o\000n}{section.7.25}% 288
\BOOKMARK [1][-]{section.7.26}{\376\377\0007\000.\0002\0006\000\040\000/\000h\000o\000m\000e\000/\000m\000i\000c\000h\000a\000e\000l\000/\000D\000o\000c\000u\000m\000e\000n\000t\000s\000/\000P\000r\000o\000j\000e\000c\000t\000s\000/\000C\000+\000+\000/\000C\000h\000e\000s\000s\000-\000E\000n\000g\000i\000n\000e\000/\000s\000r\000c\000/\000b\000o\000a\000r\000d\000.\000c\000c\000\040\000F\000i\000l\000e\000\040\000R\000e\000f\000e\000r\000e\000n\000c\000e}{chapter.7}% 289
\BOOKMARK [2][-]{subsection.7.26.1}{\376\377\0007\000.\0002\0006\000.\0001\000\040\000D\000e\000t\000a\000i\000l\000e\000d\000\040\000D\000e\000s\000c\000r\000i\000p\000t\000i\000o\000n}{section.7.26}% 290
\BOOKMARK [1][-]{section.7.27}{\376\377\0007\000.\0002\0007\000\040\000/\000h\000o\000m\000e\000/\000m\000i\000c\000h\000a\000e\000l\000/\000D\000o\000c\000u\000m\000e\000n\000t\000s\000/\000P\000r\000o\000j\000e\000c\000t\000s\000/\000C\000+\000+\000/\000C\000h\000e\000s\000s\000-\000E\000n\000g\000i\000n\000e\000/\000s\000r\000c\000/\000c\000o\000n\000s\000o\000l\000e\000.\000c\000c\000\040\000F\000i\000l\000e\000\040\000R\000e\000f\000e\000r\000e\000n\000c\000e}{chapter.7}% 291
\BOOKMARK [2][-]{subsection.7.27.1}{\376\377\0007\000.\0002\0007\000.\0001\000\040\000D\000e\000t\000a\000i\000l\000e\000d\000\040\000D\000e\000s\000c\000r\000i\000p\000t\000i\000o\000n}{section.7.27}% 292
\BOOKMARK [1][-]{section.7.28}{\376\377\0007\000.\0002\0008\000\040\000/\000h\000o\000m\000e\000/\000m\000i\000c\000h\000a\000e\000l\000/\000D\000o\000c\000u\000m\000e\000n\000t\000s\000/\000P\000r\000o\000j\000e\000c\000t\000s\000/\000C\000+\000+\000/\000C\000h\000e\000s\000s\000-\000E\000n\000g\000i\000n\000e\000/\000s\000r\000c\000/\000e\000n\000g\000i\000n\000e\000.\000c\000c\000\040\000F\000i\000l\000e\000\040\000R\000e\000f\000e\000r\000e\000n\000c\000e}{chapter.7}% 293
\BOOKMARK [2][-]{subsection.7.28.1}{\376\377\0007\000.\0002\0008\000.\0001\000\040\000D\000e\000t\000a\000i\000l\000e\000d\000\040\000D\000e\000s\000c\000r\000i\000p\000t\000i\000o\000n}{section.7.28}% 294
\BOOKMARK [1][-]{section.7.29}{\376\377\0007\000.\0002\0009\000\040\000/\000h\000o\000m\000e\000/\000m\000i\000c\000h\000a\000e\000l\000/\000D\000o\000c\000u\000m\000e\000n\000t\000s\000/\000P\000r\000o\000j\000e\000c\000t\000s\000/\000C\000+\000+\000/\000C\000h\000e\000s\000s\000-\000E\000n\000g\000i\000n\000e\000/\000s\000r\000c\000/\000e\000v\000a\000l\000.\000c\000c\000\040\000F\000i\000l\000e\000\040\000R\000e\000f\000e\000r\000e\000n\000c\000e}{chapter.7}% 295
\BOOKMARK [2][-]{subsection.7.29.1}{\376\377\0007\000.\0002\0009\000.\0001\000\040\000D\000e\000t\000a\000i\000l\000e\000d\000\040\000D\000e\000s\000c\000r\000i\000p\000t\000i\000o\000n}{section.7.29}% 296
\BOOKMARK [1][-]{section.7.30}{\376\377\0007\000.\0003\0000\000\040\000/\000h\000o\000m\000e\000/\000m\000i\000c\000h\000a\000e\000l\000/\000D\000o\000c\000u\000m\000e\000n\000t\000s\000/\000P\000r\000o\000j\000e\000c\000t\000s\000/\000C\000+\000+\000/\000C\000h\000e\000s\000s\000-\000E\000n\000g\000i\000n\000e\000/\000s\000r\000c\000/\000h\000a\000s\000h\000.\000c\000c\000\040\000F\000i\000l\000e\000\040\000R\000e\000f\000e\000r\000e\000n\000c\000e}{chapter.7}% 297
\BOOKMARK [2][-]{subsection.7.30.1}{\376\377\0007\000.\0003\0000\000.\0001\000\040\000D\000e\000t\000a\000i\000l\000e\000d\000\040\000D\000e\000s\000c\000r\000i\000p\000t\000i\000o\000n}{section.7.30}% 298
\BOOKMARK [1][-]{section.7.31}{\376\377\0007\000.\0003\0001\000\040\000/\000h\000o\000m\000e\000/\000m\000i\000c\000h\000a\000e\000l\000/\000D\000o\000c\000u\000m\000e\000n\000t\000s\000/\000P\000r\000o\000j\000e\000c\000t\000s\000/\000C\000+\000+\000/\000C\000h\000e\000s\000s\000-\000E\000n\000g\000i\000n\000e\000/\000s\000r\000c\000/\000i\000n\000i\000t\000.\000c\000c\000\040\000F\000i\000l\000e\000\040\000R\000e\000f\000e\000r\000e\000n\000c\000e}{chapter.7}% 299
\BOOKMARK [2][-]{subsection.7.31.1}{\376\377\0007\000.\0003\0001\000.\0001\000\040\000D\000e\000t\000a\000i\000l\000e\000d\000\040\000D\000e\000s\000c\000r\000i\000p\000t\000i\000o\000n}{section.7.31}% 300
\BOOKMARK [1][-]{section.7.32}{\376\377\0007\000.\0003\0002\000\040\000/\000h\000o\000m\000e\000/\000m\000i\000c\000h\000a\000e\000l\000/\000D\000o\000c\000u\000m\000e\000n\000t\000s\000/\000P\000r\000o\000j\000e\000c\000t\000s\000/\000C\000+\000+\000/\000C\000h\000e\000s\000s\000-\000E\000n\000g\000i\000n\000e\000/\000s\000r\000c\000/\000i\000o\000.\000c\000c\000\040\000F\000i\000l\000e\000\040\000R\000e\000f\000e\000r\000e\000n\000c\000e}{chapter.7}% 301
\BOOKMARK [2][-]{subsection.7.32.1}{\376\377\0007\000.\0003\0002\000.\0001\000\040\000D\000e\000t\000a\000i\000l\000e\000d\000\040\000D\000e\000s\000c\000r\000i\000p\000t\000i\000o\000n}{section.7.32}% 302
\BOOKMARK [1][-]{section.7.33}{\376\377\0007\000.\0003\0003\000\040\000/\000h\000o\000m\000e\000/\000m\000i\000c\000h\000a\000e\000l\000/\000D\000o\000c\000u\000m\000e\000n\000t\000s\000/\000P\000r\000o\000j\000e\000c\000t\000s\000/\000C\000+\000+\000/\000C\000h\000e\000s\000s\000-\000E\000n\000g\000i\000n\000e\000/\000s\000r\000c\000/\000m\000a\000i\000n\000.\000c\000c\000\040\000F\000i\000l\000e\000\040\000R\000e\000f\000e\000r\000e\000n\000c\000e}{chapter.7}% 303
\BOOKMARK [2][-]{subsection.7.33.1}{\376\377\0007\000.\0003\0003\000.\0001\000\040\000D\000e\000t\000a\000i\000l\000e\000d\000\040\000D\000e\000s\000c\000r\000i\000p\000t\000i\000o\000n}{section.7.33}% 304
\BOOKMARK [1][-]{section.7.34}{\376\377\0007\000.\0003\0004\000\040\000/\000h\000o\000m\000e\000/\000m\000i\000c\000h\000a\000e\000l\000/\000D\000o\000c\000u\000m\000e\000n\000t\000s\000/\000P\000r\000o\000j\000e\000c\000t\000s\000/\000C\000+\000+\000/\000C\000h\000e\000s\000s\000-\000E\000n\000g\000i\000n\000e\000/\000s\000r\000c\000/\000m\000o\000v\000e\000.\000c\000c\000\040\000F\000i\000l\000e\000\040\000R\000e\000f\000e\000r\000e\000n\000c\000e}{chapter.7}% 305
\BOOKMARK [2][-]{subsection.7.34.1}{\376\377\0007\000.\0003\0004\000.\0001\000\040\000D\000e\000t\000a\000i\000l\000e\000d\000\040\000D\000e\000s\000c\000r\000i\000p\000t\000i\000o\000n}{section.7.34}% 306
\BOOKMARK [1][-]{section.7.35}{\376\377\0007\000.\0003\0005\000\040\000/\000h\000o\000m\000e\000/\000m\000i\000c\000h\000a\000e\000l\000/\000D\000o\000c\000u\000m\000e\000n\000t\000s\000/\000P\000r\000o\000j\000e\000c\000t\000s\000/\000C\000+\000+\000/\000C\000h\000e\000s\000s\000-\000E\000n\000g\000i\000n\000e\000/\000s\000r\000c\000/\000m\000o\000v\000e\000l\000i\000s\000t\000.\000c\000c\000\040\000F\000i\000l\000e\000\040\000R\000e\000f\000e\000r\000e\000n\000c\000e}{chapter.7}% 307
\BOOKMARK [2][-]{subsection.7.35.1}{\376\377\0007\000.\0003\0005\000.\0001\000\040\000D\000e\000t\000a\000i\000l\000e\000d\000\040\000D\000e\000s\000c\000r\000i\000p\000t\000i\000o\000n}{section.7.35}% 308
\BOOKMARK [1][-]{section.7.36}{\376\377\0007\000.\0003\0006\000\040\000/\000h\000o\000m\000e\000/\000m\000i\000c\000h\000a\000e\000l\000/\000D\000o\000c\000u\000m\000e\000n\000t\000s\000/\000P\000r\000o\000j\000e\000c\000t\000s\000/\000C\000+\000+\000/\000C\000h\000e\000s\000s\000-\000E\000n\000g\000i\000n\000e\000/\000s\000r\000c\000/\000m\000o\000v\000e\000m\000a\000k\000e\000r\000.\000c\000c\000\040\000F\000i\000l\000e\000\040\000R\000e\000f\000e\000r\000e\000n\000c\000e}{chapter.7}% 309
\BOOKMARK [2][-]{subsection.7.36.1}{\376\377\0007\000.\0003\0006\000.\0001\000\040\000D\000e\000t\000a\000i\000l\000e\000d\000\040\000D\000e\000s\000c\000r\000i\000p\000t\000i\000o\000n}{section.7.36}% 310
\BOOKMARK [1][-]{section.7.37}{\376\377\0007\000.\0003\0007\000\040\000/\000h\000o\000m\000e\000/\000m\000i\000c\000h\000a\000e\000l\000/\000D\000o\000c\000u\000m\000e\000n\000t\000s\000/\000P\000r\000o\000j\000e\000c\000t\000s\000/\000C\000+\000+\000/\000C\000h\000e\000s\000s\000-\000E\000n\000g\000i\000n\000e\000/\000s\000r\000c\000/\000p\000o\000l\000y\000g\000l\000o\000t\000.\000c\000c\000\040\000F\000i\000l\000e\000\040\000R\000e\000f\000e\000r\000e\000n\000c\000e}{chapter.7}% 311
\BOOKMARK [2][-]{subsection.7.37.1}{\376\377\0007\000.\0003\0007\000.\0001\000\040\000D\000e\000t\000a\000i\000l\000e\000d\000\040\000D\000e\000s\000c\000r\000i\000p\000t\000i\000o\000n}{section.7.37}% 312
\BOOKMARK [1][-]{section.7.38}{\376\377\0007\000.\0003\0008\000\040\000/\000h\000o\000m\000e\000/\000m\000i\000c\000h\000a\000e\000l\000/\000D\000o\000c\000u\000m\000e\000n\000t\000s\000/\000P\000r\000o\000j\000e\000c\000t\000s\000/\000C\000+\000+\000/\000C\000h\000e\000s\000s\000-\000E\000n\000g\000i\000n\000e\000/\000s\000r\000c\000/\000p\000v\000t\000a\000b\000l\000e\000.\000c\000c\000\040\000F\000i\000l\000e\000\040\000R\000e\000f\000e\000r\000e\000n\000c\000e}{chapter.7}% 313
\BOOKMARK [2][-]{subsection.7.38.1}{\376\377\0007\000.\0003\0008\000.\0001\000\040\000D\000e\000t\000a\000i\000l\000e\000d\000\040\000D\000e\000s\000c\000r\000i\000p\000t\000i\000o\000n}{section.7.38}% 314
\BOOKMARK [1][-]{section.7.39}{\376\377\0007\000.\0003\0009\000\040\000/\000h\000o\000m\000e\000/\000m\000i\000c\000h\000a\000e\000l\000/\000D\000o\000c\000u\000m\000e\000n\000t\000s\000/\000P\000r\000o\000j\000e\000c\000t\000s\000/\000C\000+\000+\000/\000C\000h\000e\000s\000s\000-\000E\000n\000g\000i\000n\000e\000/\000s\000r\000c\000/\000s\000e\000a\000r\000c\000h\000.\000c\000c\000\040\000F\000i\000l\000e\000\040\000R\000e\000f\000e\000r\000e\000n\000c\000e}{chapter.7}% 315
\BOOKMARK [2][-]{subsection.7.39.1}{\376\377\0007\000.\0003\0009\000.\0001\000\040\000D\000e\000t\000a\000i\000l\000e\000d\000\040\000D\000e\000s\000c\000r\000i\000p\000t\000i\000o\000n}{section.7.39}% 316
\BOOKMARK [1][-]{section.7.40}{\376\377\0007\000.\0004\0000\000\040\000/\000h\000o\000m\000e\000/\000m\000i\000c\000h\000a\000e\000l\000/\000D\000o\000c\000u\000m\000e\000n\000t\000s\000/\000P\000r\000o\000j\000e\000c\000t\000s\000/\000C\000+\000+\000/\000C\000h\000e\000s\000s\000-\000E\000n\000g\000i\000n\000e\000/\000s\000r\000c\000/\000s\000t\000o\000p\000w\000a\000t\000c\000h\000.\000c\000c\000\040\000F\000i\000l\000e\000\040\000R\000e\000f\000e\000r\000e\000n\000c\000e}{chapter.7}% 317
\BOOKMARK [2][-]{subsection.7.40.1}{\376\377\0007\000.\0004\0000\000.\0001\000\040\000D\000e\000t\000a\000i\000l\000e\000d\000\040\000D\000e\000s\000c\000r\000i\000p\000t\000i\000o\000n}{section.7.40}% 318
\BOOKMARK [1][-]{section.7.41}{\376\377\0007\000.\0004\0001\000\040\000/\000h\000o\000m\000e\000/\000m\000i\000c\000h\000a\000e\000l\000/\000D\000o\000c\000u\000m\000e\000n\000t\000s\000/\000P\000r\000o\000j\000e\000c\000t\000s\000/\000C\000+\000+\000/\000C\000h\000e\000s\000s\000-\000E\000n\000g\000i\000n\000e\000/\000s\000r\000c\000/\000t\000e\000s\000t\000e\000r\000.\000c\000c\000\040\000F\000i\000l\000e\000\040\000R\000e\000f\000e\000r\000e\000n\000c\000e}{chapter.7}% 319
\BOOKMARK [2][-]{subsection.7.41.1}{\376\377\0007\000.\0004\0001\000.\0001\000\040\000D\000e\000t\000a\000i\000l\000e\000d\000\040\000D\000e\000s\000c\000r\000i\000p\000t\000i\000o\000n}{section.7.41}% 320
\BOOKMARK [1][-]{section.7.42}{\376\377\0007\000.\0004\0002\000\040\000/\000h\000o\000m\000e\000/\000m\000i\000c\000h\000a\000e\000l\000/\000D\000o\000c\000u\000m\000e\000n\000t\000s\000/\000P\000r\000o\000j\000e\000c\000t\000s\000/\000C\000+\000+\000/\000C\000h\000e\000s\000s\000-\000E\000n\000g\000i\000n\000e\000/\000s\000r\000c\000/\000u\000c\000i\000.\000c\000c\000\040\000F\000i\000l\000e\000\040\000R\000e\000f\000e\000r\000e\000n\000c\000e}{chapter.7}% 321
\BOOKMARK [2][-]{subsection.7.42.1}{\376\377\0007\000.\0004\0002\000.\0001\000\040\000D\000e\000t\000a\000i\000l\000e\000d\000\040\000D\000e\000s\000c\000r\000i\000p\000t\000i\000o\000n}{section.7.42}% 322
\BOOKMARK [1][-]{section.7.43}{\376\377\0007\000.\0004\0003\000\040\000/\000h\000o\000m\000e\000/\000m\000i\000c\000h\000a\000e\000l\000/\000D\000o\000c\000u\000m\000e\000n\000t\000s\000/\000P\000r\000o\000j\000e\000c\000t\000s\000/\000C\000+\000+\000/\000C\000h\000e\000s\000s\000-\000E\000n\000g\000i\000n\000e\000/\000s\000r\000c\000/\000u\000t\000i\000l\000s\000.\000c\000c\000\040\000F\000i\000l\000e\000\040\000R\000e\000f\000e\000r\000e\000n\000c\000e}{chapter.7}% 323
\BOOKMARK [2][-]{subsection.7.43.1}{\376\377\0007\000.\0004\0003\000.\0001\000\040\000D\000e\000t\000a\000i\000l\000e\000d\000\040\000D\000e\000s\000c\000r\000i\000p\000t\000i\000o\000n}{section.7.43}% 324
\BOOKMARK [2][-]{subsection.7.43.2}{\376\377\0007\000.\0004\0003\000.\0002\000\040\000F\000u\000n\000c\000t\000i\000o\000n\000\040\000D\000o\000c\000u\000m\000e\000n\000t\000a\000t\000i\000o\000n}{section.7.43}% 325
\BOOKMARK [3][-]{subsubsection.7.43.2.1}{\376\377\0007\000.\0004\0003\000.\0002\000.\0001\000\040\000I\000n\000p\000u\000t\000W\000a\000i\000t\000i\000n\000g\000\050\000\051}{subsection.7.43.2}% 326
\BOOKMARK [3][-]{subsubsection.7.43.2.2}{\376\377\0007\000.\0004\0003\000.\0002\000.\0002\000\040\000r\000a\000n\000d\000U\0006\0004\000\050\000\051}{subsection.7.43.2}% 327
\BOOKMARK [3][-]{subsubsection.7.43.2.3}{\376\377\0007\000.\0004\0003\000.\0002\000.\0003\000\040\000R\000e\000a\000d\000I\000n\000p\000u\000t\000\050\000\051}{subsection.7.43.2}% 328
\BOOKMARK [3][-]{subsubsection.7.43.2.4}{\376\377\0007\000.\0004\0003\000.\0002\000.\0004\000\040\000s\000h\000o\000w\000A\000t\000t\000a\000c\000k\000e\000d\000S\000q\000s\000\050\000\051}{subsection.7.43.2}% 329
\BOOKMARK [3][-]{subsubsection.7.43.2.5}{\376\377\0007\000.\0004\0003\000.\0002\000.\0005\000\040\000s\000q\000O\000n\000B\000o\000a\000r\000d\000\050\000\051}{subsection.7.43.2}% 330
\BOOKMARK [3][-]{subsubsection.7.43.2.6}{\376\377\0007\000.\0004\0003\000.\0002\000.\0006\000\040\000s\000q\000T\000o\000S\000t\000r\000i\000n\000g\000\050\000\051}{subsection.7.43.2}% 331
\BOOKMARK [3][-]{subsubsection.7.43.2.7}{\376\377\0007\000.\0004\0003\000.\0002\000.\0007\000\040\000s\000t\000r\000i\000n\000g\000T\000o\000L\000o\000w\000e\000r\000\050\000\051}{subsection.7.43.2}% 332
\BOOKMARK [1][-]{section.7.44}{\376\377\0007\000.\0004\0004\000\040\000/\000h\000o\000m\000e\000/\000m\000i\000c\000h\000a\000e\000l\000/\000D\000o\000c\000u\000m\000e\000n\000t\000s\000/\000P\000r\000o\000j\000e\000c\000t\000s\000/\000C\000+\000+\000/\000C\000h\000e\000s\000s\000-\000E\000n\000g\000i\000n\000e\000/\000s\000r\000c\000/\000x\000b\000o\000a\000r\000d\000.\000c\000c\000\040\000F\000i\000l\000e\000\040\000R\000e\000f\000e\000r\000e\000n\000c\000e}{chapter.7}% 333
\BOOKMARK [2][-]{subsection.7.44.1}{\376\377\0007\000.\0004\0004\000.\0001\000\040\000D\000e\000t\000a\000i\000l\000e\000d\000\040\000D\000e\000s\000c\000r\000i\000p\000t\000i\000o\000n}{section.7.44}% 334
\BOOKMARK [0][-]{section*.114}{\376\377\000I\000n\000d\000e\000x}{}% 335
