This is pdfTeX, Version 3.14159265-2.6-1.40.19 (TeX Live 2018) (preloaded format=pdflatex 2018.8.6)  9 JAN 2019 23:36
entering extended mode
 restricted \write18 enabled.
 %&-line parsing enabled.
**refman
(./refman.tex
LaTeX2e <2018-04-01> patch level 5
(/usr/local/texlive/2018/texmf-dist/tex/latex/base/book.cls
Document Class: book 2014/09/29 v1.4h Standard LaTeX document class
(/usr/local/texlive/2018/texmf-dist/tex/latex/base/bk10.clo
File: bk10.clo 2014/09/29 v1.4h Standard LaTeX file (size option)
)
\c@part=\count80
\c@chapter=\count81
\c@section=\count82
\c@subsection=\count83
\c@subsubsection=\count84
\c@paragraph=\count85
\c@subparagraph=\count86
\c@figure=\count87
\c@table=\count88
\abovecaptionskip=\skip41
\belowcaptionskip=\skip42
\bibindent=\dimen102
)
(/usr/local/texlive/2018/texmf-dist/tex/latex/base/fixltx2e.sty
Package: fixltx2e 2016/12/29 v2.1a fixes to LaTeX (obsolete)
Applying: [2015/01/01] Old fixltx2e package on input line 46.


Package fixltx2e Warning: fixltx2e is not required with releases after 2015
(fixltx2e)                All fixes are now in the LaTeX kernel.
(fixltx2e)                See the latexrelease package for details.

Already applied: [0000/00/00] Old fixltx2e package on input line 53.
) (/usr/local/texlive/2018/texmf-dist/tex/latex/tools/calc.sty
Package: calc 2017/05/25 v4.3 Infix arithmetic (KKT,FJ)
\calc@Acount=\count89
\calc@Bcount=\count90
\calc@Adimen=\dimen103
\calc@Bdimen=\dimen104
\calc@Askip=\skip43
\calc@Bskip=\skip44
LaTeX Info: Redefining \setlength on input line 80.
LaTeX Info: Redefining \addtolength on input line 81.
\calc@Ccount=\count91
\calc@Cskip=\skip45
) (./doxygen.sty
Package: doxygen 

(/usr/local/texlive/2018/texmf-dist/tex/latex/base/alltt.sty
Package: alltt 1997/06/16 v2.0g defines alltt environment
)
(/usr/local/texlive/2018/texmf-dist/tex/latex/tools/array.sty
Package: array 2018/04/30 v2.4h Tabular extension package (FMi)
\col@sep=\dimen105
\ar@mcellbox=\box26
\extrarowheight=\dimen106
\NC@list=\toks14
\extratabsurround=\skip46
\backup@length=\skip47
\ar@cellbox=\box27
)
(/usr/local/texlive/2018/texmf-dist/tex/latex/float/float.sty
Package: float 2001/11/08 v1.3d Float enhancements (AL)
\c@float@type=\count92
\float@exts=\toks15
\float@box=\box28
\@float@everytoks=\toks16
\@floatcapt=\box29
)
(/usr/local/texlive/2018/texmf-dist/tex/latex/base/ifthen.sty
Package: ifthen 2014/09/29 v1.1c Standard LaTeX ifthen package (DPC)
)
(/usr/local/texlive/2018/texmf-dist/tex/latex/tools/verbatim.sty
Package: verbatim 2014/10/28 v1.5q LaTeX2e package for verbatim enhancements
\every@verbatim=\toks17
\verbatim@line=\toks18
\verbatim@in@stream=\read1
)
(/usr/local/texlive/2018/texmf-dist/tex/latex/xcolor/xcolor.sty
Package: xcolor 2016/05/11 v2.12 LaTeX color extensions (UK)

(/usr/local/texlive/2018/texmf-dist/tex/latex/graphics-cfg/color.cfg
File: color.cfg 2016/01/02 v1.6 sample color configuration
)
Package xcolor Info: Driver file: pdftex.def on input line 225.

(/usr/local/texlive/2018/texmf-dist/tex/latex/graphics-def/pdftex.def
File: pdftex.def 2018/01/08 v1.0l Graphics/color driver for pdftex
)
(/usr/local/texlive/2018/texmf-dist/tex/latex/colortbl/colortbl.sty
Package: colortbl 2018/05/02 v1.0c Color table columns (DPC)
\everycr=\toks19
\minrowclearance=\skip48
)
\rownum=\count93
Package xcolor Info: Model `cmy' substituted by `cmy0' on input line 1348.
Package xcolor Info: Model `hsb' substituted by `rgb' on input line 1352.
Package xcolor Info: Model `RGB' extended on input line 1364.
Package xcolor Info: Model `HTML' substituted by `rgb' on input line 1366.
Package xcolor Info: Model `Hsb' substituted by `hsb' on input line 1367.
Package xcolor Info: Model `tHsb' substituted by `hsb' on input line 1368.
Package xcolor Info: Model `HSB' substituted by `hsb' on input line 1369.
Package xcolor Info: Model `Gray' substituted by `gray' on input line 1370.
Package xcolor Info: Model `wave' substituted by `hsb' on input line 1371.
)
(/usr/local/texlive/2018/texmf-dist/tex/latex/tools/longtable.sty
Package: longtable 2014/10/28 v4.11 Multi-page Table package (DPC)
\LTleft=\skip49
\LTright=\skip50
\LTpre=\skip51
\LTpost=\skip52
\LTchunksize=\count94
\LTcapwidth=\dimen107
\LT@head=\box30
\LT@firsthead=\box31
\LT@foot=\box32
\LT@lastfoot=\box33
\LT@cols=\count95
\LT@rows=\count96
\c@LT@tables=\count97
\c@LT@chunks=\count98
\LT@p@ftn=\toks20
)
(/usr/local/texlive/2018/texmf-dist/tex/latex/tabu/tabu.sty
Package: tabu 2011/02/26 v2.8 - flexible LaTeX tabulars (FC)

(/usr/local/texlive/2018/texmf-dist/tex/latex/varwidth/varwidth.sty
Package: varwidth 2009/03/30 ver 0.92;  Variable-width minipages
\@vwid@box=\box34
\sift@deathcycles=\count99
\@vwid@loff=\dimen108
\@vwid@roff=\dimen109
)
\c@taburow=\count100
\tabu@nbcols=\count101
\tabu@cnt=\count102
\tabu@Xcol=\count103
\tabu@alloc=\count104
\tabu@nested=\count105
\tabu@target=\dimen110
\tabu@spreadtarget=\dimen111
\tabu@naturalX=\dimen112
\tabucolX=\dimen113
\tabu@Xsum=\dimen114
\extrarowdepth=\dimen115
\abovetabulinesep=\dimen116
\belowtabulinesep=\dimen117
\tabustrutrule=\dimen118
\tabu@thebody=\toks21
\tabu@footnotes=\toks22
\tabu@box=\box35
\tabu@arstrutbox=\box36
\tabu@hleads=\box37
\tabu@vleads=\box38
\tabu@cellskip=\skip53
)
(/usr/local/texlive/2018/texmf-dist/tex/latex/tools/tabularx.sty
Package: tabularx 2016/02/03 v2.11b `tabularx' package (DPC)
\TX@col@width=\dimen119
\TX@old@table=\dimen120
\TX@old@col=\dimen121
\TX@target=\dimen122
\TX@delta=\dimen123
\TX@cols=\count106
\TX@ftn=\toks23
)
(/usr/local/texlive/2018/texmf-dist/tex/latex/multirow/multirow.sty
Package: multirow 2016/11/25 v2.2 Span multiple rows of a table
\multirow@colwidth=\skip54
\multirow@cntb=\count107
\multirow@dima=\skip55
\bigstrutjot=\dimen124
)
\xrefbox=\box39
\xreflength=\skip56
)
(/usr/local/texlive/2018/texmf-dist/tex/latex/adjustbox/adjustbox.sty
Package: adjustbox 2018/04/08 v1.1 Adjusting TeX boxes (trim, clip, ...)

(/usr/local/texlive/2018/texmf-dist/tex/latex/xkeyval/xkeyval.sty
Package: xkeyval 2014/12/03 v2.7a package option processing (HA)

(/usr/local/texlive/2018/texmf-dist/tex/generic/xkeyval/xkeyval.tex
(/usr/local/texlive/2018/texmf-dist/tex/generic/xkeyval/xkvutils.tex
\XKV@toks=\toks24
\XKV@tempa@toks=\toks25

(/usr/local/texlive/2018/texmf-dist/tex/generic/xkeyval/keyval.tex))
\XKV@depth=\count108
File: xkeyval.tex 2014/12/03 v2.7a key=value parser (HA)
))
(/usr/local/texlive/2018/texmf-dist/tex/latex/adjustbox/adjcalc.sty
Package: adjcalc 2012/05/16 v1.1 Provides advanced setlength with multiple back
-ends (calc, etex, pgfmath)
)
(/usr/local/texlive/2018/texmf-dist/tex/latex/adjustbox/trimclip.sty
Package: trimclip 2018/04/08 v1.1 Trim and clip general TeX material

(/usr/local/texlive/2018/texmf-dist/tex/latex/graphics/graphicx.sty
Package: graphicx 2017/06/01 v1.1a Enhanced LaTeX Graphics (DPC,SPQR)

(/usr/local/texlive/2018/texmf-dist/tex/latex/graphics/graphics.sty
Package: graphics 2017/06/25 v1.2c Standard LaTeX Graphics (DPC,SPQR)

(/usr/local/texlive/2018/texmf-dist/tex/latex/graphics/trig.sty
Package: trig 2016/01/03 v1.10 sin cos tan (DPC)
)
(/usr/local/texlive/2018/texmf-dist/tex/latex/graphics-cfg/graphics.cfg
File: graphics.cfg 2016/06/04 v1.11 sample graphics configuration
)
Package graphics Info: Driver file: pdftex.def on input line 99.
)
\Gin@req@height=\dimen125
\Gin@req@width=\dimen126
)
(/usr/local/texlive/2018/texmf-dist/tex/latex/collectbox/collectbox.sty
Package: collectbox 2012/05/17 v0.4b Collect macro arguments as boxes
\collectedbox=\box40
)
\tc@llx=\dimen127
\tc@lly=\dimen128
\tc@urx=\dimen129
\tc@ury=\dimen130
Package trimclip Info: Using driver 'tc-pdftex.def'.

(/usr/local/texlive/2018/texmf-dist/tex/latex/adjustbox/tc-pdftex.def
File: tc-pdftex.def 2018/04/08 v2.1 Clipping driver for pdftex
))
\adjbox@Width=\dimen131
\adjbox@Height=\dimen132
\adjbox@Depth=\dimen133
\adjbox@Totalheight=\dimen134
\adjbox@pwidth=\dimen135
\adjbox@pheight=\dimen136
\adjbox@pdepth=\dimen137
\adjbox@ptotalheight=\dimen138

(/usr/local/texlive/2018/texmf-dist/tex/latex/ifoddpage/ifoddpage.sty
Package: ifoddpage 2016/04/23 v1.1 Conditionals for odd/even page detection
\c@checkoddpage=\count109
))
(/usr/local/texlive/2018/texmf-dist/tex/latex/base/inputenc.sty
Package: inputenc 2018/04/06 v1.3b Input encoding file
\inpenc@prehook=\toks26
\inpenc@posthook=\toks27
)
(/usr/local/texlive/2018/texmf-dist/tex/latex/base/makeidx.sty
Package: makeidx 2014/09/29 v1.0m Standard LaTeX package
)
(/usr/local/texlive/2018/texmf-dist/tex/latex/tools/multicol.sty
Package: multicol 2018/04/20 v1.8s multicolumn formatting (FMi)
\c@tracingmulticols=\count110
\mult@box=\box41
\multicol@leftmargin=\dimen139
\c@unbalance=\count111
\c@collectmore=\count112
\doublecol@number=\count113
\multicoltolerance=\count114
\multicolpretolerance=\count115
\full@width=\dimen140
\page@free=\dimen141
\premulticols=\dimen142
\postmulticols=\dimen143
\multicolsep=\skip57
\multicolbaselineskip=\skip58
\partial@page=\box42
\last@line=\box43
\maxbalancingoverflow=\dimen144
\mult@rightbox=\box44
\mult@grightbox=\box45
\mult@gfirstbox=\box46
\mult@firstbox=\box47
\@tempa=\box48
\@tempa=\box49
\@tempa=\box50
\@tempa=\box51
\@tempa=\box52
\@tempa=\box53
\@tempa=\box54
\@tempa=\box55
\@tempa=\box56
\@tempa=\box57
\@tempa=\box58
\@tempa=\box59
\@tempa=\box60
\@tempa=\box61
\@tempa=\box62
\@tempa=\box63
\@tempa=\box64
\c@columnbadness=\count116
\c@finalcolumnbadness=\count117
\last@try=\dimen145
\multicolovershoot=\dimen146
\multicolundershoot=\dimen147
\mult@nat@firstbox=\box65
\colbreak@box=\box66
\mc@col@check@num=\count118
)
(/usr/local/texlive/2018/texmf-dist/tex/latex/base/textcomp.sty
Package: textcomp 2017/04/05 v2.0i Standard LaTeX package
Package textcomp Info: Sub-encoding information:
(textcomp)               5 = only ISO-Adobe without \textcurrency
(textcomp)               4 = 5 + \texteuro
(textcomp)               3 = 4 + \textohm
(textcomp)               2 = 3 + \textestimated + \textcurrency
(textcomp)               1 = TS1 - \textcircled - \t
(textcomp)               0 = TS1 (full)
(textcomp)             Font families with sub-encoding setting implement
(textcomp)             only a restricted character set as indicated.
(textcomp)             Family '?' is the default used for unknown fonts.
(textcomp)             See the documentation for details.
Package textcomp Info: Setting ? sub-encoding to TS1/1 on input line 79.

(/usr/local/texlive/2018/texmf-dist/tex/latex/base/ts1enc.def
File: ts1enc.def 2001/06/05 v3.0e (jk/car/fm) Standard LaTeX file
Now handling font encoding TS1 ...
... processing UTF-8 mapping file for font encoding TS1

(/usr/local/texlive/2018/texmf-dist/tex/latex/base/ts1enc.dfu
File: ts1enc.dfu 2018/04/05 v1.2c UTF-8 support for inputenc
   defining Unicode char U+00A2 (decimal 162)
   defining Unicode char U+00A3 (decimal 163)
   defining Unicode char U+00A4 (decimal 164)
   defining Unicode char U+00A5 (decimal 165)
   defining Unicode char U+00A6 (decimal 166)
   defining Unicode char U+00A7 (decimal 167)
   defining Unicode char U+00A8 (decimal 168)
   defining Unicode char U+00A9 (decimal 169)
   defining Unicode char U+00AA (decimal 170)
   defining Unicode char U+00AC (decimal 172)
   defining Unicode char U+00AE (decimal 174)
   defining Unicode char U+00AF (decimal 175)
   defining Unicode char U+00B0 (decimal 176)
   defining Unicode char U+00B1 (decimal 177)
   defining Unicode char U+00B2 (decimal 178)
   defining Unicode char U+00B3 (decimal 179)
   defining Unicode char U+00B4 (decimal 180)
   defining Unicode char U+00B5 (decimal 181)
   defining Unicode char U+00B6 (decimal 182)
   defining Unicode char U+00B7 (decimal 183)
   defining Unicode char U+00B9 (decimal 185)
   defining Unicode char U+00BA (decimal 186)
   defining Unicode char U+00BC (decimal 188)
   defining Unicode char U+00BD (decimal 189)
   defining Unicode char U+00BE (decimal 190)
   defining Unicode char U+00D7 (decimal 215)
   defining Unicode char U+00F7 (decimal 247)
   defining Unicode char U+0192 (decimal 402)
   defining Unicode char U+02C7 (decimal 711)
   defining Unicode char U+02D8 (decimal 728)
   defining Unicode char U+02DD (decimal 733)
   defining Unicode char U+0E3F (decimal 3647)
   defining Unicode char U+2016 (decimal 8214)
   defining Unicode char U+2020 (decimal 8224)
   defining Unicode char U+2021 (decimal 8225)
   defining Unicode char U+2022 (decimal 8226)
   defining Unicode char U+2030 (decimal 8240)
   defining Unicode char U+2031 (decimal 8241)
   defining Unicode char U+203B (decimal 8251)
   defining Unicode char U+203D (decimal 8253)
   defining Unicode char U+2044 (decimal 8260)
   defining Unicode char U+204E (decimal 8270)
   defining Unicode char U+2052 (decimal 8274)
   defining Unicode char U+20A1 (decimal 8353)
   defining Unicode char U+20A4 (decimal 8356)
   defining Unicode char U+20A6 (decimal 8358)
   defining Unicode char U+20A9 (decimal 8361)
   defining Unicode char U+20AB (decimal 8363)
   defining Unicode char U+20AC (decimal 8364)
   defining Unicode char U+20B1 (decimal 8369)
   defining Unicode char U+2103 (decimal 8451)
   defining Unicode char U+2116 (decimal 8470)
   defining Unicode char U+2117 (decimal 8471)
   defining Unicode char U+211E (decimal 8478)
   defining Unicode char U+2120 (decimal 8480)
   defining Unicode char U+2122 (decimal 8482)
   defining Unicode char U+2126 (decimal 8486)
   defining Unicode char U+2127 (decimal 8487)
   defining Unicode char U+212E (decimal 8494)
   defining Unicode char U+2190 (decimal 8592)
   defining Unicode char U+2191 (decimal 8593)
   defining Unicode char U+2192 (decimal 8594)
   defining Unicode char U+2193 (decimal 8595)
   defining Unicode char U+2329 (decimal 9001)
   defining Unicode char U+232A (decimal 9002)
   defining Unicode char U+2422 (decimal 9250)
   defining Unicode char U+25E6 (decimal 9702)
   defining Unicode char U+25EF (decimal 9711)
   defining Unicode char U+266A (decimal 9834)
   defining Unicode char U+FEFF (decimal 65279)
))
LaTeX Info: Redefining \oldstylenums on input line 334.
Package textcomp Info: Setting cmr sub-encoding to TS1/0 on input line 349.
Package textcomp Info: Setting cmss sub-encoding to TS1/0 on input line 350.
Package textcomp Info: Setting cmtt sub-encoding to TS1/0 on input line 351.
Package textcomp Info: Setting cmvtt sub-encoding to TS1/0 on input line 352.
Package textcomp Info: Setting cmbr sub-encoding to TS1/0 on input line 353.
Package textcomp Info: Setting cmtl sub-encoding to TS1/0 on input line 354.
Package textcomp Info: Setting ccr sub-encoding to TS1/0 on input line 355.
Package textcomp Info: Setting ptm sub-encoding to TS1/4 on input line 356.
Package textcomp Info: Setting pcr sub-encoding to TS1/4 on input line 357.
Package textcomp Info: Setting phv sub-encoding to TS1/4 on input line 358.
Package textcomp Info: Setting ppl sub-encoding to TS1/3 on input line 359.
Package textcomp Info: Setting pag sub-encoding to TS1/4 on input line 360.
Package textcomp Info: Setting pbk sub-encoding to TS1/4 on input line 361.
Package textcomp Info: Setting pnc sub-encoding to TS1/4 on input line 362.
Package textcomp Info: Setting pzc sub-encoding to TS1/4 on input line 363.
Package textcomp Info: Setting bch sub-encoding to TS1/4 on input line 364.
Package textcomp Info: Setting put sub-encoding to TS1/5 on input line 365.
Package textcomp Info: Setting uag sub-encoding to TS1/5 on input line 366.
Package textcomp Info: Setting ugq sub-encoding to TS1/5 on input line 367.
Package textcomp Info: Setting ul8 sub-encoding to TS1/4 on input line 368.
Package textcomp Info: Setting ul9 sub-encoding to TS1/4 on input line 369.
Package textcomp Info: Setting augie sub-encoding to TS1/5 on input line 370.
Package textcomp Info: Setting dayrom sub-encoding to TS1/3 on input line 371.
Package textcomp Info: Setting dayroms sub-encoding to TS1/3 on input line 372.

Package textcomp Info: Setting pxr sub-encoding to TS1/0 on input line 373.
Package textcomp Info: Setting pxss sub-encoding to TS1/0 on input line 374.
Package textcomp Info: Setting pxtt sub-encoding to TS1/0 on input line 375.
Package textcomp Info: Setting txr sub-encoding to TS1/0 on input line 376.
Package textcomp Info: Setting txss sub-encoding to TS1/0 on input line 377.
Package textcomp Info: Setting txtt sub-encoding to TS1/0 on input line 378.
Package textcomp Info: Setting lmr sub-encoding to TS1/0 on input line 379.
Package textcomp Info: Setting lmdh sub-encoding to TS1/0 on input line 380.
Package textcomp Info: Setting lmss sub-encoding to TS1/0 on input line 381.
Package textcomp Info: Setting lmssq sub-encoding to TS1/0 on input line 382.
Package textcomp Info: Setting lmvtt sub-encoding to TS1/0 on input line 383.
Package textcomp Info: Setting lmtt sub-encoding to TS1/0 on input line 384.
Package textcomp Info: Setting qhv sub-encoding to TS1/0 on input line 385.
Package textcomp Info: Setting qag sub-encoding to TS1/0 on input line 386.
Package textcomp Info: Setting qbk sub-encoding to TS1/0 on input line 387.
Package textcomp Info: Setting qcr sub-encoding to TS1/0 on input line 388.
Package textcomp Info: Setting qcs sub-encoding to TS1/0 on input line 389.
Package textcomp Info: Setting qpl sub-encoding to TS1/0 on input line 390.
Package textcomp Info: Setting qtm sub-encoding to TS1/0 on input line 391.
Package textcomp Info: Setting qzc sub-encoding to TS1/0 on input line 392.
Package textcomp Info: Setting qhvc sub-encoding to TS1/0 on input line 393.
Package textcomp Info: Setting futs sub-encoding to TS1/4 on input line 394.
Package textcomp Info: Setting futx sub-encoding to TS1/4 on input line 395.
Package textcomp Info: Setting futj sub-encoding to TS1/4 on input line 396.
Package textcomp Info: Setting hlh sub-encoding to TS1/3 on input line 397.
Package textcomp Info: Setting hls sub-encoding to TS1/3 on input line 398.
Package textcomp Info: Setting hlst sub-encoding to TS1/3 on input line 399.
Package textcomp Info: Setting hlct sub-encoding to TS1/5 on input line 400.
Package textcomp Info: Setting hlx sub-encoding to TS1/5 on input line 401.
Package textcomp Info: Setting hlce sub-encoding to TS1/5 on input line 402.
Package textcomp Info: Setting hlcn sub-encoding to TS1/5 on input line 403.
Package textcomp Info: Setting hlcw sub-encoding to TS1/5 on input line 404.
Package textcomp Info: Setting hlcf sub-encoding to TS1/5 on input line 405.
Package textcomp Info: Setting pplx sub-encoding to TS1/3 on input line 406.
Package textcomp Info: Setting pplj sub-encoding to TS1/3 on input line 407.
Package textcomp Info: Setting ptmx sub-encoding to TS1/4 on input line 408.
Package textcomp Info: Setting ptmj sub-encoding to TS1/4 on input line 409.
)
(/usr/local/texlive/2018/texmf-dist/tex/latex/wasysym/wasysym.sty
Package: wasysym 2003/10/30 v2.0 Wasy-2 symbol support package
\symwasy=\mathgroup4
LaTeX Font Info:    Overwriting symbol font `wasy' in version `bold'
(Font)                  U/wasy/m/n --> U/wasy/b/n on input line 90.
)
(/usr/local/texlive/2018/texmf-dist/tex/latex/base/fontenc.sty
Package: fontenc 2017/04/05 v2.0i Standard LaTeX package

(/usr/local/texlive/2018/texmf-dist/tex/latex/base/t1enc.def
File: t1enc.def 2017/04/05 v2.0i Standard LaTeX file
LaTeX Font Info:    Redeclaring font encoding T1 on input line 48.
))
(/usr/local/texlive/2018/texmf-dist/tex/latex/psnfss/helvet.sty
Package: helvet 2005/04/12 PSNFSS-v9.2a (WaS) 
)
(/usr/local/texlive/2018/texmf-dist/tex/latex/psnfss/courier.sty
Package: courier 2005/04/12 PSNFSS-v9.2a (WaS) 
)
(/usr/local/texlive/2018/texmf-dist/tex/latex/amsfonts/amssymb.sty
Package: amssymb 2013/01/14 v3.01 AMS font symbols

(/usr/local/texlive/2018/texmf-dist/tex/latex/amsfonts/amsfonts.sty
Package: amsfonts 2013/01/14 v3.01 Basic AMSFonts support
\@emptytoks=\toks28
\symAMSa=\mathgroup5
\symAMSb=\mathgroup6
LaTeX Font Info:    Overwriting math alphabet `\mathfrak' in version `bold'
(Font)                  U/euf/m/n --> U/euf/b/n on input line 106.
))
(/usr/local/texlive/2018/texmf-dist/tex/latex/sectsty/sectsty.sty
Package: sectsty 2002/02/25 v2.0.2 Commands to change all sectional heading sty
les
)
(/usr/local/texlive/2018/texmf-dist/tex/latex/geometry/geometry.sty
Package: geometry 2018/04/16 v5.8 Page Geometry

(/usr/local/texlive/2018/texmf-dist/tex/generic/oberdiek/ifpdf.sty
Package: ifpdf 2017/03/15 v3.2 Provides the ifpdf switch
)
(/usr/local/texlive/2018/texmf-dist/tex/generic/oberdiek/ifvtex.sty
Package: ifvtex 2016/05/16 v1.6 Detect VTeX and its facilities (HO)
Package ifvtex Info: VTeX not detected.
)
(/usr/local/texlive/2018/texmf-dist/tex/generic/ifxetex/ifxetex.sty
Package: ifxetex 2010/09/12 v0.6 Provides ifxetex conditional
)
\Gm@cnth=\count119
\Gm@cntv=\count120
\c@Gm@tempcnt=\count121
\Gm@bindingoffset=\dimen148
\Gm@wd@mp=\dimen149
\Gm@odd@mp=\dimen150
\Gm@even@mp=\dimen151
\Gm@layoutwidth=\dimen152
\Gm@layoutheight=\dimen153
\Gm@layouthoffset=\dimen154
\Gm@layoutvoffset=\dimen155
\Gm@dimlist=\toks29
)
(/usr/local/texlive/2018/texmf-dist/tex/latex/fancyhdr/fancyhdr.sty
Package: fancyhdr 2017/06/30 v3.9a Extensive control of page headers and footer
s
\f@nch@headwidth=\skip59
\f@nch@O@elh=\skip60
\f@nch@O@erh=\skip61
\f@nch@O@olh=\skip62
\f@nch@O@orh=\skip63
\f@nch@O@elf=\skip64
\f@nch@O@erf=\skip65
\f@nch@O@olf=\skip66
\f@nch@O@orf=\skip67
)
(/usr/local/texlive/2018/texmf-dist/tex/latex/natbib/natbib.sty
Package: natbib 2010/09/13 8.31b (PWD, AO)
\bibhang=\skip68
\bibsep=\skip69
LaTeX Info: Redefining \cite on input line 694.
\c@NAT@ctr=\count122
)
(/usr/local/texlive/2018/texmf-dist/tex/latex/tocloft/tocloft.sty
Package: tocloft 2017/08/31 v2.3i parameterised ToC, etc., typesetting
Package tocloft Info: The document has chapter divisions on input line 51.
\cftparskip=\skip70
\cftbeforetoctitleskip=\skip71
\cftaftertoctitleskip=\skip72
\cftbeforepartskip=\skip73
\cftpartnumwidth=\skip74
\cftpartindent=\skip75
\cftbeforechapskip=\skip76
\cftchapindent=\skip77
\cftchapnumwidth=\skip78
\cftbeforesecskip=\skip79
\cftsecindent=\skip80
\cftsecnumwidth=\skip81
\cftbeforesubsecskip=\skip82
\cftsubsecindent=\skip83
\cftsubsecnumwidth=\skip84
\cftbeforesubsubsecskip=\skip85
\cftsubsubsecindent=\skip86
\cftsubsubsecnumwidth=\skip87
\cftbeforeparaskip=\skip88
\cftparaindent=\skip89
\cftparanumwidth=\skip90
\cftbeforesubparaskip=\skip91
\cftsubparaindent=\skip92
\cftsubparanumwidth=\skip93
\cftbeforeloftitleskip=\skip94
\cftafterloftitleskip=\skip95
\cftbeforefigskip=\skip96
\cftfigindent=\skip97
\cftfignumwidth=\skip98
\c@lofdepth=\count123
\c@lotdepth=\count124
\cftbeforelottitleskip=\skip99
\cftafterlottitleskip=\skip100
\cftbeforetabskip=\skip101
\cfttabindent=\skip102
\cfttabnumwidth=\skip103
)
\@indexfile=\write3
\openout3 = `refman.idx'.


Writing index file refman.idx
(/usr/local/texlive/2018/texmf-dist/tex/latex/hyperref/hyperref.sty
Package: hyperref 2018/02/06 v6.86b Hypertext links for LaTeX

(/usr/local/texlive/2018/texmf-dist/tex/generic/oberdiek/hobsub-hyperref.sty
Package: hobsub-hyperref 2016/05/16 v1.14 Bundle oberdiek, subset hyperref (HO)


(/usr/local/texlive/2018/texmf-dist/tex/generic/oberdiek/hobsub-generic.sty
Package: hobsub-generic 2016/05/16 v1.14 Bundle oberdiek, subset generic (HO)
Package: hobsub 2016/05/16 v1.14 Construct package bundles (HO)
Package: infwarerr 2016/05/16 v1.4 Providing info/warning/error messages (HO)
Package: ltxcmds 2016/05/16 v1.23 LaTeX kernel commands for general use (HO)
Package: ifluatex 2016/05/16 v1.4 Provides the ifluatex switch (HO)
Package ifluatex Info: LuaTeX not detected.
Package hobsub Info: Skipping package `ifvtex' (already loaded).
Package: intcalc 2016/05/16 v1.2 Expandable calculations with integers (HO)
Package hobsub Info: Skipping package `ifpdf' (already loaded).
Package: etexcmds 2016/05/16 v1.6 Avoid name clashes with e-TeX commands (HO)
Package etexcmds Info: Could not find \expanded.
(etexcmds)             That can mean that you are not using pdfTeX 1.50 or
(etexcmds)             that some package has redefined \expanded.
(etexcmds)             In the latter case, load this package earlier.
Package: kvsetkeys 2016/05/16 v1.17 Key value parser (HO)
Package: kvdefinekeys 2016/05/16 v1.4 Define keys (HO)
Package: pdftexcmds 2018/01/30 v0.27 Utility functions of pdfTeX for LuaTeX (HO
)
Package pdftexcmds Info: LuaTeX not detected.
Package pdftexcmds Info: \pdf@primitive is available.
Package pdftexcmds Info: \pdf@ifprimitive is available.
Package pdftexcmds Info: \pdfdraftmode found.
Package: pdfescape 2016/05/16 v1.14 Implements pdfTeX's escape features (HO)
Package: bigintcalc 2016/05/16 v1.4 Expandable calculations on big integers (HO
)
Package: bitset 2016/05/16 v1.2 Handle bit-vector datatype (HO)
Package: uniquecounter 2016/05/16 v1.3 Provide unlimited unique counter (HO)
)
Package hobsub Info: Skipping package `hobsub' (already loaded).
Package: letltxmacro 2016/05/16 v1.5 Let assignment for LaTeX macros (HO)
Package: hopatch 2016/05/16 v1.3 Wrapper for package hooks (HO)
Package: xcolor-patch 2016/05/16 xcolor patch
Package: atveryend 2016/05/16 v1.9 Hooks at the very end of document (HO)
Package atveryend Info: \enddocument detected (standard20110627).
Package: atbegshi 2016/06/09 v1.18 At begin shipout hook (HO)
Package: refcount 2016/05/16 v3.5 Data extraction from label references (HO)
Package: hycolor 2016/05/16 v1.8 Color options for hyperref/bookmark (HO)
)
(/usr/local/texlive/2018/texmf-dist/tex/latex/oberdiek/auxhook.sty
Package: auxhook 2016/05/16 v1.4 Hooks for auxiliary files (HO)
)
(/usr/local/texlive/2018/texmf-dist/tex/latex/oberdiek/kvoptions.sty
Package: kvoptions 2016/05/16 v3.12 Key value format for package options (HO)
)
\@linkdim=\dimen156
\Hy@linkcounter=\count125
\Hy@pagecounter=\count126

(/usr/local/texlive/2018/texmf-dist/tex/latex/hyperref/pd1enc.def
File: pd1enc.def 2018/02/06 v6.86b Hyperref: PDFDocEncoding definition (HO)
Now handling font encoding PD1 ...
... no UTF-8 mapping file for font encoding PD1
)
\Hy@SavedSpaceFactor=\count127

(/usr/local/texlive/2018/texmf-dist/tex/latex/latexconfig/hyperref.cfg
File: hyperref.cfg 2002/06/06 v1.2 hyperref configuration of TeXLive
)
Package hyperref Info: Hyper figures OFF on input line 4509.
Package hyperref Info: Link nesting OFF on input line 4514.
Package hyperref Info: Hyper index ON on input line 4517.
Package hyperref Info: Plain pages OFF on input line 4524.
Package hyperref Info: Backreferencing ON on input line 4527.
Package hyperref Info: Implicit mode ON; LaTeX internals redefined.
Package hyperref Info: Bookmarks ON on input line 4762.

(/usr/local/texlive/2018/texmf-dist/tex/latex/hyperref/backref.sty
Package: backref 2016/05/21 v1.39 Bibliographical back referencing

(/usr/local/texlive/2018/texmf-dist/tex/latex/oberdiek/rerunfilecheck.sty
Package: rerunfilecheck 2016/05/16 v1.8 Rerun checks for auxiliary files (HO)
Package uniquecounter Info: New unique counter `rerunfilecheck' on input line 2
82.
))
\c@Hy@tempcnt=\count128

(/usr/local/texlive/2018/texmf-dist/tex/latex/url/url.sty
\Urlmuskip=\muskip10
Package: url 2013/09/16  ver 3.4  Verb mode for urls, etc.
)
LaTeX Info: Redefining \url on input line 5115.
\XeTeXLinkMargin=\dimen157
\Fld@menulength=\count129
\Field@Width=\dimen158
\Fld@charsize=\dimen159
Package hyperref Info: Hyper figures OFF on input line 6369.
Package hyperref Info: Link nesting OFF on input line 6374.
Package hyperref Info: Hyper index ON on input line 6377.
Package hyperref Info: backreferencing ON on input line 6382.
Package hyperref Info: Link coloring OFF on input line 6389.
Package hyperref Info: Link coloring with OCG OFF on input line 6394.
Package hyperref Info: PDF/A mode OFF on input line 6399.
LaTeX Info: Redefining \ref on input line 6439.
LaTeX Info: Redefining \pageref on input line 6443.
\Hy@abspage=\count130
\c@Item=\count131
\c@Hfootnote=\count132
)
Package hyperref Info: Driver: hpdftex.

(/usr/local/texlive/2018/texmf-dist/tex/latex/hyperref/hpdftex.def
File: hpdftex.def 2018/02/06 v6.86b Hyperref driver for pdfTeX
\Fld@listcount=\count133
\c@bookmark@seq@number=\count134
\Hy@SectionHShift=\skip104
)
Package hyperref Info: Option `colorlinks' set `true' on input line 105.
Package hyperref Info: Option `unicode' set `true' on input line 105.

(/usr/local/texlive/2018/texmf-dist/tex/latex/hyperref/puenc.def
File: puenc.def 2018/02/06 v6.86b Hyperref: PDF Unicode definition (HO)
Now handling font encoding PU ...
... no UTF-8 mapping file for font encoding PU
)
(/usr/local/texlive/2018/texmf-dist/tex/latex/caption/caption.sty
Package: caption 2018/05/01 v3.3-147 Customizing captions (AR)

(/usr/local/texlive/2018/texmf-dist/tex/latex/caption/caption3.sty
Package: caption3 2018/05/27 v1.8a caption3 kernel (AR)
Package caption3 Info: TeX engine: e-TeX on input line 64.
\captionmargin=\dimen160
\captionmargin@=\dimen161
\captionwidth=\dimen162
\caption@tempdima=\dimen163
\caption@indent=\dimen164
\caption@parindent=\dimen165
\caption@hangindent=\dimen166
)
\c@ContinuedFloat=\count135
Package caption Info: float package is loaded.
Package caption Info: hyperref package is loaded.
Package caption Info: longtable package is loaded.

(/usr/local/texlive/2018/texmf-dist/tex/latex/caption/ltcaption.sty
Package: ltcaption 2013/06/09 v1.4-94 longtable captions (AR)
))
(./refman.aux

LaTeX Warning: Label `namespaceValue_aed547988abe75be2e24c74f02fd9ddb9' multipl
y defined.


LaTeX Warning: Label `namespaceValue_a88d993145245aca4baa932c1dbc7fd92' multipl
y defined.


LaTeX Warning: Label `namespaceValue_a354b47d5941b61c2a883ba36823e4c98' multipl
y defined.


LaTeX Warning: Label `namespaceValue_adaecf503d96c902ebae1588565e5c3e1' multipl
y defined.


LaTeX Warning: Label `namespaceValue_a81946dee27fcd0bd24d914082169be38' multipl
y defined.


LaTeX Warning: Label `namespaceValue_a1b62aec2245b0434f86252680fe2d837' multipl
y defined.


LaTeX Warning: Label `namespaceValue_a4d8e9e3283f0dfb8767defd3c4375bf9' multipl
y defined.


LaTeX Warning: Label `namespaceValue_aba807f233f0cb45bc9479d3b2697450b' multipl
y defined.


LaTeX Warning: Label `namespaceValue_a662b268cafa7fb0924985d533150c6c2' multipl
y defined.


LaTeX Warning: Label `namespaceValue_aa30303e1cad8afe4b7ef7cf689ab2352' multipl
y defined.


LaTeX Warning: Label `namespaceHash_aff162a90408333f82a32806c4792a88d' multiply
 defined.


LaTeX Warning: Label `namespaceHash_a5ed567a4d8542636dde31ae4f3d95e28' multiply
 defined.


LaTeX Warning: Label `namespaceHash_a961bf38be4a9f19f3fb39cb731cefadb' multiply
 defined.


LaTeX Warning: Label `namespaceMoveFlags_a7a96b11dd0c3e88e0ce9b72b54c84c41' mul
tiply defined.


LaTeX Warning: Label `namespaceMoveFlags_ab067b1a070bcf23ae247e186f3757316' mul
tiply defined.


LaTeX Warning: Label `namespaceMoveFlags_af572962024bd7c9c20330cc3bdd8d866' mul
tiply defined.


LaTeX Warning: Label `namespaceMoveFlags_a9f31abaa59188bb5e9126e6c9374a3e7' mul
tiply defined.


LaTeX Warning: Label `namespaceMoveFlags_aa3cdd7b76b32e036a190328e9ed62612' mul
tiply defined.


LaTeX Warning: Label `namespaceMoveFlags_ae7a9b4000dcdee40996b9283eb329fda' mul
tiply defined.


LaTeX Warning: Label `namespaceMvvLva_a105cf120f19fbd3d0e7820521aaadf0c' multip
ly defined.


LaTeX Warning: Label `namespaceMvvLva_aa69f18e6e9edabdc70086bd7e3fe7c46' multip
ly defined.


LaTeX Warning: Label `namespacePolyKeys_a73b985817b2e7128911882709e3bed18' mult
iply defined.

)
\openout1 = `refman.aux'.

LaTeX Font Info:    Checking defaults for OML/cmm/m/it on input line 117.
LaTeX Font Info:    ... okay on input line 117.
LaTeX Font Info:    Checking defaults for T1/cmr/m/n on input line 117.
LaTeX Font Info:    ... okay on input line 117.
LaTeX Font Info:    Checking defaults for OT1/cmr/m/n on input line 117.
LaTeX Font Info:    ... okay on input line 117.
LaTeX Font Info:    Checking defaults for OMS/cmsy/m/n on input line 117.
LaTeX Font Info:    ... okay on input line 117.
LaTeX Font Info:    Checking defaults for OMX/cmex/m/n on input line 117.
LaTeX Font Info:    ... okay on input line 117.
LaTeX Font Info:    Checking defaults for U/cmr/m/n on input line 117.
LaTeX Font Info:    ... okay on input line 117.
LaTeX Font Info:    Checking defaults for TS1/cmr/m/n on input line 117.
LaTeX Font Info:    Try loading font information for TS1+cmr on input line 117.

 (/usr/local/texlive/2018/texmf-dist/tex/latex/base/ts1cmr.fd
File: ts1cmr.fd 2014/09/29 v2.5h Standard LaTeX font definitions
)
LaTeX Font Info:    ... okay on input line 117.
LaTeX Font Info:    Checking defaults for PD1/pdf/m/n on input line 117.
LaTeX Font Info:    ... okay on input line 117.
LaTeX Font Info:    Checking defaults for PU/pdf/m/n on input line 117.
LaTeX Font Info:    ... okay on input line 117.
LaTeX Font Info:    Try loading font information for T1+phv on input line 117.

(/usr/local/texlive/2018/texmf-dist/tex/latex/psnfss/t1phv.fd
File: t1phv.fd 2001/06/04 scalable font definitions for T1/phv.
)
LaTeX Font Info:    Font shape `T1/phv/m/n' will be
(Font)              scaled to size 8.99994pt on input line 117.

(/usr/local/texlive/2018/texmf-dist/tex/context/base/mkii/supp-pdf.mkii
[Loading MPS to PDF converter (version 2006.09.02).]
\scratchcounter=\count136
\scratchdimen=\dimen167
\scratchbox=\box67
\nofMPsegments=\count137
\nofMParguments=\count138
\everyMPshowfont=\toks30
\MPscratchCnt=\count139
\MPscratchDim=\dimen168
\MPnumerator=\count140
\makeMPintoPDFobject=\count141
\everyMPtoPDFconversion=\toks31
) (/usr/local/texlive/2018/texmf-dist/tex/latex/oberdiek/epstopdf-base.sty
Package: epstopdf-base 2016/05/15 v2.6 Base part for package epstopdf

(/usr/local/texlive/2018/texmf-dist/tex/latex/oberdiek/grfext.sty
Package: grfext 2016/05/16 v1.2 Manage graphics extensions (HO)
)
Package epstopdf-base Info: Redefining graphics rule for `.eps' on input line 4
38.
Package grfext Info: Graphics extension search list:
(grfext)             [.pdf,.png,.jpg,.mps,.jpeg,.jbig2,.jb2,.PDF,.PNG,.JPG,.JPE
G,.JBIG2,.JB2,.eps]
(grfext)             \AppendGraphicsExtensions on input line 456.

(/usr/local/texlive/2018/texmf-dist/tex/latex/latexconfig/epstopdf-sys.cfg
File: epstopdf-sys.cfg 2010/07/13 v1.3 Configuration of (r)epstopdf for TeX Liv
e
))
*geometry* driver: auto-detecting
*geometry* detected driver: pdftex
*geometry* verbose mode - [ preamble ] result:
* driver: pdftex
* paper: a4paper
* layout: <same size as paper>
* layoutoffset:(h,v)=(0.0pt,0.0pt)
* modes: twoside 
* h-part:(L,W,R)=(71.13188pt, 455.24411pt, 71.13188pt)
* v-part:(T,H,B)=(71.13188pt, 702.78308pt, 71.13188pt)
* \paperwidth=597.50787pt
* \paperheight=845.04684pt
* \textwidth=455.24411pt
* \textheight=702.78308pt
* \oddsidemargin=-1.1381pt
* \evensidemargin=-1.1381pt
* \topmargin=-31.2056pt
* \headheight=12.0pt
* \headsep=18.06749pt
* \topskip=10.0pt
* \footskip=25.29494pt
* \marginparwidth=125.0pt
* \marginparsep=7.0pt
* \columnsep=10.0pt
* \skip\footins=9.0pt plus 4.0pt minus 2.0pt
* \hoffset=0.0pt
* \voffset=0.0pt
* \mag=1000
* \@twocolumnfalse
* \@twosidetrue
* \@mparswitchtrue
* \@reversemarginfalse
* (1in=72.27pt=25.4mm, 1cm=28.453pt)

\AtBeginShipoutBox=\box68
Package backref Info: ** backref set up for natbib ** on input line 117.
Package hyperref Info: Link coloring ON on input line 117.
(/usr/local/texlive/2018/texmf-dist/tex/latex/hyperref/nameref.sty
Package: nameref 2016/05/21 v2.44 Cross-referencing by name of section

(/usr/local/texlive/2018/texmf-dist/tex/generic/oberdiek/gettitlestring.sty
Package: gettitlestring 2016/05/16 v1.5 Cleanup title references (HO)
)
\c@section@level=\count142
)
LaTeX Info: Redefining \ref on input line 117.
LaTeX Info: Redefining \pageref on input line 117.
LaTeX Info: Redefining \nameref on input line 117.

(./refman.out) (./refman.out)
\@outlinefile=\write4
\openout4 = `refman.out'.

Package caption Info: Begin \AtBeginDocument code.
Package caption Info: End \AtBeginDocument code.
Package hyperref Info: Option `pageanchor' set `false' on input line 123.
Package hyperref Info: Option `bookmarksnumbered' set `true' on input line 123.

Package hyperref Info: Option `unicode' set `true' on input line 123.
LaTeX Font Info:    Font shape `T1/phv/m/n' will be
(Font)              scaled to size 12.9599pt on input line 128.
LaTeX Font Info:    Font shape `T1/phv/m/n' will be
(Font)              scaled to size 10.79993pt on input line 130.
 [1


{/usr/local/texlive/2018/texmf-var/fonts/map/pdftex/updmap/pdftex.map}] [2

]
LaTeX Font Info:    Font shape `T1/phv/m/n' will be
(Font)              scaled to size 22.39185pt on input line 135.
LaTeX Font Info:    Font shape `T1/phv/bx/n' in size <24.88> not available
(Font)              Font shape `T1/phv/b/n' tried instead on input line 135.
LaTeX Font Info:    Font shape `T1/phv/b/n' will be
(Font)              scaled to size 22.39185pt on input line 135.
LaTeX Font Info:    Font shape `T1/phv/bc/n' will be
(Font)              scaled to size 22.39185pt on input line 135.
 (./refman.toc
LaTeX Font Info:    Font shape `T1/phv/bx/n' in size <10> not available
(Font)              Font shape `T1/phv/b/n' tried instead on input line 1.
LaTeX Font Info:    Font shape `T1/phv/b/n' will be
(Font)              scaled to size 8.99994pt on input line 1.
LaTeX Font Info:    Try loading font information for U+wasy on input line 1.

(/usr/local/texlive/2018/texmf-dist/tex/latex/wasysym/uwasy.fd
File: uwasy.fd 2003/10/30 v2.0 Wasy-2 symbol font definitions
)
LaTeX Font Info:    Try loading font information for U+msa on input line 1.

(/usr/local/texlive/2018/texmf-dist/tex/latex/amsfonts/umsa.fd
File: umsa.fd 2013/01/14 v3.01 AMS symbols A
)
LaTeX Font Info:    Try loading font information for U+msb on input line 1.

(/usr/local/texlive/2018/texmf-dist/tex/latex/amsfonts/umsb.fd
File: umsb.fd 2013/01/14 v3.01 AMS symbols B
)
LaTeX Font Info:    Font shape `T1/phv/m/n' will be
(Font)              scaled to size 6.29996pt on input line 13.
 [1

]
LaTeX Font Info:    Font shape `T1/phv/bx/n' in size <7> not available
(Font)              Font shape `T1/phv/b/n' tried instead on input line 65.
LaTeX Font Info:    Font shape `T1/phv/b/n' will be
(Font)              scaled to size 6.29996pt on input line 65.
 [2]
[3] [4] [5]
LaTeX Font Info:    Font shape `T1/phv/m/n' will be
(Font)              scaled to size 7.19995pt on input line 180.
LaTeX Font Info:    Try loading font information for T1+pcr on input line 180.
 (/usr/local/texlive/2018/texmf-dist/tex/latex/psnfss/t1pcr.fd
File: t1pcr.fd 2001/06/04 font definitions for T1/pcr.
)
[6] [7] [8] [9] [10])
\tf@toc=\write5
\openout5 = `refman.toc'.

 [11] [12

]
Package hyperref Info: Option `pageanchor' set `true' on input line 138.

Chapter 1.
LaTeX Font Info:    Font shape `T1/phv/m/n' will be
(Font)              scaled to size 18.66588pt on input line 141.
LaTeX Font Info:    Font shape `T1/phv/bx/n' in size <20.74> not available
(Font)              Font shape `T1/phv/b/n' tried instead on input line 141.
LaTeX Font Info:    Font shape `T1/phv/b/n' will be
(Font)              scaled to size 18.66588pt on input line 141.
LaTeX Font Info:    Font shape `T1/phv/bc/n' will be
(Font)              scaled to size 18.66588pt on input line 141.
(./namespaces.tex
LaTeX Font Info:    Font shape `T1/phv/bx/n' in size <14.4> not available
(Font)              Font shape `T1/phv/b/n' tried instead on input line 1.
LaTeX Font Info:    Font shape `T1/phv/b/n' will be
(Font)              scaled to size 12.9599pt on input line 1.
LaTeX Font Info:    Font shape `T1/phv/bc/n' will be
(Font)              scaled to size 12.9599pt on input line 1.
) [1

] [2

]
Chapter 2.
(./hierarchy.tex) [3] [4

]
Chapter 3.
(./annotated.tex) [5] [6

]
Chapter 4.
(./files.tex [7]) [8]
Chapter 5.
(./namespaceHash.tex
LaTeX Font Info:    Font shape `T1/phv/bx/n' in size <12> not available
(Font)              Font shape `T1/phv/b/n' tried instead on input line 3.
LaTeX Font Info:    Font shape `T1/phv/b/n' will be
(Font)              scaled to size 10.79993pt on input line 3.
LaTeX Font Info:    Font shape `T1/phv/bc/n' will be
(Font)              scaled to size 10.79993pt on input line 3.
LaTeX Font Info:    Try loading font information for TS1+phv on input line 6.

(/usr/local/texlive/2018/texmf-dist/tex/latex/psnfss/ts1phv.fd
File: ts1phv.fd 2001/06/04 scalable font definitions for TS1/phv.
)
LaTeX Font Info:    Font shape `TS1/phv/m/n' will be
(Font)              scaled to size 8.99994pt on input line 6.
LaTeX Font Info:    Font shape `T1/phv/m/n' will be
(Font)              scaled to size 8.09995pt on input line 7.
LaTeX Font Info:    Font shape `T1/phv/m/it' in size <9> not available
(Font)              Font shape `T1/phv/m/sl' tried instead on input line 7.
LaTeX Font Info:    Font shape `T1/phv/m/sl' will be
(Font)              scaled to size 8.09995pt on input line 7.
LaTeX Font Info:    Font shape `T1/phv/m/it' in size <7> not available
(Font)              Font shape `T1/phv/m/sl' tried instead on input line 15.
LaTeX Font Info:    Font shape `T1/phv/m/sl' will be
(Font)              scaled to size 6.29996pt on input line 15.
LaTeX Font Info:    Font shape `T1/phv/bc/n' will be
(Font)              scaled to size 8.99994pt on input line 37.
LaTeX Font Info:    Font shape `T1/phv/bc/n' will be
(Font)              scaled to size 6.29996pt on input line 37.
LaTeX Font Info:    Font shape `T1/pcr/m/it' in size <8> not available
(Font)              Font shape `T1/pcr/m/sl' tried instead on input line 38.
 [9

]
Underfull \hbox (badness 10000) detected at line 49
[][][]
 []


Underfull \hbox (badness 10000) detected at line 71
[][][]
 []


Underfull \hbox (badness 10000) detected at line 93
[][][]
 []

[10]
Underfull \hbox (badness 10000) detected at line 119
[][][]
 []


Underfull \hbox (badness 10000) detected at line 141
[][][]
 []

) (./namespaceInit.tex
LaTeX Font Info:    Font shape `TS1/phv/m/it' in size <9> not available
(Font)              Font shape `TS1/phv/m/sl' tried instead on input line 12.
LaTeX Font Info:    Font shape `TS1/phv/m/sl' will be
(Font)              scaled to size 8.09995pt on input line 12.
 [11]
Underfull \hbox (badness 10000) detected at line 46
[][][]
 []

[12]
Underfull \hbox (badness 10000) detected at line 68
[][][]
 []


Underfull \hbox (badness 10000) detected at line 90
[][][]
 []


Underfull \hbox (badness 10000) detected at line 112
[][][]
 []

[13]
Underfull \hbox (badness 10000) detected at line 134
[][][]
 []


Underfull \hbox (badness 10000) detected at line 156
[][][]
 []

[14]
Underfull \hbox (badness 10000) detected at line 178
[][][]
 []

) (./namespaceIO.tex [15]
Underfull \hbox (badness 10000) detected at line 59
[][][]
 []

LaTeX Font Info:    Font shape `T1/pcr/m/it' in size <7> not available
(Font)              Font shape `T1/pcr/m/sl' tried instead on input line 70.

Underfull \hbox (badness 10000) detected at line 85
[][][]
 []

[16]
Underfull \hbox (badness 10000) detected at line 107
[][][]
 []


Underfull \hbox (badness 10000) detected at line 129
[][][]
 []


Underfull \hbox (badness 10000) detected at line 151
[][][]
 []

[17]
Underfull \hbox (badness 10000) detected at line 183
[][][]
 []

[18]) (./namespaceMoveFlags.tex) (./namespaceMvvLva.tex)
(./namespacePolyKeys.tex [19]) (./namespaceValue.tex [20] [21] [22]) [23]
[24

]
Chapter 6.
(./classBoard.tex [25]
Underfull \hbox (badness 10000) detected at line 122
[][][]
 []

[26]
Underfull \hbox (badness 10000) detected at line 144
[][][]
 []


Underfull \hbox (badness 10000) detected at line 166
[][][]
 []


Underfull \hbox (badness 10000) detected at line 188
[][][]
 []

[27]
Underfull \hbox (badness 10000) detected at line 210
[][][]
 []


Underfull \hbox (badness 10000) detected at line 245
[][][]
 []

[28]
Underfull \hbox (badness 10000) detected at line 268
[][][]
 []


Underfull \hbox (badness 10000) detected at line 290
[][][]
 []


Underfull \vbox (badness 10000) has occurred while \output is active []

 [29]
Underfull \hbox (badness 10000) detected at line 312
[][][]
 []


Underfull \hbox (badness 10000) detected at line 334
[][][]
 []


Underfull \hbox (badness 10000) detected at line 358
[][][]
 []

[30]
Underfull \hbox (badness 10000) detected at line 380
[][][]
 []

) (./classConsoleManager.tex

pdfTeX warning: pdflatex (file ./classConsoleManager.pdf): PDF inclusion: found
 PDF version <1.7>, but at most version <1.5> allowed
<classConsoleManager.pdf, id=2364, 501.875pt x 340.25119pt>
File: classConsoleManager.pdf Graphic file (type pdf)
<use classConsoleManager.pdf>
Package pdftex.def Info: classConsoleManager.pdf  used on input line 10.
(pdftex.def)             Requested size: 83.93152pt x 56.9055pt.
[31 <./classConsoleManager.pdf>]
Underfull \hbox (badness 10000) detected at line 46
[][][]
 []


Underfull \hbox (badness 10000) detected at line 72
[][][]
 []

) (./classEngine.tex [32] [33]
Underfull \hbox (badness 10000) detected at line 67
[][][]
 []


Underfull \hbox (badness 10000) detected at line 89
[][][]
 []


Underfull \hbox (badness 10000) detected at line 111
[][][]
 []

) (./structEngineConfig.tex [34]) (./classEvaluator.tex [35]
Underfull \hbox (badness 10000) detected at line 50
[][][]
 []


Underfull \hbox (badness 10000) detected at line 72
[][][]
 []

[36]
Underfull \hbox (badness 10000) detected at line 94
[][][]
 []


Underfull \hbox (badness 10000) detected at line 116
[][][]
 []

[37]
Underfull \hbox (badness 10000) detected at line 138
[][][]
 []


Underfull \hbox (badness 10000) detected at line 160
[][][]
 []


Underfull \hbox (badness 10000) detected at line 182
[][][]
 []

[38]
Underfull \hbox (badness 10000) detected at line 204
[][][]
 []

) (./classMM.tex [39]
Underfull \hbox (badness 10000) detected at line 52
[][][]
 []


Underfull \hbox (badness 10000) detected at line 76
[][][]
 []

[40]
Underfull \hbox (badness 10000) detected at line 98
[][][]
 []


Underfull \hbox (badness 10000) detected at line 120
[][][]
 []


Underfull \hbox (badness 10000) detected at line 146
[][][]
 []

[41]
Underfull \hbox (badness 10000) detected at line 168
[][][]
 []


Underfull \hbox (badness 10000) detected at line 190
[][][]
 []

) (./classMove.tex [42] [43]
Underfull \hbox (badness 10000) detected at line 89
[][][]
 []


Underfull \hbox (badness 10000) detected at line 111
[][][]
 []


Underfull \hbox (badness 10000) detected at line 133
[][][]
 []

[44]
Underfull \hbox (badness 10000) detected at line 155
[][][]
 []


Underfull \hbox (badness 10000) detected at line 177
[][][]
 []

[45]
Underfull \hbox (badness 10000) detected at line 199
[][][]
 []


Underfull \hbox (badness 10000) detected at line 221
[][][]
 []


Underfull \hbox (badness 10000) detected at line 243
[][][]
 []

[46]
Underfull \hbox (badness 10000) detected at line 265
[][][]
 []


Underfull \hbox (badness 10000) detected at line 287
[][][]
 []


Underfull \hbox (badness 10000) detected at line 309
[][][]
 []

) (./classMoveList.tex [47] [48]
Underfull \hbox (badness 10000) detected at line 111
[][][]
 []

[49]
Underfull \hbox (badness 10000) detected at line 135
[][][]
 []


Underfull \hbox (badness 10000) detected at line 165
[][][]
 []

[50]
Underfull \hbox (badness 10000) detected at line 193
[][][]
 []


Underfull \hbox (badness 10000) detected at line 217
[][][]
 []

[51]
Underfull \hbox (badness 10000) detected at line 239
[][][]
 []


Underfull \hbox (badness 10000) detected at line 261
[][][]
 []


Underfull \hbox (badness 10000) detected at line 285
[][][]
 []

[52]
Underfull \hbox (badness 10000) detected at line 309
[][][]
 []


Underfull \hbox (badness 10000) detected at line 333
[][][]
 []

[53]
Underfull \hbox (badness 10000) detected at line 357
[][][]
 []


Underfull \hbox (badness 10000) detected at line 381
[][][]
 []

[54]
Underfull \hbox (badness 10000) detected at line 405
[][][]
 []


Underfull \hbox (badness 10000) detected at line 429
[][][]
 []


Underfull \hbox (badness 10000) detected at line 453
[][][]
 []

[55]
Underfull \hbox (badness 10000) detected at line 477
[][][]
 []


Underfull \hbox (badness 10000) detected at line 499
[][][]
 []


Underfull \vbox (badness 10000) has occurred while \output is active []

 [56]
Underfull \hbox (badness 10000) detected at line 521
[][][]
 []

) (./classPerftTester.tex [57]
Underfull \hbox (badness 10000) detected at line 51
[][][]
 []


Underfull \hbox (badness 10000) detected at line 73
[][][]
 []


Underfull \vbox (badness 10000) has occurred while \output is active []

 [58]
Underfull \hbox (badness 10000) detected at line 93
[][][]
 []

) (./classPolyBook.tex [59]
Underfull \hbox (badness 10000) detected at line 66
[][][]
 []


Underfull \hbox (badness 10000) detected at line 88
[][][]
 []

[60]
Underfull \hbox (badness 10000) detected at line 110
[][][]
 []


Underfull \hbox (badness 10000) detected at line 132
[][][]
 []

[61]
Underfull \hbox (badness 10000) detected at line 154
[][][]
 []


Underfull \hbox (badness 10000) detected at line 176
[][][]
 []


Underfull \hbox (badness 10000) detected at line 198
[][][]
 []

[62]
Underfull \hbox (badness 10000) detected at line 220
[][][]
 []


Underfull \hbox (badness 10000) in paragraph at lines 244--245
\T1/pcr/m/n/8 constexpr std[]::array$\OML/cmm/m/it/8 <$\T1/pcr/m/n/8 int32[]_[]
t, 13$\OML/cmm/m/it/8 >$ \T1/pcr/m/n/8 Poly[]Book[]::poly[]Piece { -1, 1, 3, 5,
 7, 9, 11, 0, 2, 4, 6, 8,
 []

) (./structPolyglotEntry.tex) (./classProtocolManager.tex

pdfTeX warning: pdflatex (file ./classProtocolManager.pdf): PDF inclusion: foun
d PDF version <1.7>, but at most version <1.5> allowed
<classProtocolManager.pdf, id=2927, 501.875pt x 113.41371pt>
File: classProtocolManager.pdf Graphic file (type pdf)
<use classProtocolManager.pdf>
Package pdftex.def Info: classProtocolManager.pdf  used on input line 6.
(pdftex.def)             Requested size: 251.81754pt x 56.9055pt.
[63] [64 <./classProtocolManager.pdf>]
Underfull \hbox (badness 10000) detected at line 67
[][][]
 []


Underfull \hbox (badness 10000) detected at line 89
[][][]
 []


Underfull \hbox (badness 10000) detected at line 111
[][][]
 []

) (./classPvEntry.tex [65]) (./classPvTable.tex [66]
Underfull \hbox (badness 10000) detected at line 61
[][][]
 []


Overfull \vbox (8.25246pt too high) has occurred while \output is active []


[67]
Underfull \hbox (badness 10000) detected at line 83
[][][]
 []


Underfull \hbox (badness 10000) detected at line 115
[][][]
 []

[68]
Underfull \hbox (badness 10000) detected at line 139
[][][]
 []

LaTeX Font Info:    Font shape `T1/phv/bc/n' will be
(Font)              scaled to size 7.19995pt on input line 149.

LaTeX Font Warning: Font shape `T1/pcr/bc/n' undefined
(Font)              using `T1/pcr/m/n' instead on input line 149.


Underfull \hbox (badness 10000) detected at line 163
[][][]
 []

[69]
Underfull \hbox (badness 10000) detected at line 193
[][][]
 []


Underfull \hbox (badness 10000) detected at line 215
[][][]
 []

) (./classSearchAgent.tex
Underfull \hbox (badness 10000) in paragraph at lines 13--14

 []

[70]
Underfull \hbox (badness 10000) in paragraph at lines 36--37

 []

[71]
Underfull \hbox (badness 10000) detected at line 84
[][][]
 []


Underfull \hbox (badness 10000) detected at line 106
[][][]
 []


Overfull \vbox (3.87073pt too high) has occurred while \output is active []


[72]
Underfull \hbox (badness 10000) detected at line 130
[][][]
 []


Underfull \hbox (badness 10000) detected at line 152
[][][]
 []


Underfull \hbox (badness 10000) in paragraph at lines 167--168

 []


Underfull \hbox (badness 10000) detected at line 175
[][][]
 []

[73] [74]
Underfull \hbox (badness 10000) detected at line 197
[][][]
 []


Underfull \hbox (badness 10000) in paragraph at lines 212--213

 []


Underfull \hbox (badness 10000) detected at line 226
[][][]
 []


Overfull \vbox (8.32439pt too high) has occurred while \output is active []


[75]
Underfull \hbox (badness 10000) detected at line 250
[][][]
 []


Underfull \hbox (badness 10000) detected at line 272
[][][]
 []

) (./structSearchInfo.tex [76]) (./classStopwatch.tex [77]
Underfull \hbox (badness 10000) detected at line 64
[][][]
 []

[78]
Underfull \hbox (badness 10000) detected at line 86
[][][]
 []


Underfull \hbox (badness 10000) detected at line 108
[][][]
 []

) (./classUCIManager.tex

pdfTeX warning: pdflatex (file ./classUCIManager.pdf): PDF inclusion: found PDF
 version <1.7>, but at most version <1.5> allowed
<classUCIManager.pdf, id=3214, 501.875pt x 340.25119pt>
File: classUCIManager.pdf Graphic file (type pdf)
<use classUCIManager.pdf>
Package pdftex.def Info: classUCIManager.pdf  used on input line 10.
(pdftex.def)             Requested size: 83.93152pt x 56.9055pt.
[79 <./classUCIManager.pdf>]
Underfull \hbox (badness 10000) detected at line 52
[][][]
 []


Underfull \hbox (badness 10000) detected at line 78
[][][]
 []

[80]) (./classUndoMove.tex) (./classXBoardManager.tex

pdfTeX warning: pdflatex (file ./classXBoardManager.pdf): PDF inclusion: found 
PDF version <1.7>, but at most version <1.5> allowed
<classXBoardManager.pdf, id=3246, 501.875pt x 340.25119pt>
File: classXBoardManager.pdf Graphic file (type pdf)
<use classXBoardManager.pdf>
Package pdftex.def Info: classXBoardManager.pdf  used on input line 10.
(pdftex.def)             Requested size: 83.93152pt x 56.9055pt.
[81 <./classXBoardManager.pdf>]
Underfull \hbox (badness 10000) detected at line 46
[][][]
 []

[82]
Underfull \hbox (badness 10000) detected at line 72
[][][]
 []

) [83] [84

]
Chapter 7.
(./bitboard_8h.tex
Underfull \hbox (badness 10000) in paragraph at lines 8--9

 []


Underfull \hbox (badness 10000) detected at line 36
[][][]
 []


Underfull \hbox (badness 10000) detected at line 39
[][][]
 []

[85]
Underfull \hbox (badness 10000) detected at line 62
[][][]
 []


Underfull \hbox (badness 10000) detected at line 84
[][][]
 []

[86]
Underfull \hbox (badness 10000) detected at line 106
[][][]
 []


Underfull \hbox (badness 10000) detected at line 130
[][][]
 []

[87]) (./board_8h.tex
Underfull \hbox (badness 7777) in paragraph at lines 1--1
[]\T1/phv/bc/n/14.4 /home/michael/[]Documents/[]Projects/[]C++/[]Chess-[]Engine
/include/board.h File Ref-er-
 []


Underfull \hbox (badness 10000) in paragraph at lines 8--14

 []


Underfull \hbox (badness 10000) detected at line 24
[][][]
 []


Underfull \hbox (badness 10000) detected at line 27
[][][]
 []

) (./console_8h.tex
Underfull \hbox (badness 10000) in paragraph at lines 8--9

 []

[88]
Underfull \hbox (badness 10000) detected at line 19
[][][]
 []


Underfull \hbox (badness 10000) detected at line 22
[][][]
 []

) (./debug_8h.tex
Underfull \hbox (badness 4660) in paragraph at lines 1--1
[]\T1/phv/bc/n/14.4 /home/michael/[]Documents/[]Projects/[]C++/[]Chess-[]Engine
/include/debug.h File Ref-er-
 []


Underfull \hbox (badness 10000) in paragraph at lines 8--9

 []


Underfull \hbox (badness 10000) detected at line 20
[][][]
 []


Underfull \hbox (badness 10000) detected at line 23
[][][]
 []

) (./defs_8h.tex
Underfull \hbox (badness 10000) in paragraph at lines 8--13

 []

[89] [90]
Underfull \hbox (badness 10000) detected at line 270
[][][]
 []


Underfull \hbox (badness 10000) detected at line 273
[][][]
 []

) (./engine_8h.tex
Underfull \hbox (badness 2229) in paragraph at lines 1--1
[]\T1/phv/bc/n/14.4 /home/michael/[]Documents/[]Projects/[]C++/[]Chess-[]Engine
/include/engine.h File Ref-er-
 []


Underfull \hbox (badness 10000) in paragraph at lines 8--11

 []

[91]
Underfull \hbox (badness 10000) detected at line 23
[][][]
 []


Underfull \hbox (badness 10000) detected at line 26
[][][]
 []

) (./eval_8h.tex
Underfull \hbox (badness 10000) in paragraph at lines 8--10

 []

pdfTeX warning (ext4): destination with the same identifier (name{namespaceValu
e_aed547988abe75be2e24c74f02fd9ddb9}) has been already used, duplicate ignored
<to be read again> 
                   \relax 
l.23 ...eValue_aed547988abe75be2e24c74f02fd9ddb9}}
                                                  pdfTeX warning (ext4): destin
ation with the same identifier (name{namespaceValue_a88d993145245aca4baa932c1db
c7fd92}) has been already used, duplicate ignored
<to be read again> 
                   \relax 
l.26 ...eValue_a88d993145245aca4baa932c1dbc7fd92}}
                                                  pdfTeX warning (ext4): destin
ation with the same identifier (name{namespaceValue_a354b47d5941b61c2a883ba3682
3e4c98}) has been already used, duplicate ignored
<to be read again> 
                   \relax 
l.29 ...eValue_a354b47d5941b61c2a883ba36823e4c98}}
                                                  pdfTeX warning (ext4): destin
ation with the same identifier (name{namespaceValue_adaecf503d96c902ebae1588565
e5c3e1}) has been already used, duplicate ignored
<to be read again> 
                   \relax 
l.32 ...eValue_adaecf503d96c902ebae1588565e5c3e1}}
                                                  pdfTeX warning (ext4): destin
ation with the same identifier (name{namespaceValue_a81946dee27fcd0bd24d9140821
69be38}) has been already used, duplicate ignored
<to be read again> 
                   \relax 
l.35 ...eValue_a81946dee27fcd0bd24d914082169be38}}
                                                  pdfTeX warning (ext4): destin
ation with the same identifier (name{namespaceValue_a1b62aec2245b0434f86252680f
e2d837}) has been already used, duplicate ignored
<to be read again> 
                   \relax 
l.38 ...eValue_a1b62aec2245b0434f86252680fe2d837}}
                                                   [92]pdfTeX warning (ext4): d
estination with the same identifier (name{namespaceValue_a4d8e9e3283f0dfb8767de
fd3c4375bf9}) has been already used, duplicate ignored
<to be read again> 
                   \relax 
l.41 ...eValue_a4d8e9e3283f0dfb8767defd3c4375bf9}}
                                                  pdfTeX warning (ext4): destin
ation with the same identifier (name{namespaceValue_aba807f233f0cb45bc9479d3b26
97450b}) has been already used, duplicate ignored
<to be read again> 
                   \relax 
l.44 ...eValue_aba807f233f0cb45bc9479d3b2697450b}}
                                                  pdfTeX warning (ext4): destin
ation with the same identifier (name{namespaceValue_a662b268cafa7fb0924985d5331
50c6c2}) has been already used, duplicate ignored
<to be read again> 
                   \relax 
l.47 ...eValue_a662b268cafa7fb0924985d533150c6c2}}
                                                  pdfTeX warning (ext4): destin
ation with the same identifier (name{namespaceValue_aa30303e1cad8afe4b7ef7cf689
ab2352}) has been already used, duplicate ignored
<to be read again> 
                   \relax 
l.50 ...eValue_aa30303e1cad8afe4b7ef7cf689ab2352}}
                                                  
Underfull \hbox (badness 10000) detected at line 85
[][][]
 []


Underfull \hbox (badness 10000) detected at line 88
[][][]
 []

) (./hash_8h.tex
Underfull \hbox (badness 10000) in paragraph at lines 8--11

 []

[93]pdfTeX warning (ext4): destination with the same identifier (name{namespace
Hash_aff162a90408333f82a32806c4792a88d}) has been already used, duplicate ignor
ed
<to be read again> 
                   \relax 
l.32 ...ceHash_aff162a90408333f82a32806c4792a88d}}
                                                  pdfTeX warning (ext4): destin
ation with the same identifier (name{namespaceHash_a5ed567a4d8542636dde31ae4f3d
95e28}) has been already used, duplicate ignored
<to be read again> 
                   \relax 
l.35 ...ceHash_a5ed567a4d8542636dde31ae4f3d95e28}}
                                                  pdfTeX warning (ext4): destin
ation with the same identifier (name{namespaceHash_a961bf38be4a9f19f3fb39cb731c
efadb}) has been already used, duplicate ignored
<to be read again> 
                   \relax 
l.38 ...ceHash_a961bf38be4a9f19f3fb39cb731cefadb}}
                                                  
Underfull \hbox (badness 10000) detected at line 46
[][][]
 []


Underfull \hbox (badness 10000) detected at line 49
[][][]
 []

) (./init_8h.tex [94]
Underfull \hbox (badness 10000) detected at line 35
[][][]
 []


Underfull \hbox (badness 10000) detected at line 38
[][][]
 []

) (./io_8h.tex
Underfull \hbox (badness 10000) in paragraph at lines 8--13

 []

[95]
Underfull \hbox (badness 10000) detected at line 51
[][][]
 []


Underfull \hbox (badness 10000) detected at line 54
[][][]
 []

) (./move_8h.tex
Underfull \hbox (badness 2790) in paragraph at lines 1--1
[]\T1/phv/bc/n/14.4 /home/michael/[]Documents/[]Projects/[]C++/[]Chess-[]Engine
/include/move.h File Ref-er-
 []


Underfull \hbox (badness 10000) in paragraph at lines 8--9

 []

pdfTeX warning (ext4): destination with the same identifier (name{namespaceMove
Flags_a7a96b11dd0c3e88e0ce9b72b54c84c41}) has been already used, duplicate igno
red
<to be read again> 
                   \relax 
l.24 ...eFlags_a7a96b11dd0c3e88e0ce9b72b54c84c41}}
                                                   [96]pdfTeX warning (ext4): d
estination with the same identifier (name{namespaceMoveFlags_ab067b1a070bcf23ae
247e186f3757316}) has been already used, duplicate ignored
<to be read again> 
                   \relax 
l.27 ...eFlags_ab067b1a070bcf23ae247e186f3757316}}
                                                  pdfTeX warning (ext4): destin
ation with the same identifier (name{namespaceMoveFlags_af572962024bd7c9c20330c
c3bdd8d866}) has been already used, duplicate ignored
<to be read again> 
                   \relax 
l.30 ...eFlags_af572962024bd7c9c20330cc3bdd8d866}}
                                                  pdfTeX warning (ext4): destin
ation with the same identifier (name{namespaceMoveFlags_a9f31abaa59188bb5e9126e
6c9374a3e7}) has been already used, duplicate ignored
<to be read again> 
                   \relax 
l.33 ...eFlags_a9f31abaa59188bb5e9126e6c9374a3e7}}
                                                  pdfTeX warning (ext4): destin
ation with the same identifier (name{namespaceMoveFlags_aa3cdd7b76b32e036a19032
8e9ed62612}) has been already used, duplicate ignored
<to be read again> 
                   \relax 
l.36 ...eFlags_aa3cdd7b76b32e036a190328e9ed62612}}
                                                  pdfTeX warning (ext4): destin
ation with the same identifier (name{namespaceMoveFlags_ae7a9b4000dcdee40996b92
83eb329fda}) has been already used, duplicate ignored
<to be read again> 
                   \relax 
l.39 ...eFlags_ae7a9b4000dcdee40996b9283eb329fda}}
                                                  
Underfull \hbox (badness 10000) detected at line 47
[][][]
 []


Underfull \hbox (badness 10000) detected at line 50
[][][]
 []

) (./movelist_8h.tex
Underfull \hbox (badness 10000) in paragraph at lines 8--11

 []

pdfTeX warning (ext4): destination with the same identifier (name{namespaceMvvL
va_a105cf120f19fbd3d0e7820521aaadf0c}) has been already used, duplicate ignored

<to be read again> 
                   \relax 
l.24 ...MvvLva_a105cf120f19fbd3d0e7820521aaadf0c}}
                                                  pdfTeX warning (ext4): destin
ation with the same identifier (name{namespaceMvvLva_aa69f18e6e9edabdc70086bd7e
3fe7c46}) has been already used, duplicate ignored
<to be read again> 
                   \relax 
l.27 ...MvvLva_aa69f18e6e9edabdc70086bd7e3fe7c46}}
                                                  
Underfull \hbox (badness 10000) detected at line 35
[][][]
 []

[97]
Underfull \hbox (badness 10000) detected at line 38
[][][]
 []

) (./movemaker_8h.tex
Underfull \hbox (badness 10000) in paragraph at lines 1--1
[]\T1/phv/bc/n/14.4 /home/michael/[]Documents/[]Projects/[]C++/[]Chess-[]Engine
/include/movemaker.h File
 []


Underfull \hbox (badness 10000) in paragraph at lines 8--10

 []


Underfull \hbox (badness 10000) detected at line 25
[][][]
 []


Underfull \hbox (badness 10000) detected at line 28
[][][]
 []

[98]) (./polyglot_8h.tex
Underfull \hbox (badness 795) in paragraph at lines 1--1
[]\T1/phv/bc/n/14.4 /home/michael/[]Documents/[]Projects/[]C++/[]Chess-[]Engine
/include/polyglot.h File Ref-
 []


Underfull \hbox (badness 10000) in paragraph at lines 8--10

 []


Underfull \hbox (badness 10000) detected at line 22
[][][]
 []


Underfull \hbox (badness 10000) detected at line 25
[][][]
 []

) (./polyglotkeys_8h.tex
Underfull \hbox (badness 6708) in paragraph at lines 1--1
[]\T1/phv/bc/n/14.4 /home/michael/[]Documents/[]Projects/[]C++/[]Chess-[]Engine
/include/polyglotkeys.h File
 []


Underfull \hbox (badness 10000) in paragraph at lines 8--9

 []

[99]pdfTeX warning (ext4): destination with the same identifier (name{namespace
PolyKeys_a73b985817b2e7128911882709e3bed18}) has been already used, duplicate i
gnored
<to be read again> 
                   \relax 
l.23 ...lyKeys_a73b985817b2e7128911882709e3bed18}}
                                                  
Underfull \hbox (badness 10000) detected at line 31
[][][]
 []


Underfull \hbox (badness 10000) detected at line 34
[][][]
 []

) (./protocol_8h.tex
Underfull \hbox (badness 10000) in paragraph at lines 8--12

 []


Underfull \hbox (badness 10000) detected at line 22
[][][]
 []

[100]
Underfull \hbox (badness 10000) detected at line 25
[][][]
 []

) (./pvtable_8h.tex
Underfull \hbox (badness 10000) in paragraph at lines 8--11

 []


Underfull \hbox (badness 10000) detected at line 23
[][][]
 []


Underfull \hbox (badness 10000) detected at line 26
[][][]
 []

) (./search_8h.tex
Underfull \hbox (badness 10000) in paragraph at lines 8--14

 []

[101]
Underfull \hbox (badness 10000) detected at line 24
[][][]
 []


Underfull \hbox (badness 10000) detected at line 27
[][][]
 []

) (./searchinfo_8h.tex
Underfull \hbox (badness 10000) in paragraph at lines 1--1
[]\T1/phv/bc/n/14.4 /home/michael/[]Documents/[]Projects/[]C++/[]Chess-[]Engine
/include/searchinfo.h File
 []


Underfull \hbox (badness 10000) detected at line 18
[][][]
 []


Underfull \hbox (badness 10000) detected at line 21
[][][]
 []

) (./stopwatch_8h.tex
Underfull \hbox (badness 10000) in paragraph at lines 1--1
[]\T1/phv/bc/n/14.4 /home/michael/[]Documents/[]Projects/[]C++/[]Chess-[]Engine
/include/stopwatch.h File
 []


Underfull \hbox (badness 10000) in paragraph at lines 8--10

 []


Underfull \hbox (badness 10000) detected at line 20
[][][]
 []

[102]
Underfull \hbox (badness 10000) detected at line 23
[][][]
 []

) (./tester_8h.tex
Underfull \hbox (badness 2384) in paragraph at lines 1--1
[]\T1/phv/bc/n/14.4 /home/michael/[]Documents/[]Projects/[]C++/[]Chess-[]Engine
/include/tester.h File Ref-er-
 []


Underfull \hbox (badness 10000) in paragraph at lines 8--10

 []


Underfull \hbox (badness 10000) detected at line 20
[][][]
 []


Underfull \hbox (badness 10000) detected at line 23
[][][]
 []

) (./uci_8h.tex
Underfull \hbox (badness 10000) in paragraph at lines 8--10

 []

[103]
Underfull \hbox (badness 10000) detected at line 20
[][][]
 []


Underfull \hbox (badness 10000) detected at line 23
[][][]
 []

) (./utils_8h.tex
Underfull \hbox (badness 10000) in paragraph at lines 1--1
[]\T1/phv/bc/n/14.4 /home/michael/[]Documents/[]Projects/[]C++/[]Chess-[]Engine
/include/utils.h File Ref-er-
 []


Underfull \hbox (badness 10000) in paragraph at lines 8--13

 []

[104]
Underfull \hbox (badness 10000) detected at line 56
[][][]
 []


Underfull \hbox (badness 10000) detected at line 59
[][][]
 []


Underfull \hbox (badness 10000) detected at line 82
[][][]
 []

[105]
Underfull \hbox (badness 10000) detected at line 100
[][][]
 []


Underfull \hbox (badness 10000) detected at line 122
[][][]
 []


Underfull \hbox (badness 10000) detected at line 140
[][][]
 []

[106]
Underfull \hbox (badness 10000) detected at line 162
[][][]
 []


Underfull \hbox (badness 10000) detected at line 186
[][][]
 []

[107]
Underfull \hbox (badness 10000) detected at line 208
[][][]
 []


Underfull \hbox (badness 10000) detected at line 230
[][][]
 []


Underfull \hbox (badness 10000) detected at line 252
[][][]
 []

[108]) (./xboard_8h.tex
Underfull \hbox (badness 10000) in paragraph at lines 8--9

 []


Underfull \hbox (badness 10000) detected at line 19
[][][]
 []


Underfull \hbox (badness 10000) detected at line 22
[][][]
 []

) (./bitboard_8cc.tex
Underfull \hbox (badness 4024) in paragraph at lines 1--1
[]\T1/phv/bc/n/14.4 /home/michael/[]Documents/[]Projects/[]C++/[]Chess-[]Engine
/src/bitboard.cc File Ref-er-
 []


Underfull \hbox (badness 10000) in paragraph at lines 8--12

 []

[109]
Underfull \hbox (badness 10000) detected at line 17
[][][]
 []


Underfull \hbox (badness 10000) detected at line 20
[][][]
 []

) (./board_8cc.tex
Underfull \hbox (badness 10000) in paragraph at lines 8--18

 []


Underfull \hbox (badness 10000) detected at line 23
[][][]
 []


Underfull \hbox (badness 10000) detected at line 26
[][][]
 []

) (./console_8cc.tex
Underfull \hbox (badness 6300) in paragraph at lines 1--1
[]\T1/phv/bc/n/14.4 /home/michael/[]Documents/[]Projects/[]C++/[]Chess-[]Engine
/src/console.cc File Ref-er-
 []


Underfull \hbox (badness 10000) in paragraph at lines 8--18

 []

[110]
Underfull \hbox (badness 10000) detected at line 23
[][][]
 []


Underfull \hbox (badness 10000) detected at line 26
[][][]
 []

) (./engine_8cc.tex
Underfull \hbox (badness 10000) in paragraph at lines 8--16

 []


Underfull \hbox (badness 10000) detected at line 21
[][][]
 []


Underfull \hbox (badness 10000) detected at line 24
[][][]
 []

) (./eval_8cc.tex
Underfull \hbox (badness 10000) in paragraph at lines 8--13

 []

[111]
Underfull \hbox (badness 10000) detected at line 18
[][][]
 []


Underfull \hbox (badness 10000) detected at line 21
[][][]
 []

) (./hash_8cc.tex
Underfull \hbox (badness 10000) in paragraph at lines 8--12

 []


Underfull \hbox (badness 10000) detected at line 17
[][][]
 []


Underfull \hbox (badness 10000) detected at line 20
[][][]
 []

) (./init_8cc.tex
Underfull \hbox (badness 10000) in paragraph at lines 8--18

 []

[112]
Underfull \hbox (badness 10000) detected at line 30
[][][]
 []


Underfull \hbox (badness 10000) detected at line 33
[][][]
 []

) (./io_8cc.tex
Underfull \hbox (badness 10000) in paragraph at lines 8--18

 []


Underfull \hbox (badness 10000) detected at line 23
[][][]
 []

[113]
Underfull \hbox (badness 10000) detected at line 26
[][][]
 []

) (./main_8cc.tex
Underfull \hbox (badness 10000) in paragraph at lines 8--14

 []


Underfull \hbox (badness 10000) detected at line 28
[][][]
 []


Underfull \hbox (badness 10000) detected at line 31
[][][]
 []

) (./move_8cc.tex
Underfull \hbox (badness 10000) in paragraph at lines 8--15

 []

[114]
Underfull \hbox (badness 10000) detected at line 20
[][][]
 []


Underfull \hbox (badness 10000) detected at line 23
[][][]
 []

) (./movelist_8cc.tex
Underfull \hbox (badness 3449) in paragraph at lines 1--1
[]\T1/phv/bc/n/14.4 /home/michael/[]Documents/[]Projects/[]C++/[]Chess-[]Engine
/src/movelist.cc File Ref-er-
 []


Underfull \hbox (badness 10000) in paragraph at lines 8--14

 []


Underfull \hbox (badness 10000) detected at line 19
[][][]
 []


Underfull \hbox (badness 10000) detected at line 22
[][][]
 []

) (./movemaker_8cc.tex
Underfull \hbox (badness 10000) in paragraph at lines 8--17

 []

[115]
Underfull \hbox (badness 10000) detected at line 22
[][][]
 []


Underfull \hbox (badness 10000) detected at line 25
[][][]
 []

) (./polyglot_8cc.tex
Underfull \hbox (badness 5260) in paragraph at lines 1--1
[]\T1/phv/bc/n/14.4 /home/michael/[]Documents/[]Projects/[]C++/[]Chess-[]Engine
/src/polyglot.cc File Ref-er-
 []


Underfull \hbox (badness 10000) in paragraph at lines 8--18

 []


Underfull \hbox (badness 10000) detected at line 23
[][][]
 []


Underfull \hbox (badness 10000) detected at line 26
[][][]
 []

) (./pvtable_8cc.tex
Underfull \hbox (badness 10000) in paragraph at lines 1--1
[]\T1/phv/bc/n/14.4 /home/michael/[]Documents/[]Projects/[]C++/[]Chess-[]Engine
/src/pvtable.cc File Ref-er-
 []


Underfull \hbox (badness 10000) in paragraph at lines 8--15

 []

[116]
Underfull \hbox (badness 10000) detected at line 20
[][][]
 []


Underfull \hbox (badness 10000) detected at line 23
[][][]
 []

) (./search_8cc.tex
Underfull \hbox (badness 10000) in paragraph at lines 8--19

 []


Underfull \hbox (badness 10000) detected at line 24
[][][]
 []


Underfull \hbox (badness 10000) detected at line 27
[][][]
 []

) (./stopwatch_8cc.tex
Underfull \hbox (badness 10000) in paragraph at lines 8--9

 []


Underfull \hbox (badness 10000) detected at line 14
[][][]
 []

[117]
Underfull \hbox (badness 10000) detected at line 17
[][][]
 []

) (./tester_8cc.tex
Underfull \hbox (badness 10000) in paragraph at lines 8--17

 []


Underfull \hbox (badness 10000) detected at line 22
[][][]
 []


Underfull \hbox (badness 10000) detected at line 25
[][][]
 []

) (./uci_8cc.tex
Underfull \hbox (badness 10000) in paragraph at lines 8--17

 []

[118]
Underfull \hbox (badness 10000) detected at line 22
[][][]
 []


Underfull \hbox (badness 10000) detected at line 25
[][][]
 []

) (./utils_8cc.tex
Underfull \hbox (badness 10000) in paragraph at lines 8--23

 []

[119]
Underfull \hbox (badness 10000) detected at line 51
[][][]
 []


Underfull \hbox (badness 10000) detected at line 54
[][][]
 []


Underfull \hbox (badness 10000) detected at line 75
[][][]
 []


Underfull \hbox (badness 10000) detected at line 97
[][][]
 []

[120]
Underfull \hbox (badness 10000) detected at line 119
[][][]
 []


Underfull \hbox (badness 10000) detected at line 143
[][][]
 []

[121]
Underfull \hbox (badness 10000) detected at line 165
[][][]
 []


Underfull \hbox (badness 10000) detected at line 187
[][][]
 []


Underfull \hbox (badness 10000) detected at line 209
[][][]
 []

) (./xboard_8cc.tex
Underfull \hbox (badness 10000) in paragraph at lines 1--1
[]\T1/phv/bc/n/14.4 /home/michael/[]Documents/[]Projects/[]C++/[]Chess-[]Engine
/src/xboard.cc File Ref-er-
 []

[122]
Underfull \hbox (badness 10000) in paragraph at lines 8--15

 []


Underfull \hbox (badness 10000) detected at line 20
[][][]
 []


Underfull \hbox (badness 10000) detected at line 23
[][][]
 []

) [123] [124

] (./refman.ind
Underfull \hbox (badness 10000) in paragraph at lines 3--5
[]\T1/phv/m/n/10 /home/michael/[]Documents/[]Projects/[]C++/[]Chess-[]
 []


Underfull \hbox (badness 10000) in paragraph at lines 5--7
[]\T1/phv/m/n/10 /home/michael/[]Documents/[]Projects/[]C++/[]Chess-[]
 []


Underfull \hbox (badness 10000) in paragraph at lines 7--9
[]\T1/phv/m/n/10 /home/michael/[]Documents/[]Projects/[]C++/[]Chess-[]
 []


Underfull \hbox (badness 10000) in paragraph at lines 9--11
[]\T1/phv/m/n/10 /home/michael/[]Documents/[]Projects/[]C++/[]Chess-[]
 []


Underfull \hbox (badness 10000) in paragraph at lines 11--13
[]\T1/phv/m/n/10 /home/michael/[]Documents/[]Projects/[]C++/[]Chess-[]
 []


Underfull \hbox (badness 10000) in paragraph at lines 13--15
[]\T1/phv/m/n/10 /home/michael/[]Documents/[]Projects/[]C++/[]Chess-[]
 []


Underfull \hbox (badness 10000) in paragraph at lines 15--17
[]\T1/phv/m/n/10 /home/michael/[]Documents/[]Projects/[]C++/[]Chess-[]
 []


Underfull \hbox (badness 10000) in paragraph at lines 17--19
[]\T1/phv/m/n/10 /home/michael/[]Documents/[]Projects/[]C++/[]Chess-[]
 []


Underfull \hbox (badness 10000) in paragraph at lines 19--21
[]\T1/phv/m/n/10 /home/michael/[]Documents/[]Projects/[]C++/[]Chess-[]
 []


Underfull \hbox (badness 10000) in paragraph at lines 21--23
[]\T1/phv/m/n/10 /home/michael/[]Documents/[]Projects/[]C++/[]Chess-[]
 []


Underfull \hbox (badness 10000) in paragraph at lines 23--25
[]\T1/phv/m/n/10 /home/michael/[]Documents/[]Projects/[]C++/[]Chess-[]
 []


Underfull \hbox (badness 10000) in paragraph at lines 25--27
[]\T1/phv/m/n/10 /home/michael/[]Documents/[]Projects/[]C++/[]Chess-[]
 []


Underfull \hbox (badness 10000) in paragraph at lines 27--29
[]\T1/phv/m/n/10 /home/michael/[]Documents/[]Projects/[]C++/[]Chess-[]
 []


Underfull \hbox (badness 10000) in paragraph at lines 29--31
[]\T1/phv/m/n/10 /home/michael/[]Documents/[]Projects/[]C++/[]Chess-[]
 []


Underfull \hbox (badness 10000) in paragraph at lines 31--33
[]\T1/phv/m/n/10 /home/michael/[]Documents/[]Projects/[]C++/[]Chess-[]
 []


Underfull \hbox (badness 10000) in paragraph at lines 33--35
[]\T1/phv/m/n/10 /home/michael/[]Documents/[]Projects/[]C++/[]Chess-[]
 []


Underfull \hbox (badness 10000) in paragraph at lines 35--37
[]\T1/phv/m/n/10 /home/michael/[]Documents/[]Projects/[]C++/[]Chess-[]
 []


Underfull \hbox (badness 10000) in paragraph at lines 37--39
[]\T1/phv/m/n/10 /home/michael/[]Documents/[]Projects/[]C++/[]Chess-[]
 []


Underfull \hbox (badness 10000) in paragraph at lines 39--41
[]\T1/phv/m/n/10 /home/michael/[]Documents/[]Projects/[]C++/[]Chess-[]
 []


Underfull \hbox (badness 10000) in paragraph at lines 41--43
[]\T1/phv/m/n/10 /home/michael/[]Documents/[]Projects/[]C++/[]Chess-[]
 []


Underfull \hbox (badness 10000) in paragraph at lines 43--45
[]\T1/phv/m/n/10 /home/michael/[]Documents/[]Projects/[]C++/[]Chess-[]
 []


Underfull \hbox (badness 10000) in paragraph at lines 45--47
[]\T1/phv/m/n/10 /home/michael/[]Documents/[]Projects/[]C++/[]Chess-[]
 []


Underfull \hbox (badness 10000) in paragraph at lines 47--49
[]\T1/phv/m/n/10 /home/michael/[]Documents/[]Projects/[]C++/[]Chess-[]
 []


Underfull \hbox (badness 10000) in paragraph at lines 49--51
[]\T1/phv/m/n/10 /home/michael/[]Documents/[]Projects/[]C++/[]Chess-[]
 []


Underfull \hbox (badness 10000) in paragraph at lines 51--53
[]\T1/phv/m/n/10 /home/michael/[]Documents/[]Projects/[]C++/[]Chess-[]
 []


Underfull \hbox (badness 10000) in paragraph at lines 53--55
[]\T1/phv/m/n/10 /home/michael/[]Documents/[]Projects/[]C++/[]Chess-[]
 []


Underfull \hbox (badness 10000) in paragraph at lines 55--57
[]\T1/phv/m/n/10 /home/michael/[]Documents/[]Projects/[]C++/[]Chess-[]
 []


Underfull \hbox (badness 10000) in paragraph at lines 57--59
[]\T1/phv/m/n/10 /home/michael/[]Documents/[]Projects/[]C++/[]Chess-[]
 []


Underfull \hbox (badness 10000) in paragraph at lines 59--61
[]\T1/phv/m/n/10 /home/michael/[]Documents/[]Projects/[]C++/[]Chess-[]
 []


Underfull \hbox (badness 10000) in paragraph at lines 61--63
[]\T1/phv/m/n/10 /home/michael/[]Documents/[]Projects/[]C++/[]Chess-[]
 []


Underfull \hbox (badness 10000) in paragraph at lines 63--65
[]\T1/phv/m/n/10 /home/michael/[]Documents/[]Projects/[]C++/[]Chess-[]
 []


Underfull \hbox (badness 10000) in paragraph at lines 65--67
[]\T1/phv/m/n/10 /home/michael/[]Documents/[]Projects/[]C++/[]Chess-[]
 []


Underfull \hbox (badness 10000) in paragraph at lines 67--69
[]\T1/phv/m/n/10 /home/michael/[]Documents/[]Projects/[]C++/[]Chess-[]
 []


Underfull \hbox (badness 10000) in paragraph at lines 69--71
[]\T1/phv/m/n/10 /home/michael/[]Documents/[]Projects/[]C++/[]Chess-[]
 []


Underfull \hbox (badness 10000) in paragraph at lines 71--73
[]\T1/phv/m/n/10 /home/michael/[]Documents/[]Projects/[]C++/[]Chess-[]
 []


Underfull \hbox (badness 10000) in paragraph at lines 73--75
[]\T1/phv/m/n/10 /home/michael/[]Documents/[]Projects/[]C++/[]Chess-[]
 []


Underfull \hbox (badness 10000) in paragraph at lines 75--77
[]\T1/phv/m/n/10 /home/michael/[]Documents/[]Projects/[]C++/[]Chess-[]
 []


Underfull \hbox (badness 10000) in paragraph at lines 77--79
[]\T1/phv/m/n/10 /home/michael/[]Documents/[]Projects/[]C++/[]Chess-[]
 []


Underfull \hbox (badness 10000) in paragraph at lines 79--81
[]\T1/phv/m/n/10 /home/michael/[]Documents/[]Projects/[]C++/[]Chess-[]
 []


Underfull \hbox (badness 10000) in paragraph at lines 81--83
[]\T1/phv/m/n/10 /home/michael/[]Documents/[]Projects/[]C++/[]Chess-[]
 []


Underfull \hbox (badness 10000) in paragraph at lines 83--85
[]\T1/phv/m/n/10 /home/michael/[]Documents/[]Projects/[]C++/[]Chess-[]
 []


Underfull \hbox (badness 10000) in paragraph at lines 85--87
[]\T1/phv/m/n/10 /home/michael/[]Documents/[]Projects/[]C++/[]Chess-[]
 []


Underfull \hbox (badness 10000) in paragraph at lines 87--89
[]\T1/phv/m/n/10 /home/michael/[]Documents/[]Projects/[]C++/[]Chess-[]
 []


Underfull \hbox (badness 10000) in paragraph at lines 89--91
[]\T1/phv/m/n/10 /home/michael/[]Documents/[]Projects/[]C++/[]Chess-[]
 []

[125


] [126] [127] [128] [129] [130

])
Package atveryend Info: Empty hook `BeforeClearDocument' on input line 233.
Package atveryend Info: Empty hook `AfterLastShipout' on input line 233.
 (./refman.aux)
Package atveryend Info: Executing hook `AtVeryEndDocument' on input line 233.
Package atveryend Info: Executing hook `AtEndAfterFileList' on input line 233.
Package rerunfilecheck Info: File `refman.out' has not changed.
(rerunfilecheck)             Checksum: AB98F453B56A5F1704D1C6DA6B6DB3D3;78478.


LaTeX Font Warning: Some font shapes were not available, defaults substituted.


LaTeX Warning: There were multiply-defined labels.

Package atveryend Info: Empty hook `AtVeryVeryEnd' on input line 233.
 ) 
Here is how much of TeX's memory you used:
 16906 strings out of 492642
 264381 string characters out of 6129370
 346938 words of memory out of 5000000
 19279 multiletter control sequences out of 15000+600000
 68627 words of font info for 89 fonts, out of 8000000 for 9000
 1141 hyphenation exceptions out of 8191
 53i,16n,92p,765b,633s stack positions out of 5000i,500n,10000p,200000b,80000s
pdfTeX warning (dest): name{utils_8h_a57c9db3929335f073c630b7447c3246c} has b
een referenced but does not exist, replaced by a fixed one

pdfTeX warning (dest): name{bitboard_8h_a0acc37f2676f5477b3ae05b694d6de80} has 
been referenced but does not exist, replaced by a fixed one

pdfTeX warning (dest): name{bitboard_8h_a0b7cfd66f113184ea3448d59e18e1a8b} has 
been referenced but does not exist, replaced by a fixed one

pdfTeX warning (dest): name{bitboard_8h_aaf574afbd59d42b7ffc4acc32837d2f4} has 
been referenced but does not exist, replaced by a fixed one

pdfTeX warning (dest): name{bitboard_8h_ae9ac6d5ba9f117b648a13a99374e13b9} has 
been referenced but does not exist, replaced by a fixed one

pdfTeX warning (dest): name{bitboard_8h_a64427fd1eee98a36ce930f3a236d1274} has 
been referenced but does not exist, replaced by a fixed one

{/usr/local/texlive/2018/texmf-dist/fonts/enc/dvips/base/8r.enc}</usr/local/tex
live/2018/texmf-dist/fonts/type1/public/amsfonts/cm/cmmi10.pfb></usr/local/texl
ive/2018/texmf-dist/fonts/type1/public/amsfonts/cm/cmmi7.pfb></usr/local/texliv
e/2018/texmf-dist/fonts/type1/public/amsfonts/cm/cmmi8.pfb></usr/local/texlive/
2018/texmf-dist/fonts/type1/public/amsfonts/cm/cmsy10.pfb></usr/local/texlive/2
018/texmf-dist/fonts/type1/public/amsfonts/cm/cmsy7.pfb></usr/local/texlive/201
8/texmf-dist/fonts/type1/urw/courier/ucrr8a.pfb></usr/local/texlive/2018/texmf-
dist/fonts/type1/urw/courier/ucrro8a.pfb></usr/local/texlive/2018/texmf-dist/fo
nts/type1/urw/helvetic/uhvb8a.pfb></usr/local/texlive/2018/texmf-dist/fonts/typ
e1/urw/helvetic/uhvb8ac.pfb></usr/local/texlive/2018/texmf-dist/fonts/type1/urw
/helvetic/uhvr8a.pfb></usr/local/texlive/2018/texmf-dist/fonts/type1/urw/helvet
ic/uhvro8a.pfb>
Output written on refman.pdf (144 pages, 399529 bytes).
PDF statistics:
 4446 PDF objects out of 5155 (max. 8388607)
 4236 compressed objects within 43 object streams
 1127 named destinations out of 1200 (max. 500000)
 2701 words of extra memory for PDF output out of 10000 (max. 10000000)

