Engine-Match 27 December 2018 23:21:05
 4 Seconds 

Pairing 1/1 :    New engine  -  New engine [001]

PGN-File: /home/michael/Tournaments/Arena.pgn

No:  B/W 1/2     W:B       1:2           Time        Value Moves Dep 1:2       1-2-Draws
   1 * *     0.0:0.0        0.0:0.0       23:21:21    -0.00     0 0:0 0-0-0

--------------------------------------------------------------

Engine-Match 27 December 2018 23:28:08
 Blitz 3/6 

Pairing 1/1 :    ce  -  Nero

PGN-File: /home/michael/Tournaments/Arena.pgn

No:  B/W 1/2     W:B       1:2           Time        Value Moves Dep 1:2       1-2-Draws

--------------------------------------------------------------

Engine-Match 27 December 2018 23:32:12
 Blitz 3/6 

Pairing 1/1 :    ce  -  AICE Linux

PGN-File: /home/michael/Tournaments/Arena.pgn

No:  B/W 1/2     W:B       1:2           Time        Value Moves Dep 1:2       1-2-Draws

--------------------------------------------------------------

Engine-Match 27 December 2018 23:33:24
 Blitz 3/6 

Pairing 1/1 :    ce  -  AICE Linux

PGN-File: /home/michael/Tournaments/Arena.pgn

No:  B/W 1/2     W:B       1:2           Time        Value Moves Dep 1:2       1-2-Draws

--------------------------------------------------------------

Engine-Match 27 December 2018 23:39:21
 Blitz 3/6 

Pairing 1/1 :    ce  -  Nero

PGN-File: /home/michael/Tournaments/Arena.pgn

No:  B/W 1/2     W:B       1:2           Time        Value Moves Dep 1:2       1-2-Draws

--------------------------------------------------------------

Engine-Match 27 December 2018 23:42:05
 Blitz 3/6 

Pairing 1/1 :    ce  -  Nero

PGN-File: /home/michael/Tournaments/Arena.pgn

No:  B/W 1/2     W:B       1:2           Time        Value Moves Dep 1:2       1-2-Draws
